2024-02-19 15:40:18.518 | INFO     | __main__:build:23 - Start work build function.

2024-02-19 15:40:18.518 | INFO     | init.init_docker:start:40 - Start work init_docker function.

#1 [internal] load build definition from Dockerfile
#1 DONE 0.0s

#1 [internal] load build definition from Dockerfile
#1 transferring dockerfile: 1.63kB done
#1 DONE 0.0s

#2 [internal] load .dockerignore
#2 transferring context: 2B done
#2 DONE 0.0s

#3 [internal] load metadata for docker.io/library/ubuntu:latest
#3 DONE 1.3s

#4 [1/8] FROM docker.io/library/ubuntu:latest@sha256:f9d633ff6640178c2d0525017174a688e2c1aef28f0a0130b26bd5554491f0da
#4 DONE 0.0s

#5 [internal] load build context
#5 transferring context: 2.82kB done
#5 DONE 0.0s

#6 [2/8] RUN apt update &&     apt-get -y install firefox &&     apt-get install -y wget &&     apt-get install -y openjdk-11-jdk &&     apt-get install -y --no-install-recommends software-properties-common &&     apt-get install -y --no-install-recommends gpg-agent &&     add-apt-repository ppa:deadsnakes/ppa &&     apt-get install -y --no-install-recommends python3.11 &&     apt-get install -y --no-install-recommends python3-pip &&     apt-get install -y --no-install-recommends python3.11-venv &&     apt-get install -y openssh-server unzip curl &&     service ssh start &&     apt install -y sudo &&     apt-get install -y --no-install-recommends python3.11 &&     apt-get clean &&     rm -rf /var/lib/apt/lists/*
#6 CACHED

#7 [3/8] RUN update-alternatives --install /usr/bin/python3 python3 /usr/bin/python3.11 1
#7 CACHED

#8 [4/8] RUN wget https://dlcdn.apache.org/hadoop/common/hadoop-3.3.6/hadoop-3.3.6.tar.gz &&     tar -xvzf hadoop-3.3.6.tar.gz &&     mv hadoop-3.3.6 /usr/local/hadoop
#8 CACHED

#9 [5/8] RUN wget https://www.apache.org/dist/spark/spark-3.5.0/spark-3.5.0-bin-hadoop3.tgz &&     tar -xvzf spark-3.5.0-bin-hadoop3.tgz &&     mv spark-3.5.0-bin-hadoop3 /usr/local/spark
#9 CACHED

#10 [6/8] COPY /app /app
#10 DONE 0.1s

#11 [7/8] WORKDIR /app
#11 DONE 0.1s

#12 [8/8] RUN pip3 install -r requirements.txt
#12 3.973 Collecting pydantic==2.5.3
#12 4.246   Downloading pydantic-2.5.3-py3-none-any.whl (381 kB)
#12 4.432      ━━━━━━━━━━━━━━━━━━━━━━━━━━━━━━━━━━━━━━━ 381.9/381.9 KB 2.1 MB/s eta 0:00:00
#12 4.560 Collecting fastapi==0.105.0
#12 4.621   Downloading fastapi-0.105.0-py3-none-any.whl (93 kB)
#12 4.633      ━━━━━━━━━━━━━━━━━━━━━━━━━━━━━━━━━━━━━━━━ 93.1/93.1 KB 8.7 MB/s eta 0:00:00
#12 4.725 Collecting redis==5.0.1
#12 4.788   Downloading redis-5.0.1-py3-none-any.whl (250 kB)
#12 4.813      ━━━━━━━━━━━━━━━━━━━━━━━━━━━━━━━━━━━━━━ 250.3/250.3 KB 10.9 MB/s eta 0:00:00
#12 4.878 Collecting pyspark==3.5.0
#12 4.980   Downloading pyspark-3.5.0.tar.gz (316.9 MB)
#12 55.72      ━━━━━━━━━━━━━━━━━━━━━━━━━━━━━━━━━━━━━ 316.9/316.9 MB 410.8 kB/s eta 0:00:00
#12 59.40   Preparing metadata (setup.py): started
#12 59.81   Preparing metadata (setup.py): finished with status 'done'
#12 59.98 Collecting pyarrow==15.0.0
#12 60.05   Downloading pyarrow-15.0.0-cp311-cp311-manylinux_2_28_x86_64.whl (38.3 MB)
#12 62.94      ━━━━━━━━━━━━━━━━━━━━━━━━━━━━━━━━━━━━━━━━ 38.3/38.3 MB 12.3 MB/s eta 0:00:00
#12 63.15 Collecting confluent-kafka==2.3.0
#12 63.22   Downloading confluent_kafka-2.3.0-cp311-cp311-manylinux_2_17_x86_64.manylinux2014_x86_64.whl (4.0 MB)
#12 63.54      ━━━━━━━━━━━━━━━━━━━━━━━━━━━━━━━━━━━━━━━━ 4.0/4.0 MB 12.7 MB/s eta 0:00:00
#12 63.66 Collecting aiokafka==0.10.0
#12 63.72   Downloading aiokafka-0.10.0-cp311-cp311-manylinux_2_17_x86_64.manylinux2014_x86_64.whl (1.1 MB)
#12 63.82      ━━━━━━━━━━━━━━━━━━━━━━━━━━━━━━━━━━━━━━━━ 1.1/1.1 MB 11.9 MB/s eta 0:00:00
#12 63.92 Collecting imageio==2.33.1
#12 63.98   Downloading imageio-2.33.1-py3-none-any.whl (313 kB)
#12 64.01      ━━━━━━━━━━━━━━━━━━━━━━━━━━━━━━━━━━━━━━ 313.3/313.3 KB 13.3 MB/s eta 0:00:00
#12 64.07 Collecting loguru==0.7.2
#12 64.14   Downloading loguru-0.7.2-py3-none-any.whl (62 kB)
#12 64.15      ━━━━━━━━━━━━━━━━━━━━━━━━━━━━━━━━━━━━━━━━ 62.5/62.5 KB 6.6 MB/s eta 0:00:00
#12 64.22 Collecting msgpack_numpy==0.4.8
#12 64.28   Downloading msgpack_numpy-0.4.8-py2.py3-none-any.whl (6.9 kB)
#12 64.37 Collecting uvicorn==0.27.1
#12 64.43   Downloading uvicorn-0.27.1-py3-none-any.whl (60 kB)
#12 64.44      ━━━━━━━━━━━━━━━━━━━━━━━━━━━━━━━━━━━━━━━━ 60.8/60.8 KB 7.7 MB/s eta 0:00:00
#12 64.52 Collecting yolov5==7.0.13
#12 64.58   Downloading yolov5-7.0.13-py37.py38.py39.py310-none-any.whl (953 kB)
#12 64.66      ━━━━━━━━━━━━━━━━━━━━━━━━━━━━━━━━━━━━━━ 953.4/953.4 KB 11.8 MB/s eta 0:00:00
#12 64.76 Collecting grpcio_status==1.60.0
#12 64.83   Downloading grpcio_status-1.60.0-py3-none-any.whl (14 kB)
#12 65.96 Collecting pydantic-core==2.14.6
#12 66.02   Downloading pydantic_core-2.14.6-cp311-cp311-manylinux_2_17_x86_64.manylinux2014_x86_64.whl (2.1 MB)
#12 66.19      ━━━━━━━━━━━━━━━━━━━━━━━━━━━━━━━━━━━━━━━━ 2.1/2.1 MB 12.4 MB/s eta 0:00:00
#12 66.26 Collecting annotated-types>=0.4.0
#12 66.32   Downloading annotated_types-0.6.0-py3-none-any.whl (12 kB)
#12 66.39 Collecting typing-extensions>=4.6.1
#12 66.45   Downloading typing_extensions-4.9.0-py3-none-any.whl (32 kB)
#12 66.55 Collecting anyio<4.0.0,>=3.7.1
#12 66.61   Downloading anyio-3.7.1-py3-none-any.whl (80 kB)
#12 66.62      ━━━━━━━━━━━━━━━━━━━━━━━━━━━━━━━━━━━━━━━━ 80.9/80.9 KB 7.7 MB/s eta 0:00:00
#12 66.73 Collecting starlette<0.28.0,>=0.27.0
#12 66.79   Downloading starlette-0.27.0-py3-none-any.whl (66 kB)
#12 66.80      ━━━━━━━━━━━━━━━━━━━━━━━━━━━━━━━━━━━━━━━━ 67.0/67.0 KB 11.1 MB/s eta 0:00:00
#12 66.88 Collecting py4j==0.10.9.7
#12 66.94   Downloading py4j-0.10.9.7-py2.py3-none-any.whl (200 kB)
#12 66.96      ━━━━━━━━━━━━━━━━━━━━━━━━━━━━━━━━━━━━━━ 200.5/200.5 KB 10.7 MB/s eta 0:00:00
#12 67.32 Collecting numpy<2,>=1.16.6
#12 67.38   Downloading numpy-1.26.4-cp311-cp311-manylinux_2_17_x86_64.manylinux2014_x86_64.whl (18.3 MB)
#12 68.77      ━━━━━━━━━━━━━━━━━━━━━━━━━━━━━━━━━━━━━━━━ 18.3/18.3 MB 13.0 MB/s eta 0:00:00
#12 68.90 Collecting async-timeout
#12 68.98   Downloading async_timeout-4.0.3-py3-none-any.whl (5.7 kB)
#12 69.06 Collecting packaging
#12 69.12   Downloading packaging-23.2-py3-none-any.whl (53 kB)
#12 69.13      ━━━━━━━━━━━━━━━━━━━━━━━━━━━━━━━━━━━━━━━━ 53.0/53.0 KB 5.9 MB/s eta 0:00:00
#12 69.55 Collecting pillow>=8.3.2
#12 69.61   Downloading pillow-10.2.0-cp311-cp311-manylinux_2_28_x86_64.whl (4.5 MB)
#12 69.96      ━━━━━━━━━━━━━━━━━━━━━━━━━━━━━━━━━━━━━━━━ 4.5/4.5 MB 12.7 MB/s eta 0:00:00
#12 70.16 Collecting msgpack>=0.5.2
#12 70.22   Downloading msgpack-1.0.7-cp311-cp311-manylinux_2_17_x86_64.manylinux2014_x86_64.whl (557 kB)
#12 70.27      ━━━━━━━━━━━━━━━━━━━━━━━━━━━━━━━━━━━━━━ 558.0/558.0 KB 11.4 MB/s eta 0:00:00
#12 70.35 Collecting h11>=0.8
#12 70.41   Downloading h11-0.14.0-py3-none-any.whl (58 kB)
#12 70.42      ━━━━━━━━━━━━━━━━━━━━━━━━━━━━━━━━━━━━━━━━ 58.3/58.3 KB 7.9 MB/s eta 0:00:00
#12 70.50 Collecting click>=7.0
#12 70.56   Downloading click-8.1.7-py3-none-any.whl (97 kB)
#12 70.57      ━━━━━━━━━━━━━━━━━━━━━━━━━━━━━━━━━━━━━━━━ 97.9/97.9 KB 9.1 MB/s eta 0:00:00
#12 70.70 Collecting torch>=1.7.0
#12 70.76   Downloading torch-2.2.0-cp311-cp311-manylinux1_x86_64.whl (755.5 MB)
#12 167.0      ━━━━━━━━━━━━━━━━━━━━━━━━━━━━━━━━━━━━━━━━ 755.5/755.5 MB ? eta 0:00:00
#12 168.8 Collecting psutil
#12 168.9   Downloading psutil-5.9.8-cp36-abi3-manylinux_2_12_x86_64.manylinux2010_x86_64.manylinux_2_17_x86_64.manylinux2014_x86_64.whl (288 kB)
#12 169.0      ━━━━━━━━━━━━━━━━━━━━━━━━━━━━━━━━━━━━━━━ 288.2/288.2 KB 7.4 MB/s eta 0:00:00
#12 169.1 Collecting requests>=2.23.0
#12 169.1   Downloading requests-2.31.0-py3-none-any.whl (62 kB)
#12 169.1      ━━━━━━━━━━━━━━━━━━━━━━━━━━━━━━━━━━━━━━━━ 62.6/62.6 KB 4.2 MB/s eta 0:00:00
#12 169.3 Collecting ultralytics>=8.0.100
#12 169.4   Downloading ultralytics-8.1.15-py3-none-any.whl (715 kB)
#12 169.5      ━━━━━━━━━━━━━━━━━━━━━━━━━━━━━━━━━━━━━━━ 715.1/715.1 KB 8.4 MB/s eta 0:00:00
#12 169.6 Collecting sahi>=0.11.10
#12 169.7   Downloading sahi-0.11.15-py3-none-any.whl (105 kB)
#12 169.7      ━━━━━━━━━━━━━━━━━━━━━━━━━━━━━━━━━━━━━━━ 105.4/105.4 KB 4.9 MB/s eta 0:00:00
#12 169.8 Collecting tqdm>=4.64.0
#12 169.9   Downloading tqdm-4.66.2-py3-none-any.whl (78 kB)
#12 169.9      ━━━━━━━━━━━━━━━━━━━━━━━━━━━━━━━━━━━━━━━━ 78.3/78.3 KB 4.8 MB/s eta 0:00:00
#12 170.1 Collecting tensorboard>=2.4.1
#12 170.2   Downloading tensorboard-2.16.2-py3-none-any.whl (5.5 MB)
#12 170.6      ━━━━━━━━━━━━━━━━━━━━━━━━━━━━━━━━━━━━━━━━ 5.5/5.5 MB 12.4 MB/s eta 0:00:00
#12 170.8 Collecting torchvision>=0.8.1
#12 170.8   Downloading torchvision-0.17.0-cp311-cp311-manylinux1_x86_64.whl (6.9 MB)
#12 171.4      ━━━━━━━━━━━━━━━━━━━━━━━━━━━━━━━━━━━━━━━━ 6.9/6.9 MB 12.4 MB/s eta 0:00:00
#12 171.6 Collecting opencv-python>=4.1.1
#12 171.7   Downloading opencv_python-4.9.0.80-cp37-abi3-manylinux_2_17_x86_64.manylinux2014_x86_64.whl (62.2 MB)
#12 178.8      ━━━━━━━━━━━━━━━━━━━━━━━━━━━━━━━━━━━━━━━━ 62.2/62.2 MB 3.2 MB/s eta 0:00:00
#12 179.2 Collecting huggingface-hub>=0.12.0
#12 179.3   Downloading huggingface_hub-0.20.3-py3-none-any.whl (330 kB)
#12 179.5      ━━━━━━━━━━━━━━━━━━━━━━━━━━━━━━━━━━━━━━━ 330.1/330.1 KB 1.8 MB/s eta 0:00:00
#12 179.5 Collecting seaborn>=0.11.0
#12 179.6   Downloading seaborn-0.13.2-py3-none-any.whl (294 kB)
#12 179.7      ━━━━━━━━━━━━━━━━━━━━━━━━━━━━━━━━━━━━━━━ 294.9/294.9 KB 7.2 MB/s eta 0:00:00
#12 180.2 Collecting boto3>=1.19.1
#12 180.3   Downloading boto3-1.34.44-py3-none-any.whl (139 kB)
#12 180.3      ━━━━━━━━━━━━━━━━━━━━━━━━━━━━━━━━━━━━━━━ 139.3/139.3 KB 5.9 MB/s eta 0:00:00
#12 180.4 Collecting fire
#12 180.5   Downloading fire-0.5.0.tar.gz (88 kB)
#12 180.5      ━━━━━━━━━━━━━━━━━━━━━━━━━━━━━━━━━━━━━━━━ 88.3/88.3 KB 5.9 MB/s eta 0:00:00
#12 180.5   Preparing metadata (setup.py): started
#12 180.7   Preparing metadata (setup.py): finished with status 'done'
#12 180.9 Collecting pandas>=1.1.4
#12 181.0   Downloading pandas-2.2.0-cp311-cp311-manylinux_2_17_x86_64.manylinux2014_x86_64.whl (13.0 MB)
#12 182.0      ━━━━━━━━━━━━━━━━━━━━━━━━━━━━━━━━━━━━━━━━ 13.0/13.0 MB 12.6 MB/s eta 0:00:00
#12 182.1 Collecting gitpython>=3.1.30
#12 182.2   Downloading GitPython-3.1.42-py3-none-any.whl (195 kB)
#12 182.2      ━━━━━━━━━━━━━━━━━━━━━━━━━━━━━━━━━━━━━━━ 195.4/195.4 KB 7.7 MB/s eta 0:00:00
#12 182.3 Collecting roboflow>=0.2.29
#12 182.4   Downloading roboflow-1.1.19-py3-none-any.whl (70 kB)
#12 182.4      ━━━━━━━━━━━━━━━━━━━━━━━━━━━━━━━━━━━━━━━━ 70.2/70.2 KB 4.2 MB/s eta 0:00:00
#12 182.5 Collecting PyYAML>=5.3.1
#12 182.6   Downloading PyYAML-6.0.1-cp311-cp311-manylinux_2_17_x86_64.manylinux2014_x86_64.whl (757 kB)
#12 182.6      ━━━━━━━━━━━━━━━━━━━━━━━━━━━━━━━━━━━━━━ 757.7/757.7 KB 11.4 MB/s eta 0:00:00
#12 182.9 Collecting setuptools>=65.5.1
#12 183.0   Downloading setuptools-69.1.0-py3-none-any.whl (819 kB)
#12 183.0      ━━━━━━━━━━━━━━━━━━━━━━━━━━━━━━━━━━━━━━━ 819.3/819.3 KB 9.9 MB/s eta 0:00:00
#12 183.3 Collecting scipy>=1.4.1
#12 183.3   Downloading scipy-1.12.0-cp311-cp311-manylinux_2_17_x86_64.manylinux2014_x86_64.whl (38.4 MB)
#12 186.3      ━━━━━━━━━━━━━━━━━━━━━━━━━━━━━━━━━━━━━━━━ 38.4/38.4 MB 11.5 MB/s eta 0:00:00
#12 186.7 Collecting matplotlib>=3.3
#12 186.8   Downloading matplotlib-3.8.3-cp311-cp311-manylinux_2_17_x86_64.manylinux2014_x86_64.whl (11.6 MB)
#12 187.7      ━━━━━━━━━━━━━━━━━━━━━━━━━━━━━━━━━━━━━━━━ 11.6/11.6 MB 13.3 MB/s eta 0:00:00
#12 187.8 Collecting thop>=0.1.1
#12 187.8   Downloading thop-0.1.1.post2209072238-py3-none-any.whl (15 kB)
#12 188.7 Collecting grpcio>=1.60.0
#12 188.8   Downloading grpcio-1.60.1-cp311-cp311-manylinux_2_17_x86_64.manylinux2014_x86_64.whl (5.4 MB)
#12 189.2      ━━━━━━━━━━━━━━━━━━━━━━━━━━━━━━━━━━━━━━━━ 5.4/5.4 MB 13.1 MB/s eta 0:00:00
#12 189.3 Collecting googleapis-common-protos>=1.5.5
#12 189.3   Downloading googleapis_common_protos-1.62.0-py2.py3-none-any.whl (228 kB)
#12 189.3      ━━━━━━━━━━━━━━━━━━━━━━━━━━━━━━━━━━━━━━━ 228.7/228.7 KB 9.1 MB/s eta 0:00:00
#12 189.7 Collecting protobuf>=4.21.6
#12 189.8   Downloading protobuf-4.25.3-cp37-abi3-manylinux2014_x86_64.whl (294 kB)
#12 189.8      ━━━━━━━━━━━━━━━━━━━━━━━━━━━━━━━━━━━━━━ 294.6/294.6 KB 10.1 MB/s eta 0:00:00
#12 189.9 Collecting idna>=2.8
#12 189.9   Downloading idna-3.6-py3-none-any.whl (61 kB)
#12 190.0      ━━━━━━━━━━━━━━━━━━━━━━━━━━━━━━━━━━━━━━━━ 61.6/61.6 KB 5.1 MB/s eta 0:00:00
#12 190.0 Collecting sniffio>=1.1
#12 190.1   Downloading sniffio-1.3.0-py3-none-any.whl (10 kB)
#12 190.2 Collecting s3transfer<0.11.0,>=0.10.0
#12 190.2   Downloading s3transfer-0.10.0-py3-none-any.whl (82 kB)
#12 190.2      ━━━━━━━━━━━━━━━━━━━━━━━━━━━━━━━━━━━━━━━━ 82.1/82.1 KB 7.2 MB/s eta 0:00:00
#12 190.3 Collecting jmespath<2.0.0,>=0.7.1
#12 190.4   Downloading jmespath-1.0.1-py3-none-any.whl (20 kB)
#12 191.1 Collecting botocore<1.35.0,>=1.34.44
#12 191.1   Downloading botocore-1.34.44-py3-none-any.whl (12.0 MB)
#12 192.0      ━━━━━━━━━━━━━━━━━━━━━━━━━━━━━━━━━━━━━━━━ 12.0/12.0 MB 13.2 MB/s eta 0:00:00
#12 192.1 Collecting gitdb<5,>=4.0.1
#12 192.2   Downloading gitdb-4.0.11-py3-none-any.whl (62 kB)
#12 192.2      ━━━━━━━━━━━━━━━━━━━━━━━━━━━━━━━━━━━━━━━━ 62.7/62.7 KB 4.6 MB/s eta 0:00:00
#12 192.4 Collecting fsspec>=2023.5.0
#12 192.5   Downloading fsspec-2024.2.0-py3-none-any.whl (170 kB)
#12 192.5      ━━━━━━━━━━━━━━━━━━━━━━━━━━━━━━━━━━━━━━━ 170.9/170.9 KB 7.1 MB/s eta 0:00:00
#12 192.6 Collecting filelock
#12 192.6   Downloading filelock-3.13.1-py3-none-any.whl (11 kB)
#12 192.9 Collecting fonttools>=4.22.0
#12 192.9   Downloading fonttools-4.49.0-cp311-cp311-manylinux_2_17_x86_64.manylinux2014_x86_64.whl (4.9 MB)
#12 193.3      ━━━━━━━━━━━━━━━━━━━━━━━━━━━━━━━━━━━━━━━━ 4.9/4.9 MB 13.3 MB/s eta 0:00:00
#12 193.4 Collecting cycler>=0.10
#12 193.4   Downloading cycler-0.12.1-py3-none-any.whl (8.3 kB)
#12 193.4 Requirement already satisfied: pyparsing>=2.3.1 in /usr/lib/python3/dist-packages (from matplotlib>=3.3->yolov5==7.0.13->-r requirements.txt (line 16)) (2.4.7)
#12 193.6 Collecting contourpy>=1.0.1
#12 193.7   Downloading contourpy-1.2.0-cp311-cp311-manylinux_2_17_x86_64.manylinux2014_x86_64.whl (313 kB)
#12 193.7      ━━━━━━━━━━━━━━━━━━━━━━━━━━━━━━━━━━━━━━━ 313.4/313.4 KB 9.5 MB/s eta 0:00:00
#12 193.8 Collecting python-dateutil>=2.7
#12 193.8   Downloading python_dateutil-2.8.2-py2.py3-none-any.whl (247 kB)
#12 193.9      ━━━━━━━━━━━━━━━━━━━━━━━━━━━━━━━━━━━━━━ 247.7/247.7 KB 12.0 MB/s eta 0:00:00
#12 194.0 Collecting kiwisolver>=1.3.1
#12 194.1   Downloading kiwisolver-1.4.5-cp311-cp311-manylinux_2_17_x86_64.manylinux2014_x86_64.whl (1.4 MB)
#12 194.2      ━━━━━━━━━━━━━━━━━━━━━━━━━━━━━━━━━━━━━━━━ 1.4/1.4 MB 13.3 MB/s eta 0:00:00
#12 194.4 Collecting tzdata>=2022.7
#12 194.4   Downloading tzdata-2024.1-py2.py3-none-any.whl (345 kB)
#12 194.5      ━━━━━━━━━━━━━━━━━━━━━━━━━━━━━━━━━━━━━━ 345.4/345.4 KB 10.5 MB/s eta 0:00:00
#12 194.6 Collecting pytz>=2020.1
#12 194.7   Downloading pytz-2024.1-py2.py3-none-any.whl (505 kB)
#12 194.7      ━━━━━━━━━━━━━━━━━━━━━━━━━━━━━━━━━━━━━━ 505.5/505.5 KB 12.2 MB/s eta 0:00:00
#12 194.8 Collecting certifi>=2017.4.17
#12 194.9   Downloading certifi-2024.2.2-py3-none-any.whl (163 kB)
#12 194.9      ━━━━━━━━━━━━━━━━━━━━━━━━━━━━━━━━━━━━━━━ 163.8/163.8 KB 9.9 MB/s eta 0:00:00
#12 195.1 Collecting charset-normalizer<4,>=2
#12 195.2   Downloading charset_normalizer-3.3.2-cp311-cp311-manylinux_2_17_x86_64.manylinux2014_x86_64.whl (140 kB)
#12 195.2      ━━━━━━━━━━━━━━━━━━━━━━━━━━━━━━━━━━━━━━━ 140.3/140.3 KB 8.9 MB/s eta 0:00:00
#12 195.3 Collecting urllib3<3,>=1.21.1
#12 195.3   Downloading urllib3-2.2.1-py3-none-any.whl (121 kB)
#12 195.3      ━━━━━━━━━━━━━━━━━━━━━━━━━━━━━━━━━━━━━━━ 121.1/121.1 KB 9.2 MB/s eta 0:00:00
#12 195.4 Collecting python-dotenv
#12 195.5   Downloading python_dotenv-1.0.1-py3-none-any.whl (19 kB)
#12 195.5 Collecting certifi>=2017.4.17
#12 195.6   Downloading certifi-2023.7.22-py3-none-any.whl (158 kB)
#12 195.6      ━━━━━━━━━━━━━━━━━━━━━━━━━━━━━━━━━━━━━━ 158.3/158.3 KB 11.3 MB/s eta 0:00:00
#12 195.6 Requirement already satisfied: six in /usr/lib/python3/dist-packages (from roboflow>=0.2.29->yolov5==7.0.13->-r requirements.txt (line 16)) (1.16.0)
#12 195.6 Collecting idna>=2.8
#12 195.7   Downloading idna-2.10-py2.py3-none-any.whl (58 kB)
#12 195.7      ━━━━━━━━━━━━━━━━━━━━━━━━━━━━━━━━━━━━━━━━ 58.8/58.8 KB 5.3 MB/s eta 0:00:00
#12 195.9 Collecting opencv-python-headless==4.8.0.74
#12 195.9   Downloading opencv_python_headless-4.8.0.74-cp37-abi3-manylinux_2_17_x86_64.manylinux2014_x86_64.whl (49.1 MB)
#12 199.7      ━━━━━━━━━━━━━━━━━━━━━━━━━━━━━━━━━━━━━━━━ 49.1/49.1 MB 11.1 MB/s eta 0:00:00
#12 199.8 Collecting python-magic
#12 199.9   Downloading python_magic-0.4.27-py2.py3-none-any.whl (13 kB)
#12 199.9 Collecting cycler>=0.10
#12 200.0   Downloading cycler-0.10.0-py2.py3-none-any.whl (6.5 kB)
#12 200.0 Collecting requests-toolbelt
#12 200.1   Downloading requests_toolbelt-1.0.0-py2.py3-none-any.whl (54 kB)
#12 200.1      ━━━━━━━━━━━━━━━━━━━━━━━━━━━━━━━━━━━━━━━━ 54.5/54.5 KB 2.3 MB/s eta 0:00:00
#12 200.2 Collecting chardet==4.0.0
#12 200.3   Downloading chardet-4.0.0-py2.py3-none-any.whl (178 kB)
#12 200.3      ━━━━━━━━━━━━━━━━━━━━━━━━━━━━━━━━━━━━━━━ 178.7/178.7 KB 5.6 MB/s eta 0:00:00
#12 200.5 Collecting supervision
#12 200.6   Downloading supervision-0.18.0-py3-none-any.whl (86 kB)
#12 200.6      ━━━━━━━━━━━━━━━━━━━━━━━━━━━━━━━━━━━━━━━━ 86.7/86.7 KB 3.1 MB/s eta 0:00:00
#12 200.7 Collecting pybboxes==0.1.6
#12 200.8   Downloading pybboxes-0.1.6-py3-none-any.whl (24 kB)
#12 200.8 Collecting opencv-python>=4.1.1
#12 200.9   Downloading opencv_python-4.7.0.72-cp37-abi3-manylinux_2_17_x86_64.manylinux2014_x86_64.whl (61.8 MB)
#12 205.6      ━━━━━━━━━━━━━━━━━━━━━━━━━━━━━━━━━━━━━━━━ 61.8/61.8 MB 10.7 MB/s eta 0:00:00
#12 205.9 Collecting shapely>=1.8.0
#12 206.0   Downloading shapely-2.0.3-cp311-cp311-manylinux_2_17_x86_64.manylinux2014_x86_64.whl (2.5 MB)
#12 206.2      ━━━━━━━━━━━━━━━━━━━━━━━━━━━━━━━━━━━━━━━━ 2.5/2.5 MB 12.8 MB/s eta 0:00:00
#12 206.3 Collecting terminaltables
#12 206.3   Downloading terminaltables-3.1.10-py2.py3-none-any.whl (15 kB)
#12 206.6 Collecting markdown>=2.6.8
#12 206.6   Downloading Markdown-3.5.2-py3-none-any.whl (103 kB)
#12 206.6      ━━━━━━━━━━━━━━━━━━━━━━━━━━━━━━━━━━━━━━━ 103.9/103.9 KB 6.1 MB/s eta 0:00:00
#12 206.7 Collecting werkzeug>=1.0.1
#12 206.8   Downloading werkzeug-3.0.1-py3-none-any.whl (226 kB)
#12 206.8      ━━━━━━━━━━━━━━━━━━━━━━━━━━━━━━━━━━━━━━━ 226.7/226.7 KB 8.1 MB/s eta 0:00:00
#12 206.9 Collecting absl-py>=0.4
#12 207.0   Downloading absl_py-2.1.0-py3-none-any.whl (133 kB)
#12 207.0      ━━━━━━━━━━━━━━━━━━━━━━━━━━━━━━━━━━━━━━━ 133.7/133.7 KB 8.6 MB/s eta 0:00:00
#12 207.2 Collecting tensorboard-data-server<0.8.0,>=0.7.0
#12 207.3   Downloading tensorboard_data_server-0.7.2-py3-none-manylinux_2_31_x86_64.whl (6.6 MB)
#12 207.8      ━━━━━━━━━━━━━━━━━━━━━━━━━━━━━━━━━━━━━━━━ 6.6/6.6 MB 13.0 MB/s eta 0:00:00
#12 207.9 Collecting sympy
#12 208.0   Downloading sympy-1.12-py3-none-any.whl (5.7 MB)
#12 208.5      ━━━━━━━━━━━━━━━━━━━━━━━━━━━━━━━━━━━━━━━━ 5.7/5.7 MB 12.4 MB/s eta 0:00:00
#12 208.6 Collecting jinja2
#12 208.6   Downloading Jinja2-3.1.3-py3-none-any.whl (133 kB)
#12 208.6      ━━━━━━━━━━━━━━━━━━━━━━━━━━━━━━━━━━━━━━━ 133.2/133.2 KB 7.5 MB/s eta 0:00:00
#12 208.7 Collecting nvidia-cuda-runtime-cu12==12.1.105
#12 208.8   Downloading nvidia_cuda_runtime_cu12-12.1.105-py3-none-manylinux1_x86_64.whl (823 kB)
#12 208.8      ━━━━━━━━━━━━━━━━━━━━━━━━━━━━━━━━━━━━━━ 823.6/823.6 KB 11.4 MB/s eta 0:00:00
#12 208.9 Collecting nvidia-cufft-cu12==11.0.2.54
#12 209.0   Downloading nvidia_cufft_cu12-11.0.2.54-py3-none-manylinux1_x86_64.whl (121.6 MB)
#12 218.9      ━━━━━━━━━━━━━━━━━━━━━━━━━━━━━━━━━━━━━━━ 121.6/121.6 MB 8.3 MB/s eta 0:00:00
#12 219.2 Collecting nvidia-nccl-cu12==2.19.3
#12 219.3   Downloading nvidia_nccl_cu12-2.19.3-py3-none-manylinux1_x86_64.whl (166.0 MB)
#12 232.1      ━━━━━━━━━━━━━━━━━━━━━━━━━━━━━━━━━━━━━━━ 166.0/166.0 MB 8.0 MB/s eta 0:00:00
#12 232.5 Collecting nvidia-cusolver-cu12==11.4.5.107
#12 232.6   Downloading nvidia_cusolver_cu12-11.4.5.107-py3-none-manylinux1_x86_64.whl (124.2 MB)
#12 242.3      ━━━━━━━━━━━━━━━━━━━━━━━━━━━━━━━━━━━━━━━ 124.2/124.2 MB 9.0 MB/s eta 0:00:00
#12 242.6 Collecting nvidia-cusparse-cu12==12.1.0.106
#12 242.7   Downloading nvidia_cusparse_cu12-12.1.0.106-py3-none-manylinux1_x86_64.whl (196.0 MB)
#12 280.4      ━━━━━━━━━━━━━━━━━━━━━━━━━━━━━━━━━━━━━ 196.0/196.0 MB 422.4 kB/s eta 0:00:00
#12 280.9 Collecting nvidia-cublas-cu12==12.1.3.1
#12 281.0   Downloading nvidia_cublas_cu12-12.1.3.1-py3-none-manylinux1_x86_64.whl (410.6 MB)
#12 326.4      ━━━━━━━━━━━━━━━━━━━━━━━━━━━━━━━━━━━━━ 410.6/410.6 MB 678.9 kB/s eta 0:00:00
#12 327.4 Collecting nvidia-nvtx-cu12==12.1.105
#12 327.4   Downloading nvidia_nvtx_cu12-12.1.105-py3-none-manylinux1_x86_64.whl (99 kB)
#12 327.5      ━━━━━━━━━━━━━━━━━━━━━━━━━━━━━━━━━━━━━━━━ 99.1/99.1 KB 1.2 MB/s eta 0:00:00
#12 327.6 Collecting triton==2.2.0
#12 327.7   Downloading triton-2.2.0-cp311-cp311-manylinux_2_17_x86_64.manylinux2014_x86_64.whl (167.9 MB)
#12 340.6      ━━━━━━━━━━━━━━━━━━━━━━━━━━━━━━━━━━━━━━━ 167.9/167.9 MB 7.9 MB/s eta 0:00:00
#12 341.0 Collecting networkx
#12 341.1   Downloading networkx-3.2.1-py3-none-any.whl (1.6 MB)
#12 341.2      ━━━━━━━━━━━━━━━━━━━━━━━━━━━━━━━━━━━━━━━━ 1.6/1.6 MB 12.1 MB/s eta 0:00:00
#12 341.4 Collecting nvidia-cudnn-cu12==8.9.2.26
#12 341.5   Downloading nvidia_cudnn_cu12-8.9.2.26-py3-none-manylinux1_x86_64.whl (731.7 MB)
#12 439.6      ━━━━━━━━━━━━━━━━━━━━━━━━━━━━━━━━━━━━━━━━ 731.7/731.7 MB ? eta 0:00:00
#12 441.2 Collecting nvidia-curand-cu12==10.3.2.106
#12 441.3   Downloading nvidia_curand_cu12-10.3.2.106-py3-none-manylinux1_x86_64.whl (56.5 MB)
#12 446.3      ━━━━━━━━━━━━━━━━━━━━━━━━━━━━━━━━━━━━━━━━ 56.5/56.5 MB 9.4 MB/s eta 0:00:00
#12 446.5 Collecting nvidia-cuda-cupti-cu12==12.1.105
#12 446.6   Downloading nvidia_cuda_cupti_cu12-12.1.105-py3-none-manylinux1_x86_64.whl (14.1 MB)
#12 447.8      ━━━━━━━━━━━━━━━━━━━━━━━━━━━━━━━━━━━━━━━━ 14.1/14.1 MB 11.2 MB/s eta 0:00:00
#12 447.9 Collecting nvidia-cuda-nvrtc-cu12==12.1.105
#12 448.0   Downloading nvidia_cuda_nvrtc_cu12-12.1.105-py3-none-manylinux1_x86_64.whl (23.7 MB)
#12 450.0      ━━━━━━━━━━━━━━━━━━━━━━━━━━━━━━━━━━━━━━━━ 23.7/23.7 MB 10.3 MB/s eta 0:00:00
#12 450.1 Collecting nvidia-nvjitlink-cu12
#12 450.2   Downloading nvidia_nvjitlink_cu12-12.3.101-py3-none-manylinux1_x86_64.whl (20.5 MB)
#12 451.9      ━━━━━━━━━━━━━━━━━━━━━━━━━━━━━━━━━━━━━━━━ 20.5/20.5 MB 11.5 MB/s eta 0:00:00
#12 452.2 Collecting py-cpuinfo
#12 452.3   Downloading py_cpuinfo-9.0.0-py3-none-any.whl (22 kB)
#12 452.3 Collecting termcolor
#12 452.4   Downloading termcolor-2.4.0-py3-none-any.whl (7.7 kB)
#12 452.5 Collecting urllib3<3,>=1.21.1
#12 452.5   Downloading urllib3-2.0.7-py3-none-any.whl (124 kB)
#12 452.6      ━━━━━━━━━━━━━━━━━━━━━━━━━━━━━━━━━━━━━━━ 124.2/124.2 KB 6.1 MB/s eta 0:00:00
#12 452.7 Collecting smmap<6,>=3.0.1
#12 452.8   Downloading smmap-5.0.1-py3-none-any.whl (24 kB)
#12 453.2 Collecting MarkupSafe>=2.1.1
#12 453.2   Downloading MarkupSafe-2.1.5-cp311-cp311-manylinux_2_17_x86_64.manylinux2014_x86_64.whl (28 kB)
#12 453.4 Collecting defusedxml<0.8.0,>=0.7.1
#12 453.5   Downloading defusedxml-0.7.1-py2.py3-none-any.whl (25 kB)
#12 453.6 Collecting mpmath>=0.19
#12 453.7   Downloading mpmath-1.3.0-py3-none-any.whl (536 kB)
#12 453.7      ━━━━━━━━━━━━━━━━━━━━━━━━━━━━━━━━━━━━━━━ 536.2/536.2 KB 8.7 MB/s eta 0:00:00
#12 453.8 Building wheels for collected packages: pyspark, fire
#12 453.8   Building wheel for pyspark (setup.py): started
#12 470.5   Building wheel for pyspark (setup.py): finished with status 'done'
#12 471.2   Created wheel for pyspark: filename=pyspark-3.5.0-py2.py3-none-any.whl size=317425364 sha256=a6b403c6193e1cd9d366ce095105ff4e1c409776748d6da1f687e99512e5d979
#12 471.2   Stored in directory: /root/.cache/pip/wheels/38/df/61/8c121f50c3cffd77f8178180dd232d90b3b99d1bd61fb6d6be
#12 471.2   Building wheel for fire (setup.py): started
#12 471.4   Building wheel for fire (setup.py): finished with status 'done'
#12 471.4   Created wheel for fire: filename=fire-0.5.0-py2.py3-none-any.whl size=116951 sha256=1fc5bebc714261497e483ec5c3837374415bb60c6c8eeacdfc48600656b8aadd
#12 471.4   Stored in directory: /root/.cache/pip/wheels/a7/ee/a5/19e91481be8bea594935d137578bfe77d6bf905e4595336f6b
#12 471.4 Successfully built pyspark fire
#12 472.2 Installing collected packages: pytz, py4j, py-cpuinfo, mpmath, confluent-kafka, urllib3, tzdata, typing-extensions, tqdm, terminaltables, termcolor, tensorboard-data-server, sympy, sniffio, smmap, setuptools, redis, PyYAML, python-magic, python-dotenv, python-dateutil, pyspark, psutil, protobuf, pillow, packaging, nvidia-nvtx-cu12, nvidia-nvjitlink-cu12, nvidia-nccl-cu12, nvidia-curand-cu12, nvidia-cufft-cu12, nvidia-cuda-runtime-cu12, nvidia-cuda-nvrtc-cu12, nvidia-cuda-cupti-cu12, nvidia-cublas-cu12, numpy, networkx, msgpack, MarkupSafe, markdown, loguru, kiwisolver, jmespath, idna, h11, grpcio, fsspec, fonttools, filelock, defusedxml, cycler, click, charset-normalizer, chardet, certifi, async-timeout, annotated-types, absl-py, werkzeug, uvicorn, triton, shapely, scipy, requests, pydantic-core, pybboxes, pyarrow, pandas, opencv-python-headless, opencv-python, nvidia-cusparse-cu12, nvidia-cudnn-cu12, msgpack_numpy, jinja2, imageio, googleapis-common-protos, gitdb, fire, contourpy, botocore, anyio, aiokafka, tensorboard, starlette, sahi, s3transfer, requests-toolbelt, pydantic, nvidia-cusolver-cu12, matplotlib, huggingface-hub, grpcio_status, gitpython, torch, supervision, seaborn, fastapi, boto3, torchvision, thop, roboflow, ultralytics, yolov5
#12 477.3   Attempting uninstall: setuptools
#12 477.3     Found existing installation: setuptools 59.6.0
#12 477.3     Not uninstalling setuptools at /usr/lib/python3/dist-packages, outside environment /usr
#12 477.3     Can't uninstall 'setuptools'. No files were found to uninstall.
#12 620.1 Successfully installed MarkupSafe-2.1.5 PyYAML-6.0.1 absl-py-2.1.0 aiokafka-0.10.0 annotated-types-0.6.0 anyio-3.7.1 async-timeout-4.0.3 boto3-1.34.44 botocore-1.34.44 certifi-2023.7.22 chardet-4.0.0 charset-normalizer-3.3.2 click-8.1.7 confluent-kafka-2.3.0 contourpy-1.2.0 cycler-0.10.0 defusedxml-0.7.1 fastapi-0.105.0 filelock-3.13.1 fire-0.5.0 fonttools-4.49.0 fsspec-2024.2.0 gitdb-4.0.11 gitpython-3.1.42 googleapis-common-protos-1.62.0 grpcio-1.60.1 grpcio_status-1.60.0 h11-0.14.0 huggingface-hub-0.20.3 idna-2.10 imageio-2.33.1 jinja2-3.1.3 jmespath-1.0.1 kiwisolver-1.4.5 loguru-0.7.2 markdown-3.5.2 matplotlib-3.8.3 mpmath-1.3.0 msgpack-1.0.7 msgpack_numpy-0.4.8 networkx-3.2.1 numpy-1.26.4 nvidia-cublas-cu12-12.1.3.1 nvidia-cuda-cupti-cu12-12.1.105 nvidia-cuda-nvrtc-cu12-12.1.105 nvidia-cuda-runtime-cu12-12.1.105 nvidia-cudnn-cu12-8.9.2.26 nvidia-cufft-cu12-11.0.2.54 nvidia-curand-cu12-10.3.2.106 nvidia-cusolver-cu12-11.4.5.107 nvidia-cusparse-cu12-12.1.0.106 nvidia-nccl-cu12-2.19.3 nvidia-nvjitlink-cu12-12.3.101 nvidia-nvtx-cu12-12.1.105 opencv-python-4.7.0.72 opencv-python-headless-4.8.0.74 packaging-23.2 pandas-2.2.0 pillow-10.2.0 protobuf-4.25.3 psutil-5.9.8 py-cpuinfo-9.0.0 py4j-0.10.9.7 pyarrow-15.0.0 pybboxes-0.1.6 pydantic-2.5.3 pydantic-core-2.14.6 pyspark-3.5.0 python-dateutil-2.8.2 python-dotenv-1.0.1 python-magic-0.4.27 pytz-2024.1 redis-5.0.1 requests-2.31.0 requests-toolbelt-1.0.0 roboflow-1.1.19 s3transfer-0.10.0 sahi-0.11.15 scipy-1.12.0 seaborn-0.13.2 setuptools-69.1.0 shapely-2.0.3 smmap-5.0.1 sniffio-1.3.0 starlette-0.27.0 supervision-0.18.0 sympy-1.12 tensorboard-2.16.2 tensorboard-data-server-0.7.2 termcolor-2.4.0 terminaltables-3.1.10 thop-0.1.1.post2209072238 torch-2.2.0 torchvision-0.17.0 tqdm-4.66.2 triton-2.2.0 typing-extensions-4.9.0 tzdata-2024.1 ultralytics-8.1.15 urllib3-2.0.7 uvicorn-0.27.1 werkzeug-3.0.1 yolov5-7.0.13
#12 620.1 WARNING: Running pip as the 'root' user can result in broken permissions and conflicting behaviour with the system package manager. It is recommended to use a virtual environment instead: https://pip.pypa.io/warnings/venv
#12 DONE 623.1s

#13 exporting to image
#13 exporting layers
#13 exporting layers 92.4s done
#13 writing image sha256:f7c8d24863cd07b24f1cfaa502ad244c0fa48ac03eb54a53950e29a11b6a9c48
#13 writing image sha256:f7c8d24863cd07b24f1cfaa502ad244c0fa48ac03eb54a53950e29a11b6a9c48 0.0s done
#13 naming to docker.io/library/docker-myapp done
#13 DONE 92.4s
Container docker-myapp-1  Recreate
Container docker-redis-1  Recreate
Container spark-master  Running
Container docker-zookeeper-1  Running
Container spark-worker-2  Running
Container spark-worker-1  Running
Container docker-kafka-1  Running
Container docker-kafka-topics-generator-1  Created
Container kafka-ui  Running
Container docker-redis-1  Recreated
Container docker-myapp-1  Recreated
Container docker-myapp-1  Starting
Container docker-redis-1  Starting
Container docker-zookeeper-1  Waiting
Container docker-zookeeper-1  Healthy
Container docker-kafka-1  Waiting
Container docker-kafka-1  Waiting
Container docker-kafka-1  Healthy
Container docker-kafka-1  Healthy
Container docker-kafka-topics-generator-1  Starting
Container docker-kafka-topics-generator-1  Started
Container docker-redis-1  Started
Container docker-myapp-1  Started
2024-02-19 15:52:33.274 | INFO     | init.init_docker:start:44 - Creation and launching of docker servers is completed.

2024-02-19 15:52:33.300 | INFO     | init.init_docker:start:47 - End work init_docker function.

2024-02-19 15:52:33.302 | INFO     | __main__:build:25 - End work build function.

