2024-02-19 14:05:28.045 | INFO     | __main__:build:23 - Start work build function.

2024-02-19 14:05:28.047 | INFO     | init.init_docker:start:40 - Start work init_docker function.

#1 [internal] load build definition from Dockerfile
#1 transferring dockerfile: 32B done
#1 DONE 0.0s

#2 [internal] load .dockerignore
#2 transferring context: 2B done
#2 DONE 0.0s

#3 [internal] load metadata for docker.io/library/ubuntu:latest
#3 DONE 1.5s

#4 [1/8] FROM docker.io/library/ubuntu:latest@sha256:f9d633ff6640178c2d0525017174a688e2c1aef28f0a0130b26bd5554491f0da
#4 DONE 0.0s

#5 [internal] load build context
#5 transferring context: 392.30kB 0.0s done
#5 DONE 0.0s

#6 [2/8] RUN apt update &&     apt-get -y install firefox &&     apt-get install -y wget &&     apt-get install -y openjdk-11-jdk &&     apt-get install -y --no-install-recommends software-properties-common &&     apt-get install -y --no-install-recommends gpg-agent &&     add-apt-repository ppa:deadsnakes/ppa &&     apt-get install -y --no-install-recommends python3.11 &&     apt-get install -y --no-install-recommends python3-pip &&     apt-get install -y --no-install-recommends python3.11-venv &&     apt-get install -y openssh-server unzip curl &&     service ssh start &&     apt install -y sudo &&     apt-get install -y --no-install-recommends python3.11 &&     apt-get clean &&     rm -rf /var/lib/apt/lists/*
#6 CACHED

#7 [3/8] RUN update-alternatives --install /usr/bin/python3 python3 /usr/bin/python3.11 1
#7 CACHED

#8 [4/8] RUN wget https://dlcdn.apache.org/hadoop/common/hadoop-3.3.6/hadoop-3.3.6.tar.gz &&     tar -xvzf hadoop-3.3.6.tar.gz &&     mv hadoop-3.3.6 /usr/local/hadoop
#8 CACHED

#9 [5/8] RUN wget https://www.apache.org/dist/spark/spark-3.5.0/spark-3.5.0-bin-hadoop3.tgz &&     tar -xvzf spark-3.5.0-bin-hadoop3.tgz &&     mv spark-3.5.0-bin-hadoop3 /usr/local/spark
#9 CACHED

#10 [6/8] COPY /app /app
#10 DONE 0.1s

#11 [7/8] WORKDIR /app
#11 DONE 0.1s

#12 [8/8] RUN pip3 install -r requirements.txt
#12 3.370 Collecting pydantic==2.5.3
#12 3.711   Downloading pydantic-2.5.3-py3-none-any.whl (381 kB)
#12 3.903      ━━━━━━━━━━━━━━━━━━━━━━━━━━━━━━━━━━━━━━━ 381.9/381.9 KB 2.0 MB/s eta 0:00:00
#12 4.027 Collecting fastapi==0.105.0
#12 4.090   Downloading fastapi-0.105.0-py3-none-any.whl (93 kB)
#12 4.109      ━━━━━━━━━━━━━━━━━━━━━━━━━━━━━━━━━━━━━━━━ 93.1/93.1 KB 5.3 MB/s eta 0:00:00
#12 4.200 Collecting redis==5.0.1
#12 4.262   Downloading redis-5.0.1-py3-none-any.whl (250 kB)
#12 4.295      ━━━━━━━━━━━━━━━━━━━━━━━━━━━━━━━━━━━━━━━ 250.3/250.3 KB 8.0 MB/s eta 0:00:00
#12 4.358 Collecting pyspark==3.5.0
#12 4.420   Downloading pyspark-3.5.0.tar.gz (316.9 MB)
#12 183.9      ━━━━━━━━━━━━━━━━━━━━━━━━━━━━━━━━━━━━━ 316.9/316.9 MB 608.6 kB/s eta 0:00:00
#12 187.7   Preparing metadata (setup.py): started
#12 188.0   Preparing metadata (setup.py): finished with status 'done'
#12 188.2 Collecting pyarrow==15.0.0
#12 188.2   Downloading pyarrow-15.0.0-cp311-cp311-manylinux_2_28_x86_64.whl (38.3 MB)
#12 210.6      ━━━━━━━━━━━━━━━━━━━━━━━━━━━━━━━━━━━━━━━━ 38.3/38.3 MB 2.1 MB/s eta 0:00:00
#12 210.9 Collecting confluent-kafka==2.3.0
#12 211.0   Downloading confluent_kafka-2.3.0-cp311-cp311-manylinux_2_17_x86_64.manylinux2014_x86_64.whl (4.0 MB)
#12 212.9      ━━━━━━━━━━━━━━━━━━━━━━━━━━━━━━━━━━━━━━━━ 4.0/4.0 MB 2.1 MB/s eta 0:00:00
#12 213.1 Collecting aiokafka==0.10.0
#12 213.2   Downloading aiokafka-0.10.0-cp311-cp311-manylinux_2_17_x86_64.manylinux2014_x86_64.whl (1.1 MB)
#12 213.7      ━━━━━━━━━━━━━━━━━━━━━━━━━━━━━━━━━━━━━━━━ 1.1/1.1 MB 2.0 MB/s eta 0:00:00
#12 213.8 Collecting imageio==2.33.1
#12 213.9   Downloading imageio-2.33.1-py3-none-any.whl (313 kB)
#12 214.0      ━━━━━━━━━━━━━━━━━━━━━━━━━━━━━━━━━━━━━━━ 313.3/313.3 KB 2.1 MB/s eta 0:00:00
#12 214.1 Collecting loguru==0.7.2
#12 214.2   Downloading loguru-0.7.2-py3-none-any.whl (62 kB)
#12 214.2      ━━━━━━━━━━━━━━━━━━━━━━━━━━━━━━━━━━━━━━━━ 62.5/62.5 KB 2.1 MB/s eta 0:00:00
#12 214.3 Collecting msgpack_numpy==0.4.8
#12 214.3   Downloading msgpack_numpy-0.4.8-py2.py3-none-any.whl (6.9 kB)
#12 214.4 Collecting uvicorn==0.27.1
#12 214.5   Downloading uvicorn-0.27.1-py3-none-any.whl (60 kB)
#12 214.5      ━━━━━━━━━━━━━━━━━━━━━━━━━━━━━━━━━━━━━━━━ 60.8/60.8 KB 2.4 MB/s eta 0:00:00
#12 214.5 Collecting yolov5==7.0.13
#12 214.6   Downloading yolov5-7.0.13-py37.py38.py39.py310-none-any.whl (953 kB)
#12 215.1      ━━━━━━━━━━━━━━━━━━━━━━━━━━━━━━━━━━━━━━━ 953.4/953.4 KB 2.1 MB/s eta 0:00:00
#12 215.2 Collecting grpcio_status==1.60.0
#12 215.2   Downloading grpcio_status-1.60.0-py3-none-any.whl (14 kB)
#12 215.3 Collecting typing-extensions>=4.6.1
#12 215.4   Downloading typing_extensions-4.9.0-py3-none-any.whl (32 kB)
#12 216.5 Collecting pydantic-core==2.14.6
#12 216.5   Downloading pydantic_core-2.14.6-cp311-cp311-manylinux_2_17_x86_64.manylinux2014_x86_64.whl (2.1 MB)
#12 218.0      ━━━━━━━━━━━━━━━━━━━━━━━━━━━━━━━━━━━━━━━━ 2.1/2.1 MB 1.4 MB/s eta 0:00:00
#12 218.1 Collecting annotated-types>=0.4.0
#12 218.2   Downloading annotated_types-0.6.0-py3-none-any.whl (12 kB)
#12 218.3 Collecting anyio<4.0.0,>=3.7.1
#12 218.3   Downloading anyio-3.7.1-py3-none-any.whl (80 kB)
#12 218.4      ━━━━━━━━━━━━━━━━━━━━━━━━━━━━━━━━━━━━━━━ 80.9/80.9 KB 898.5 kB/s eta 0:00:00
#12 218.5 Collecting starlette<0.28.0,>=0.27.0
#12 218.6   Downloading starlette-0.27.0-py3-none-any.whl (66 kB)
#12 218.7      ━━━━━━━━━━━━━━━━━━━━━━━━━━━━━━━━━━━━━━━━ 67.0/67.0 KB 1.1 MB/s eta 0:00:00
#12 218.9 Collecting py4j==0.10.9.7
#12 218.9   Downloading py4j-0.10.9.7-py2.py3-none-any.whl (200 kB)
#12 219.2      ━━━━━━━━━━━━━━━━━━━━━━━━━━━━━━━━━━━━━━━ 200.5/200.5 KB 1.4 MB/s eta 0:00:00
#12 219.6 Collecting numpy<2,>=1.16.6
#12 219.7   Downloading numpy-1.26.4-cp311-cp311-manylinux_2_17_x86_64.manylinux2014_x86_64.whl (18.3 MB)
#12 237.0      ━━━━━━━━━━━━━━━━━━━━━━━━━━━━━━━━━━━━━━━━ 18.3/18.3 MB 1.2 MB/s eta 0:00:00
#12 237.1 Collecting packaging
#12 237.2   Downloading packaging-23.2-py3-none-any.whl (53 kB)
#12 237.2      ━━━━━━━━━━━━━━━━━━━━━━━━━━━━━━━━━━━━━━━━ 53.0/53.0 KB 1.6 MB/s eta 0:00:00
#12 237.3 Collecting async-timeout
#12 237.4   Downloading async_timeout-4.0.3-py3-none-any.whl (5.7 kB)
#12 237.8 Collecting pillow>=8.3.2
#12 237.8   Downloading pillow-10.2.0-cp311-cp311-manylinux_2_28_x86_64.whl (4.5 MB)
#12 242.1      ━━━━━━━━━━━━━━━━━━━━━━━━━━━━━━━━━━━━━━━━ 4.5/4.5 MB 1.1 MB/s eta 0:00:00
#12 242.2 Collecting msgpack>=0.5.2
#12 242.3   Downloading msgpack-1.0.7-cp311-cp311-manylinux_2_17_x86_64.manylinux2014_x86_64.whl (557 kB)
#12 242.7      ━━━━━━━━━━━━━━━━━━━━━━━━━━━━━━━━━━━━━━━ 558.0/558.0 KB 1.3 MB/s eta 0:00:00
#12 242.8 Collecting h11>=0.8
#12 242.9   Downloading h11-0.14.0-py3-none-any.whl (58 kB)
#12 242.9      ━━━━━━━━━━━━━━━━━━━━━━━━━━━━━━━━━━━━━━━━ 58.3/58.3 KB 1.6 MB/s eta 0:00:00
#12 243.1 Collecting click>=7.0
#12 243.1   Downloading click-8.1.7-py3-none-any.whl (97 kB)
#12 243.2      ━━━━━━━━━━━━━━━━━━━━━━━━━━━━━━━━━━━━━━━━ 97.9/97.9 KB 1.4 MB/s eta 0:00:00
#12 243.4 Collecting opencv-python>=4.1.1
#12 243.5   Downloading opencv_python-4.9.0.80-cp37-abi3-manylinux_2_17_x86_64.manylinux2014_x86_64.whl (62.2 MB)
#12 285.0      ━━━━━━━━━━━━━━━━━━━━━━━━━━━━━━━━━━━━━━━━ 62.2/62.2 MB 1.1 MB/s eta 0:00:00
#12 285.3 Collecting PyYAML>=5.3.1
#12 285.3   Downloading PyYAML-6.0.1-cp311-cp311-manylinux_2_17_x86_64.manylinux2014_x86_64.whl (757 kB)
#12 285.8      ━━━━━━━━━━━━━━━━━━━━━━━━━━━━━━━━━━━━━━━ 757.7/757.7 KB 1.8 MB/s eta 0:00:00
#12 285.9 Collecting psutil
#12 286.0   Downloading psutil-5.9.8-cp36-abi3-manylinux_2_12_x86_64.manylinux2010_x86_64.manylinux_2_17_x86_64.manylinux2014_x86_64.whl (288 kB)
#12 286.2      ━━━━━━━━━━━━━━━━━━━━━━━━━━━━━━━━━━━━━━━ 288.2/288.2 KB 1.4 MB/s eta 0:00:00
#12 286.3 Collecting gitpython>=3.1.30
#12 286.3   Downloading GitPython-3.1.42-py3-none-any.whl (195 kB)
#12 286.5      ━━━━━━━━━━━━━━━━━━━━━━━━━━━━━━━━━━━━━━━ 195.4/195.4 KB 1.5 MB/s eta 0:00:00
#12 286.7 Collecting scipy>=1.4.1
#12 286.8   Downloading scipy-1.12.0-cp311-cp311-manylinux_2_17_x86_64.manylinux2014_x86_64.whl (38.4 MB)
#12 311.7      ━━━━━━━━━━━━━━━━━━━━━━━━━━━━━━━━━━━━━━━━ 38.4/38.4 MB 1.3 MB/s eta 0:00:00
#12 311.9 Collecting requests>=2.23.0
#12 311.9   Downloading requests-2.31.0-py3-none-any.whl (62 kB)
#12 312.0      ━━━━━━━━━━━━━━━━━━━━━━━━━━━━━━━━━━━━━━━━ 62.6/62.6 KB 1.5 MB/s eta 0:00:00
#12 312.1 Collecting fire
#12 312.2   Downloading fire-0.5.0.tar.gz (88 kB)
#12 312.3      ━━━━━━━━━━━━━━━━━━━━━━━━━━━━━━━━━━━━━━━━ 88.3/88.3 KB 1.3 MB/s eta 0:00:00
#12 312.3   Preparing metadata (setup.py): started
#12 312.4   Preparing metadata (setup.py): finished with status 'done'
#12 312.5 Collecting tensorboard>=2.4.1
#12 312.5   Downloading tensorboard-2.16.2-py3-none-any.whl (5.5 MB)
#12 316.0      ━━━━━━━━━━━━━━━━━━━━━━━━━━━━━━━━━━━━━━━━ 5.5/5.5 MB 1.6 MB/s eta 0:00:00
#12 316.1 Collecting huggingface-hub>=0.12.0
#12 316.1   Downloading huggingface_hub-0.20.3-py3-none-any.whl (330 kB)
#12 316.3      ━━━━━━━━━━━━━━━━━━━━━━━━━━━━━━━━━━━━━━━ 330.1/330.1 KB 2.1 MB/s eta 0:00:00
#12 316.9 Collecting boto3>=1.19.1
#12 317.0   Downloading boto3-1.34.44-py3-none-any.whl (139 kB)
#12 317.0      ━━━━━━━━━━━━━━━━━━━━━━━━━━━━━━━━━━━━━━━ 139.3/139.3 KB 1.9 MB/s eta 0:00:00
#12 317.2 Collecting ultralytics>=8.0.100
#12 317.3   Downloading ultralytics-8.1.15-py3-none-any.whl (715 kB)
#12 317.6      ━━━━━━━━━━━━━━━━━━━━━━━━━━━━━━━━━━━━━━━ 715.1/715.1 KB 2.1 MB/s eta 0:00:00
#12 317.8 Collecting thop>=0.1.1
#12 317.8   Downloading thop-0.1.1.post2209072238-py3-none-any.whl (15 kB)
#12 318.1 Collecting pandas>=1.1.4
#12 318.2   Downloading pandas-2.2.0-cp311-cp311-manylinux_2_17_x86_64.manylinux2014_x86_64.whl (13.0 MB)
#12 324.0      ━━━━━━━━━━━━━━━━━━━━━━━━━━━━━━━━━━━━━━━━ 13.0/13.0 MB 2.3 MB/s eta 0:00:00
#12 324.1 Collecting roboflow>=0.2.29
#12 324.2   Downloading roboflow-1.1.19-py3-none-any.whl (70 kB)
#12 324.2      ━━━━━━━━━━━━━━━━━━━━━━━━━━━━━━━━━━━━━━━━ 70.2/70.2 KB 2.1 MB/s eta 0:00:00
#12 324.4 Collecting sahi>=0.11.10
#12 324.5   Downloading sahi-0.11.15-py3-none-any.whl (105 kB)
#12 324.6      ━━━━━━━━━━━━━━━━━━━━━━━━━━━━━━━━━━━━━━━ 105.4/105.4 KB 8.3 MB/s eta 0:00:00
#12 324.7 Collecting torchvision>=0.8.1
#12 324.7   Downloading torchvision-0.17.0-cp311-cp311-manylinux1_x86_64.whl (6.9 MB)
#12 330.1      ━━━━━━━━━━━━━━━━━━━━━━━━━━━━━━━━━━━━━━━━ 6.9/6.9 MB 1.3 MB/s eta 0:00:00
#12 330.2 Collecting torch>=1.7.0
#12 330.2   Downloading torch-2.2.0-cp311-cp311-manylinux1_x86_64.whl (755.5 MB)
#12 773.8      ━━━━━━━━━━━━━━━━━━━━━━━━━━━━━━━━━━━━━ 755.5/755.5 MB 273.4 kB/s eta 0:00:00
#12 775.4 WARNING: Retrying (Retry(total=4, connect=None, read=None, redirect=None, status=None)) after connection broken by 'ProtocolError('Connection aborted.', RemoteDisconnected('Remote end closed connection without response'))': /simple/tqdm/
#12 776.5 Collecting tqdm>=4.64.0
#12 776.5   Downloading tqdm-4.66.2-py3-none-any.whl (78 kB)
#12 776.6      ━━━━━━━━━━━━━━━━━━━━━━━━━━━━━━━━━━━━━━━━ 78.3/78.3 KB 1.3 MB/s eta 0:00:00
#12 776.9 Collecting setuptools>=65.5.1
#12 777.0   Downloading setuptools-69.1.0-py3-none-any.whl (819 kB)
#12 777.6      ━━━━━━━━━━━━━━━━━━━━━━━━━━━━━━━━━━━━━━━ 819.3/819.3 KB 1.4 MB/s eta 0:00:00
#12 777.9 Collecting matplotlib>=3.3
#12 777.9   Downloading matplotlib-3.8.3-cp311-cp311-manylinux_2_17_x86_64.manylinux2014_x86_64.whl (11.6 MB)
#12 783.4      ━━━━━━━━━━━━━━━━━━━━━━━━━━━━━━━━━━━━━━━━ 11.6/11.6 MB 2.2 MB/s eta 0:00:00
#12 783.5 Collecting seaborn>=0.11.0
#12 783.6   Downloading seaborn-0.13.2-py3-none-any.whl (294 kB)
#12 783.8      ━━━━━━━━━━━━━━━━━━━━━━━━━━━━━━━━━━━━━━ 294.9/294.9 KB 48.1 MB/s eta 0:00:00
#12 783.9 Collecting googleapis-common-protos>=1.5.5
#12 783.9   Downloading googleapis_common_protos-1.62.0-py2.py3-none-any.whl (228 kB)
#12 784.0      ━━━━━━━━━━━━━━━━━━━━━━━━━━━━━━━━━━━━━━━ 228.7/228.7 KB 2.7 MB/s eta 0:00:00
#12 784.3 Collecting protobuf>=4.21.6
#12 784.4   Downloading protobuf-4.25.3-cp37-abi3-manylinux2014_x86_64.whl (294 kB)
#12 784.5      ━━━━━━━━━━━━━━━━━━━━━━━━━━━━━━━━━━━━━━━ 294.6/294.6 KB 2.9 MB/s eta 0:00:00
#12 785.4 Collecting grpcio>=1.60.0
#12 785.5   Downloading grpcio-1.60.1-cp311-cp311-manylinux_2_17_x86_64.manylinux2014_x86_64.whl (5.4 MB)
#12 787.6      ━━━━━━━━━━━━━━━━━━━━━━━━━━━━━━━━━━━━━━━━ 5.4/5.4 MB 2.5 MB/s eta 0:00:00
#12 787.7 Collecting sniffio>=1.1
#12 787.8   Downloading sniffio-1.3.0-py3-none-any.whl (10 kB)
#12 787.8 Collecting idna>=2.8
#12 787.9   Downloading idna-3.6-py3-none-any.whl (61 kB)
#12 787.9      ━━━━━━━━━━━━━━━━━━━━━━━━━━━━━━━━━━━━━━━━ 61.6/61.6 KB 2.5 MB/s eta 0:00:00
#12 788.0 Collecting s3transfer<0.11.0,>=0.10.0
#12 788.1   Downloading s3transfer-0.10.0-py3-none-any.whl (82 kB)
#12 788.1      ━━━━━━━━━━━━━━━━━━━━━━━━━━━━━━━━━━━━━━━━ 82.1/82.1 KB 2.6 MB/s eta 0:00:00
#12 788.8 Collecting botocore<1.35.0,>=1.34.44
#12 788.9   Downloading botocore-1.34.44-py3-none-any.whl (12.0 MB)
#12 795.6      ━━━━━━━━━━━━━━━━━━━━━━━━━━━━━━━━━━━━━━━━ 12.0/12.0 MB 1.7 MB/s eta 0:00:00
#12 795.7 Collecting jmespath<2.0.0,>=0.7.1
#12 795.7   Downloading jmespath-1.0.1-py3-none-any.whl (20 kB)
#12 795.8 Collecting gitdb<5,>=4.0.1
#12 795.9   Downloading gitdb-4.0.11-py3-none-any.whl (62 kB)
#12 795.9      ━━━━━━━━━━━━━━━━━━━━━━━━━━━━━━━━━━━━━━━━ 62.7/62.7 KB 1.7 MB/s eta 0:00:00
#12 796.1 Collecting fsspec>=2023.5.0
#12 796.2   Downloading fsspec-2024.2.0-py3-none-any.whl (170 kB)
#12 796.3      ━━━━━━━━━━━━━━━━━━━━━━━━━━━━━━━━━━━━━━━ 170.9/170.9 KB 1.6 MB/s eta 0:00:00
#12 796.4 Collecting filelock
#12 796.4   Downloading filelock-3.13.1-py3-none-any.whl (11 kB)
#12 796.4 Requirement already satisfied: pyparsing>=2.3.1 in /usr/lib/python3/dist-packages (from matplotlib>=3.3->yolov5==7.0.13->-r requirements.txt (line 16)) (2.4.7)
#12 796.5 Collecting python-dateutil>=2.7
#12 796.6   Downloading python_dateutil-2.8.2-py2.py3-none-any.whl (247 kB)
#12 796.7      ━━━━━━━━━━━━━━━━━━━━━━━━━━━━━━━━━━━━━━━ 247.7/247.7 KB 1.5 MB/s eta 0:00:00
#12 796.9 Collecting contourpy>=1.0.1
#12 796.9   Downloading contourpy-1.2.0-cp311-cp311-manylinux_2_17_x86_64.manylinux2014_x86_64.whl (313 kB)
#12 797.1      ━━━━━━━━━━━━━━━━━━━━━━━━━━━━━━━━━━━━━━━ 313.4/313.4 KB 1.6 MB/s eta 0:00:00
#12 797.3 Collecting kiwisolver>=1.3.1
#12 797.3   Downloading kiwisolver-1.4.5-cp311-cp311-manylinux_2_17_x86_64.manylinux2014_x86_64.whl (1.4 MB)
#12 798.2      ━━━━━━━━━━━━━━━━━━━━━━━━━━━━━━━━━━━━━━━━ 1.4/1.4 MB 1.7 MB/s eta 0:00:00
#12 798.4 Collecting fonttools>=4.22.0
#12 798.4   Downloading fonttools-4.49.0-cp311-cp311-manylinux_2_17_x86_64.manylinux2014_x86_64.whl (4.9 MB)
#12 802.4      ━━━━━━━━━━━━━━━━━━━━━━━━━━━━━━━━━━━━━━━━ 4.9/4.9 MB 1.2 MB/s eta 0:00:00
#12 802.4 Collecting cycler>=0.10
#12 802.5   Downloading cycler-0.12.1-py3-none-any.whl (8.3 kB)
#12 802.7 Collecting tzdata>=2022.7
#12 802.8   Downloading tzdata-2024.1-py2.py3-none-any.whl (345 kB)
#12 803.2      ━━━━━━━━━━━━━━━━━━━━━━━━━━━━━━━━━━━━━ 345.4/345.4 KB 732.5 kB/s eta 0:00:00
#12 803.3 Collecting pytz>=2020.1
#12 803.4   Downloading pytz-2024.1-py2.py3-none-any.whl (505 kB)
#12 804.1      ━━━━━━━━━━━━━━━━━━━━━━━━━━━━━━━━━━━━━ 505.5/505.5 KB 710.4 kB/s eta 0:00:00
#12 804.3 Collecting urllib3<3,>=1.21.1
#12 804.3   Downloading urllib3-2.2.1-py3-none-any.whl (121 kB)
#12 804.5      ━━━━━━━━━━━━━━━━━━━━━━━━━━━━━━━━━━━━━ 121.1/121.1 KB 635.2 kB/s eta 0:00:00
#12 804.6 Collecting certifi>=2017.4.17
#12 804.6   Downloading certifi-2024.2.2-py3-none-any.whl (163 kB)
#12 804.9      ━━━━━━━━━━━━━━━━━━━━━━━━━━━━━━━━━━━━━ 163.8/163.8 KB 666.2 kB/s eta 0:00:00
#12 805.1 Collecting charset-normalizer<4,>=2
#12 805.1   Downloading charset_normalizer-3.3.2-cp311-cp311-manylinux_2_17_x86_64.manylinux2014_x86_64.whl (140 kB)
#12 805.3      ━━━━━━━━━━━━━━━━━━━━━━━━━━━━━━━━━━━━━ 140.3/140.3 KB 732.4 kB/s eta 0:00:00
#12 805.3 Collecting certifi>=2017.4.17
#12 805.4   Downloading certifi-2023.7.22-py3-none-any.whl (158 kB)
#12 805.6      ━━━━━━━━━━━━━━━━━━━━━━━━━━━━━━━━━━━━━ 158.3/158.3 KB 769.9 kB/s eta 0:00:00
#12 805.6 Collecting idna>=2.8
#12 805.7   Downloading idna-2.10-py2.py3-none-any.whl (58 kB)
#12 805.8      ━━━━━━━━━━━━━━━━━━━━━━━━━━━━━━━━━━━━━━━ 58.8/58.8 KB 801.1 kB/s eta 0:00:00
#12 805.9 Collecting opencv-python-headless==4.8.0.74
#12 806.0   Downloading opencv_python_headless-4.8.0.74-cp37-abi3-manylinux_2_17_x86_64.manylinux2014_x86_64.whl (49.1 MB)
#12 839.0      ━━━━━━━━━━━━━━━━━━━━━━━━━━━━━━━━━━━━━━━━ 49.1/49.1 MB 1.6 MB/s eta 0:00:00
#12 839.1 Requirement already satisfied: six in /usr/lib/python3/dist-packages (from roboflow>=0.2.29->yolov5==7.0.13->-r requirements.txt (line 16)) (1.16.0)
#12 839.2 Collecting chardet==4.0.0
#12 839.4   Downloading chardet-4.0.0-py2.py3-none-any.whl (178 kB)
#12 839.5      ━━━━━━━━━━━━━━━━━━━━━━━━━━━━━━━━━━━━━━━ 178.7/178.7 KB 2.0 MB/s eta 0:00:00
#12 839.5 Collecting python-dotenv
#12 839.6   Downloading python_dotenv-1.0.1-py3-none-any.whl (19 kB)
#12 839.6 Collecting cycler>=0.10
#12 839.7   Downloading cycler-0.10.0-py2.py3-none-any.whl (6.5 kB)
#12 839.7 Collecting requests-toolbelt
#12 839.8   Downloading requests_toolbelt-1.0.0-py2.py3-none-any.whl (54 kB)
#12 839.8      ━━━━━━━━━━━━━━━━━━━━━━━━━━━━━━━━━━━━━━━━ 54.5/54.5 KB 2.3 MB/s eta 0:00:00
#12 839.9 Collecting supervision
#12 840.0   Downloading supervision-0.18.0-py3-none-any.whl (86 kB)
#12 840.0      ━━━━━━━━━━━━━━━━━━━━━━━━━━━━━━━━━━━━━━━━ 86.7/86.7 KB 2.1 MB/s eta 0:00:00
#12 840.1 Collecting python-magic
#12 840.1   Downloading python_magic-0.4.27-py2.py3-none-any.whl (13 kB)
#12 840.4 Collecting shapely>=1.8.0
#12 840.4   Downloading shapely-2.0.3-cp311-cp311-manylinux_2_17_x86_64.manylinux2014_x86_64.whl (2.5 MB)
#12 842.4      ━━━━━━━━━━━━━━━━━━━━━━━━━━━━━━━━━━━━━━━━ 2.5/2.5 MB 1.3 MB/s eta 0:00:00
#12 842.5 Collecting pybboxes==0.1.6
#12 842.5   Downloading pybboxes-0.1.6-py3-none-any.whl (24 kB)
#12 842.6 Collecting terminaltables
#12 842.7   Downloading terminaltables-3.1.10-py2.py3-none-any.whl (15 kB)
#12 842.7 Collecting opencv-python>=4.1.1
#12 842.8   Downloading opencv_python-4.7.0.72-cp37-abi3-manylinux_2_17_x86_64.manylinux2014_x86_64.whl (61.8 MB)
#12 877.5      ━━━━━━━━━━━━━━━━━━━━━━━━━━━━━━━━━━━━━━━━ 61.8/61.8 MB 1.7 MB/s eta 0:00:00
#12 877.8 Collecting markdown>=2.6.8
#12 877.9   Downloading Markdown-3.5.2-py3-none-any.whl (103 kB)
#12 878.0      ━━━━━━━━━━━━━━━━━━━━━━━━━━━━━━━━━━━━━━━ 103.9/103.9 KB 1.5 MB/s eta 0:00:00
#12 878.0 Collecting absl-py>=0.4
#12 878.1   Downloading absl_py-2.1.0-py3-none-any.whl (133 kB)
#12 878.2      ━━━━━━━━━━━━━━━━━━━━━━━━━━━━━━━━━━━━━━━ 133.7/133.7 KB 1.7 MB/s eta 0:00:00
#12 878.3 Collecting werkzeug>=1.0.1
#12 878.4   Downloading werkzeug-3.0.1-py3-none-any.whl (226 kB)
#12 878.5      ━━━━━━━━━━━━━━━━━━━━━━━━━━━━━━━━━━━━━━━ 226.7/226.7 KB 1.7 MB/s eta 0:00:00
#12 878.6 Collecting tensorboard-data-server<0.8.0,>=0.7.0
#12 878.6   Downloading tensorboard_data_server-0.7.2-py3-none-manylinux_2_31_x86_64.whl (6.6 MB)
#12 882.4      ━━━━━━━━━━━━━━━━━━━━━━━━━━━━━━━━━━━━━━━━ 6.6/6.6 MB 1.8 MB/s eta 0:00:00
#12 882.5 Collecting networkx
#12 882.5   Downloading networkx-3.2.1-py3-none-any.whl (1.6 MB)
#12 883.6      ━━━━━━━━━━━━━━━━━━━━━━━━━━━━━━━━━━━━━━━━ 1.6/1.6 MB 1.6 MB/s eta 0:00:00
#12 883.6 Collecting triton==2.2.0
#12 883.7   Downloading triton-2.2.0-cp311-cp311-manylinux_2_17_x86_64.manylinux2014_x86_64.whl (167.9 MB)
#12 983.5      ━━━━━━━━━━━━━━━━━━━━━━━━━━━━━━━━━━━━━━━ 167.9/167.9 MB 1.4 MB/s eta 0:00:00
#12 983.9 Collecting nvidia-nvtx-cu12==12.1.105
#12 983.9   Downloading nvidia_nvtx_cu12-12.1.105-py3-none-manylinux1_x86_64.whl (99 kB)
#12 984.0      ━━━━━━━━━━━━━━━━━━━━━━━━━━━━━━━━━━━━━━━━ 99.1/99.1 KB 1.6 MB/s eta 0:00:00
#12 984.0 Collecting nvidia-cuda-cupti-cu12==12.1.105
#12 984.1   Downloading nvidia_cuda_cupti_cu12-12.1.105-py3-none-manylinux1_x86_64.whl (14.1 MB)
#12 993.9      ━━━━━━━━━━━━━━━━━━━━━━━━━━━━━━━━━━━━━━━━ 14.1/14.1 MB 1.4 MB/s eta 0:00:00
#12 994.0 Collecting nvidia-cusparse-cu12==12.1.0.106
#12 994.1   Downloading nvidia_cusparse_cu12-12.1.0.106-py3-none-manylinux1_x86_64.whl (196.0 MB)
#12 1115.8      ━━━━━━━━━━━━━━━━━━━━━━━━━━━━━━━━━━━━━━━ 196.0/196.0 MB 1.7 MB/s eta 0:00:00
#12 1116.3 Collecting jinja2
#12 1116.3   Downloading Jinja2-3.1.3-py3-none-any.whl (133 kB)
#12 1116.4      ━━━━━━━━━━━━━━━━━━━━━━━━━━━━━━━━━━━━━━━ 133.2/133.2 KB 1.8 MB/s eta 0:00:00
#12 1116.5 Collecting nvidia-cublas-cu12==12.1.3.1
#12 1116.5   Downloading nvidia_cublas_cu12-12.1.3.1-py3-none-manylinux1_x86_64.whl (410.6 MB)
#12 1359.4      ━━━━━━━━━━━━━━━━━━━━━━━━━━━━━━━━━━━━━ 410.6/410.6 MB 548.3 kB/s eta 0:00:00
#12 1360.3 Collecting nvidia-cuda-runtime-cu12==12.1.105
#12 1360.4   Downloading nvidia_cuda_runtime_cu12-12.1.105-py3-none-manylinux1_x86_64.whl (823 kB)
#12 1360.9      ━━━━━━━━━━━━━━━━━━━━━━━━━━━━━━━━━━━━━━━ 823.6/823.6 KB 1.7 MB/s eta 0:00:00
#12 1360.9 Collecting nvidia-cufft-cu12==11.0.2.54
#12 1361.0   Downloading nvidia_cufft_cu12-11.0.2.54-py3-none-manylinux1_x86_64.whl (121.6 MB)
#12 1422.7      ━━━━━━━━━━━━━━━━━━━━━━━━━━━━━━━━━━━━━━━ 121.6/121.6 MB 1.7 MB/s eta 0:00:00
#12 1423.0 Collecting nvidia-curand-cu12==10.3.2.106
#12 1423.0   Downloading nvidia_curand_cu12-10.3.2.106-py3-none-manylinux1_x86_64.whl (56.5 MB)
#12 1465.8      ━━━━━━━━━━━━━━━━━━━━━━━━━━━━━━━━━━━━━━━━ 56.5/56.5 MB 1.6 MB/s eta 0:00:00
#12 1466.0 Collecting nvidia-cusolver-cu12==11.4.5.107
#12 1466.1   Downloading nvidia_cusolver_cu12-11.4.5.107-py3-none-manylinux1_x86_64.whl (124.2 MB)
#12 1528.0      ━━━━━━━━━━━━━━━━━━━━━━━━━━━━━━━━━━━━━━━ 124.2/124.2 MB 1.5 MB/s eta 0:00:00
#12 1528.3 Collecting nvidia-nccl-cu12==2.19.3
#12 1528.3   Downloading nvidia_nccl_cu12-2.19.3-py3-none-manylinux1_x86_64.whl (166.0 MB)
#12 1634.0      ━━━━━━━━━━━━━━━━━━━━━━━━━━━━━━━━━━━━━ 166.0/166.0 MB 755.2 kB/s eta 0:00:00
#12 1634.5 Collecting sympy
#12 1634.5   Downloading sympy-1.12-py3-none-any.whl (5.7 MB)
#12 1637.9      ━━━━━━━━━━━━━━━━━━━━━━━━━━━━━━━━━━━━━━━━ 5.7/5.7 MB 1.7 MB/s eta 0:00:00
#12 1637.9 Collecting nvidia-cuda-nvrtc-cu12==12.1.105
#12 1638.0   Downloading nvidia_cuda_nvrtc_cu12-12.1.105-py3-none-manylinux1_x86_64.whl (23.7 MB)
#12 1648.3      ━━━━━━━━━━━━━━━━━━━━━━━━━━━━━━━━━━━━━━━━ 23.7/23.7 MB 2.1 MB/s eta 0:00:00
#12 1648.4 Collecting nvidia-cudnn-cu12==8.9.2.26
#12 1648.5   Downloading nvidia_cudnn_cu12-8.9.2.26-py3-none-manylinux1_x86_64.whl (731.7 MB)
#12 2105.1      ━━━━━━━━━━━━━━━━━━━━━━━━━━━━━━━━━━━━━ 731.7/731.7 MB 348.5 kB/s eta 0:00:00
#12 2106.7 WARNING: Retrying (Retry(total=4, connect=None, read=None, redirect=None, status=None)) after connection broken by 'ProtocolError('Connection aborted.', RemoteDisconnected('Remote end closed connection without response'))': /simple/nvidia-nvjitlink-cu12/
#12 2107.0 Collecting nvidia-nvjitlink-cu12
#12 2107.1   Downloading nvidia_nvjitlink_cu12-12.3.101-py3-none-manylinux1_x86_64.whl (20.5 MB)
#12 2121.4      ━━━━━━━━━━━━━━━━━━━━━━━━━━━━━━━━━━━━━━━━ 20.5/20.5 MB 1.5 MB/s eta 0:00:00
#12 2121.7 Collecting py-cpuinfo
#12 2121.8   Downloading py_cpuinfo-9.0.0-py3-none-any.whl (22 kB)
#12 2121.9 Collecting termcolor
#12 2121.9   Downloading termcolor-2.4.0-py3-none-any.whl (7.7 kB)
#12 2122.0 Collecting urllib3<3,>=1.21.1
#12 2122.0   Downloading urllib3-2.0.7-py3-none-any.whl (124 kB)
#12 2122.1      ━━━━━━━━━━━━━━━━━━━━━━━━━━━━━━━━━━━━━━━ 124.2/124.2 KB 1.8 MB/s eta 0:00:00
#12 2122.3 Collecting smmap<6,>=3.0.1
#12 2122.4   Downloading smmap-5.0.1-py3-none-any.whl (24 kB)
#12 2122.8 Collecting MarkupSafe>=2.1.1
#12 2122.9   Downloading MarkupSafe-2.1.5-cp311-cp311-manylinux_2_17_x86_64.manylinux2014_x86_64.whl (28 kB)
#12 2123.1 Collecting defusedxml<0.8.0,>=0.7.1
#12 2123.1   Downloading defusedxml-0.7.1-py2.py3-none-any.whl (25 kB)
#12 2123.2 Collecting mpmath>=0.19
#12 2123.3   Downloading mpmath-1.3.0-py3-none-any.whl (536 kB)
#12 2123.6      ━━━━━━━━━━━━━━━━━━━━━━━━━━━━━━━━━━━━━━━ 536.2/536.2 KB 1.9 MB/s eta 0:00:00
#12 2123.7 Building wheels for collected packages: pyspark, fire
#12 2123.7   Building wheel for pyspark (setup.py): started
#12 2137.5   Building wheel for pyspark (setup.py): finished with status 'done'
#12 2138.1   Created wheel for pyspark: filename=pyspark-3.5.0-py2.py3-none-any.whl size=317425364 sha256=aa3947c98418e3e99ad03f1bc26c409e30eb1389394140a7a58274f1c5768282
#12 2138.1   Stored in directory: /root/.cache/pip/wheels/38/df/61/8c121f50c3cffd77f8178180dd232d90b3b99d1bd61fb6d6be
#12 2138.1   Building wheel for fire (setup.py): started
#12 2138.3   Building wheel for fire (setup.py): finished with status 'done'
#12 2138.3   Created wheel for fire: filename=fire-0.5.0-py2.py3-none-any.whl size=116951 sha256=0ea1227167b5df2e612fbadbf9fc3e36253292802e95bf44849157a12503e259
#12 2138.3   Stored in directory: /root/.cache/pip/wheels/a7/ee/a5/19e91481be8bea594935d137578bfe77d6bf905e4595336f6b
#12 2138.3 Successfully built pyspark fire
#12 2139.4 Installing collected packages: pytz, py4j, py-cpuinfo, mpmath, confluent-kafka, urllib3, tzdata, typing-extensions, tqdm, terminaltables, termcolor, tensorboard-data-server, sympy, sniffio, smmap, setuptools, redis, PyYAML, python-magic, python-dotenv, python-dateutil, pyspark, psutil, protobuf, pillow, packaging, nvidia-nvtx-cu12, nvidia-nvjitlink-cu12, nvidia-nccl-cu12, nvidia-curand-cu12, nvidia-cufft-cu12, nvidia-cuda-runtime-cu12, nvidia-cuda-nvrtc-cu12, nvidia-cuda-cupti-cu12, nvidia-cublas-cu12, numpy, networkx, msgpack, MarkupSafe, markdown, loguru, kiwisolver, jmespath, idna, h11, grpcio, fsspec, fonttools, filelock, defusedxml, cycler, click, charset-normalizer, chardet, certifi, async-timeout, annotated-types, absl-py, werkzeug, uvicorn, triton, shapely, scipy, requests, pydantic-core, pybboxes, pyarrow, pandas, opencv-python-headless, opencv-python, nvidia-cusparse-cu12, nvidia-cudnn-cu12, msgpack_numpy, jinja2, imageio, googleapis-common-protos, gitdb, fire, contourpy, botocore, anyio, aiokafka, tensorboard, starlette, sahi, s3transfer, requests-toolbelt, pydantic, nvidia-cusolver-cu12, matplotlib, huggingface-hub, grpcio_status, gitpython, torch, supervision, seaborn, fastapi, boto3, torchvision, thop, roboflow, ultralytics, yolov5
#12 2144.2   Attempting uninstall: setuptools
#12 2144.2     Found existing installation: setuptools 59.6.0
#12 2144.2     Not uninstalling setuptools at /usr/lib/python3/dist-packages, outside environment /usr
#12 2144.2     Can't uninstall 'setuptools'. No files were found to uninstall.
#12 2268.2 Successfully installed MarkupSafe-2.1.5 PyYAML-6.0.1 absl-py-2.1.0 aiokafka-0.10.0 annotated-types-0.6.0 anyio-3.7.1 async-timeout-4.0.3 boto3-1.34.44 botocore-1.34.44 certifi-2023.7.22 chardet-4.0.0 charset-normalizer-3.3.2 click-8.1.7 confluent-kafka-2.3.0 contourpy-1.2.0 cycler-0.10.0 defusedxml-0.7.1 fastapi-0.105.0 filelock-3.13.1 fire-0.5.0 fonttools-4.49.0 fsspec-2024.2.0 gitdb-4.0.11 gitpython-3.1.42 googleapis-common-protos-1.62.0 grpcio-1.60.1 grpcio_status-1.60.0 h11-0.14.0 huggingface-hub-0.20.3 idna-2.10 imageio-2.33.1 jinja2-3.1.3 jmespath-1.0.1 kiwisolver-1.4.5 loguru-0.7.2 markdown-3.5.2 matplotlib-3.8.3 mpmath-1.3.0 msgpack-1.0.7 msgpack_numpy-0.4.8 networkx-3.2.1 numpy-1.26.4 nvidia-cublas-cu12-12.1.3.1 nvidia-cuda-cupti-cu12-12.1.105 nvidia-cuda-nvrtc-cu12-12.1.105 nvidia-cuda-runtime-cu12-12.1.105 nvidia-cudnn-cu12-8.9.2.26 nvidia-cufft-cu12-11.0.2.54 nvidia-curand-cu12-10.3.2.106 nvidia-cusolver-cu12-11.4.5.107 nvidia-cusparse-cu12-12.1.0.106 nvidia-nccl-cu12-2.19.3 nvidia-nvjitlink-cu12-12.3.101 nvidia-nvtx-cu12-12.1.105 opencv-python-4.7.0.72 opencv-python-headless-4.8.0.74 packaging-23.2 pandas-2.2.0 pillow-10.2.0 protobuf-4.25.3 psutil-5.9.8 py-cpuinfo-9.0.0 py4j-0.10.9.7 pyarrow-15.0.0 pybboxes-0.1.6 pydantic-2.5.3 pydantic-core-2.14.6 pyspark-3.5.0 python-dateutil-2.8.2 python-dotenv-1.0.1 python-magic-0.4.27 pytz-2024.1 redis-5.0.1 requests-2.31.0 requests-toolbelt-1.0.0 roboflow-1.1.19 s3transfer-0.10.0 sahi-0.11.15 scipy-1.12.0 seaborn-0.13.2 setuptools-69.1.0 shapely-2.0.3 smmap-5.0.1 sniffio-1.3.0 starlette-0.27.0 supervision-0.18.0 sympy-1.12 tensorboard-2.16.2 tensorboard-data-server-0.7.2 termcolor-2.4.0 terminaltables-3.1.10 thop-0.1.1.post2209072238 torch-2.2.0 torchvision-0.17.0 tqdm-4.66.2 triton-2.2.0 typing-extensions-4.9.0 tzdata-2024.1 ultralytics-8.1.15 urllib3-2.0.7 uvicorn-0.27.1 werkzeug-3.0.1 yolov5-7.0.13
#12 2268.2 WARNING: Running pip as the 'root' user can result in broken permissions and conflicting behaviour with the system package manager. It is recommended to use a virtual environment instead: https://pip.pypa.io/warnings/venv
#12 DONE 2269.7s

#13 exporting to image
#13 exporting layers
#13 exporting layers 52.8s done
#13 writing image sha256:c465a04372b6623f28b4c8f0637a6c84d9b1402d06430ab1c6831828c24ddafa 0.0s done
#13 naming to docker.io/library/docker-myapp done
#13 DONE 52.8s
Container spark-master  Running
Container docker-myapp-1  Recreate
Container docker-redis-1  Recreate
Container docker-zookeeper-1  Running
Container spark-worker-1  Running
Container spark-worker-2  Running
Container docker-kafka-1  Running
Container docker-kafka-topics-generator-1  Created
Container kafka-ui  Running
Container docker-redis-1  Recreated
Container docker-myapp-1  Recreated
Container docker-myapp-1  Starting
Container docker-redis-1  Starting
Container docker-zookeeper-1  Waiting
Container docker-zookeeper-1  Healthy
Container docker-kafka-1  Waiting
Container docker-kafka-1  Waiting
Container docker-kafka-1  Healthy
Container docker-kafka-1  Healthy
Container docker-kafka-topics-generator-1  Starting
Container docker-myapp-1  Started
Container docker-kafka-topics-generator-1  Started
Error response from daemon: Ports are not available: exposing port TCP 172.18.0.6:10002 -> 0.0.0.0:0: listen tcp 172.18.0.6:10002: can't bind on the specified endpoint
2024-02-19 14:44:29.122 | INFO     | init.init_docker:start:44 - Creation and launching of docker servers is completed.

2024-02-19 14:44:29.142 | INFO     | init.init_docker:start:47 - End work init_docker function.

2024-02-19 14:44:29.145 | INFO     | __main__:build:25 - End work build function.

