2024-02-20 16:13:12.833 | INFO     | __main__:build:23 - Start work build function.

2024-02-20 16:13:12.836 | INFO     | init.init_docker:start:40 - Start work init_docker function.

#1 [internal] load build definition from Dockerfile
#1 transferring dockerfile: 32B 0.0s done
#1 DONE 0.1s

#2 [internal] load .dockerignore
#2 transferring context: 2B done
#2 DONE 0.1s

#3 [internal] load metadata for docker.io/library/ubuntu:latest
#3 DONE 1.8s

#4 [1/8] FROM docker.io/library/ubuntu:latest@sha256:f9d633ff6640178c2d0525017174a688e2c1aef28f0a0130b26bd5554491f0da
#4 DONE 0.0s

#5 [internal] load build context
#5 transferring context: 5.90kB 0.0s done
#5 DONE 0.1s

#6 [2/8] RUN apt update &&     apt-get -y install firefox &&     apt-get install -y wget &&     apt-get install -y openjdk-11-jdk &&     apt-get install -y --no-install-recommends software-properties-common &&     apt-get install -y --no-install-recommends gpg-agent &&     add-apt-repository ppa:deadsnakes/ppa &&     apt-get install -y --no-install-recommends python3.11 &&     apt-get install -y --no-install-recommends python3-pip &&     apt-get install -y --no-install-recommends python3.11-venv &&     apt-get install -y openssh-server unzip curl &&     service ssh start &&     apt install -y sudo &&     apt-get install -y --no-install-recommends python3.11 &&     apt-get clean &&     rm -rf /var/lib/apt/lists/*
#6 CACHED

#7 [3/8] RUN update-alternatives --install /usr/bin/python3 python3 /usr/bin/python3.11 1
#7 CACHED

#8 [4/8] RUN wget https://dlcdn.apache.org/hadoop/common/hadoop-3.3.6/hadoop-3.3.6.tar.gz &&     tar -xvzf hadoop-3.3.6.tar.gz &&     mv hadoop-3.3.6 /usr/local/hadoop
#8 CACHED

#9 [5/8] RUN wget https://www.apache.org/dist/spark/spark-3.5.0/spark-3.5.0-bin-hadoop3.tgz &&     tar -xvzf spark-3.5.0-bin-hadoop3.tgz &&     mv spark-3.5.0-bin-hadoop3 /usr/local/spark
#9 CACHED

#10 [6/8] COPY /app /app
#10 DONE 0.2s

#11 [7/8] WORKDIR /app
#11 DONE 0.2s

#12 [8/8] RUN pip3 install -r requirements.txt
#12 8.652 Collecting pydantic==2.5.3
#12 8.921   Downloading pydantic-2.5.3-py3-none-any.whl (381 kB)
#12 9.095      ━━━━━━━━━━━━━━━━━━━━━━━━━━━━━━━━━━━━━━━ 381.9/381.9 KB 2.2 MB/s eta 0:00:00
#12 9.237 Collecting fastapi==0.105.0
#12 9.295   Downloading fastapi-0.105.0-py3-none-any.whl (93 kB)
#12 9.331      ━━━━━━━━━━━━━━━━━━━━━━━━━━━━━━━━━━━━━━━━ 93.1/93.1 KB 2.6 MB/s eta 0:00:00
#12 9.428 Collecting redis==5.0.1
#12 9.485   Downloading redis-5.0.1-py3-none-any.whl (250 kB)
#12 9.525      ━━━━━━━━━━━━━━━━━━━━━━━━━━━━━━━━━━━━━━━ 250.3/250.3 KB 6.3 MB/s eta 0:00:00
#12 9.593 Collecting pyspark==3.5.0
#12 9.651   Downloading pyspark-3.5.0.tar.gz (316.9 MB)
#12 138.1      ━━━━━━━━━━━━━━━━━━━━━━━━━━━━━━━━━━━━━ 316.9/316.9 MB 529.7 kB/s eta 0:00:00
#12 156.5   Preparing metadata (setup.py): started
#12 156.9   Preparing metadata (setup.py): finished with status 'done'
#12 157.1 Collecting pyarrow==15.0.0
#12 157.1   Downloading pyarrow-15.0.0-cp311-cp311-manylinux_2_28_x86_64.whl (38.3 MB)
#12 162.6      ━━━━━━━━━━━━━━━━━━━━━━━━━━━━━━━━━━━━━━━━ 38.3/38.3 MB 6.5 MB/s eta 0:00:00
#12 162.8 Collecting confluent-kafka==2.3.0
#12 162.9   Downloading confluent_kafka-2.3.0-cp311-cp311-manylinux_2_17_x86_64.manylinux2014_x86_64.whl (4.0 MB)
#12 163.4      ━━━━━━━━━━━━━━━━━━━━━━━━━━━━━━━━━━━━━━━━ 4.0/4.0 MB 7.5 MB/s eta 0:00:00
#12 163.5 Collecting aiokafka==0.10.0
#12 163.6   Downloading aiokafka-0.10.0-cp311-cp311-manylinux_2_17_x86_64.manylinux2014_x86_64.whl (1.1 MB)
#12 163.8      ━━━━━━━━━━━━━━━━━━━━━━━━━━━━━━━━━━━━━━━━ 1.1/1.1 MB 14.0 MB/s eta 0:00:00
#12 163.8 Collecting imageio==2.33.1
#12 163.9   Downloading imageio-2.33.1-py3-none-any.whl (313 kB)
#12 163.9      ━━━━━━━━━━━━━━━━━━━━━━━━━━━━━━━━━━━━━━━ 313.3/313.3 KB 7.2 MB/s eta 0:00:00
#12 164.0 Collecting loguru==0.7.2
#12 164.1   Downloading loguru-0.7.2-py3-none-any.whl (62 kB)
#12 164.1      ━━━━━━━━━━━━━━━━━━━━━━━━━━━━━━━━━━━━━━━━ 62.5/62.5 KB 3.8 MB/s eta 0:00:00
#12 164.2 Collecting msgpack_numpy==0.4.8
#12 164.3   Downloading msgpack_numpy-0.4.8-py2.py3-none-any.whl (6.9 kB)
#12 164.4 Collecting uvicorn==0.27.1
#12 164.5   Downloading uvicorn-0.27.1-py3-none-any.whl (60 kB)
#12 164.5      ━━━━━━━━━━━━━━━━━━━━━━━━━━━━━━━━━━━━━━━━ 60.8/60.8 KB 2.7 MB/s eta 0:00:00
#12 164.7 Collecting yolov5==7.0.13
#12 164.7   Downloading yolov5-7.0.13-py37.py38.py39.py310-none-any.whl (953 kB)
#12 164.9      ━━━━━━━━━━━━━━━━━━━━━━━━━━━━━━━━━━━━━━━ 953.4/953.4 KB 6.6 MB/s eta 0:00:00
#12 165.0 Collecting grpcio_status==1.60.0
#12 165.0   Downloading grpcio_status-1.60.0-py3-none-any.whl (14 kB)
#12 166.2 Collecting pydantic-core==2.14.6
#12 166.3   Downloading pydantic_core-2.14.6-cp311-cp311-manylinux_2_17_x86_64.manylinux2014_x86_64.whl (2.1 MB)
#12 166.5      ━━━━━━━━━━━━━━━━━━━━━━━━━━━━━━━━━━━━━━━━ 2.1/2.1 MB 7.4 MB/s eta 0:00:00
#12 166.6 Collecting typing-extensions>=4.6.1
#12 166.7   Downloading typing_extensions-4.9.0-py3-none-any.whl (32 kB)
#12 166.8 Collecting annotated-types>=0.4.0
#12 166.8   Downloading annotated_types-0.6.0-py3-none-any.whl (12 kB)
#12 166.9 Collecting anyio<4.0.0,>=3.7.1
#12 167.0   Downloading anyio-3.7.1-py3-none-any.whl (80 kB)
#12 167.0      ━━━━━━━━━━━━━━━━━━━━━━━━━━━━━━━━━━━━━━━━ 80.9/80.9 KB 3.7 MB/s eta 0:00:00
#12 167.1 Collecting starlette<0.28.0,>=0.27.0
#12 167.2   Downloading starlette-0.27.0-py3-none-any.whl (66 kB)
#12 167.2      ━━━━━━━━━━━━━━━━━━━━━━━━━━━━━━━━━━━━━━━━ 67.0/67.0 KB 3.8 MB/s eta 0:00:00
#12 167.3 Collecting py4j==0.10.9.7
#12 167.3   Downloading py4j-0.10.9.7-py2.py3-none-any.whl (200 kB)
#12 167.4      ━━━━━━━━━━━━━━━━━━━━━━━━━━━━━━━━━━━━━━━ 200.5/200.5 KB 6.2 MB/s eta 0:00:00
#12 167.7 Collecting numpy<2,>=1.16.6
#12 167.8   Downloading numpy-1.26.4-cp311-cp311-manylinux_2_17_x86_64.manylinux2014_x86_64.whl (18.3 MB)
#12 170.1      ━━━━━━━━━━━━━━━━━━━━━━━━━━━━━━━━━━━━━━━━ 18.3/18.3 MB 7.9 MB/s eta 0:00:00
#12 170.2 Collecting async-timeout
#12 170.2   Downloading async_timeout-4.0.3-py3-none-any.whl (5.7 kB)
#12 170.3 Collecting packaging
#12 170.4   Downloading packaging-23.2-py3-none-any.whl (53 kB)
#12 170.4      ━━━━━━━━━━━━━━━━━━━━━━━━━━━━━━━━━━━━━━━━ 53.0/53.0 KB 2.8 MB/s eta 0:00:00
#12 170.8 Collecting pillow>=8.3.2
#12 170.9   Downloading pillow-10.2.0-cp311-cp311-manylinux_2_28_x86_64.whl (4.5 MB)
#12 171.4      ━━━━━━━━━━━━━━━━━━━━━━━━━━━━━━━━━━━━━━━━ 4.5/4.5 MB 8.1 MB/s eta 0:00:00
#12 171.6 Collecting msgpack>=0.5.2
#12 171.7   Downloading msgpack-1.0.7-cp311-cp311-manylinux_2_17_x86_64.manylinux2014_x86_64.whl (557 kB)
#12 171.8      ━━━━━━━━━━━━━━━━━━━━━━━━━━━━━━━━━━━━━━━ 558.0/558.0 KB 6.8 MB/s eta 0:00:00
#12 171.9 Collecting h11>=0.8
#12 171.9   Downloading h11-0.14.0-py3-none-any.whl (58 kB)
#12 172.0      ━━━━━━━━━━━━━━━━━━━━━━━━━━━━━━━━━━━━━━━━ 58.3/58.3 KB 3.0 MB/s eta 0:00:00
#12 172.0 Collecting click>=7.0
#12 172.1   Downloading click-8.1.7-py3-none-any.whl (97 kB)
#12 172.1      ━━━━━━━━━━━━━━━━━━━━━━━━━━━━━━━━━━━━━━━━ 97.9/97.9 KB 5.0 MB/s eta 0:00:00
#12 172.2 Collecting PyYAML>=5.3.1
#12 172.3   Downloading PyYAML-6.0.1-cp311-cp311-manylinux_2_17_x86_64.manylinux2014_x86_64.whl (757 kB)
#12 172.4      ━━━━━━━━━━━━━━━━━━━━━━━━━━━━━━━━━━━━━━━ 757.7/757.7 KB 7.6 MB/s eta 0:00:00
#12 172.5 Collecting gitpython>=3.1.30
#12 172.5   Downloading GitPython-3.1.42-py3-none-any.whl (195 kB)
#12 172.6      ━━━━━━━━━━━━━━━━━━━━━━━━━━━━━━━━━━━━━━━ 195.4/195.4 KB 6.9 MB/s eta 0:00:00
#12 172.7 Collecting requests>=2.23.0
#12 172.7   Downloading requests-2.31.0-py3-none-any.whl (62 kB)
#12 172.7      ━━━━━━━━━━━━━━━━━━━━━━━━━━━━━━━━━━━━━━━━ 62.6/62.6 KB 4.1 MB/s eta 0:00:00
#12 173.0 Collecting scipy>=1.4.1
#12 173.0   Downloading scipy-1.12.0-cp311-cp311-manylinux_2_17_x86_64.manylinux2014_x86_64.whl (38.4 MB)
#12 180.2      ━━━━━━━━━━━━━━━━━━━━━━━━━━━━━━━━━━━━━━━━ 38.4/38.4 MB 2.4 MB/s eta 0:00:00
#12 180.4 Collecting sahi>=0.11.10
#12 180.5   Downloading sahi-0.11.15-py3-none-any.whl (105 kB)
#12 180.5      ━━━━━━━━━━━━━━━━━━━━━━━━━━━━━━━━━━━━━━━ 105.4/105.4 KB 5.3 MB/s eta 0:00:00
#12 180.6 Collecting huggingface-hub>=0.12.0
#12 180.7   Downloading huggingface_hub-0.20.3-py3-none-any.whl (330 kB)
#12 180.7      ━━━━━━━━━━━━━━━━━━━━━━━━━━━━━━━━━━━━━━━ 330.1/330.1 KB 7.9 MB/s eta 0:00:00
#12 180.8 Collecting roboflow>=0.2.29
#12 180.8   Downloading roboflow-1.1.19-py3-none-any.whl (70 kB)
#12 180.9      ━━━━━━━━━━━━━━━━━━━━━━━━━━━━━━━━━━━━━━━━ 70.2/70.2 KB 5.0 MB/s eta 0:00:00
#12 181.0 Collecting tqdm>=4.64.0
#12 181.0   Downloading tqdm-4.66.2-py3-none-any.whl (78 kB)
#12 181.1      ━━━━━━━━━━━━━━━━━━━━━━━━━━━━━━━━━━━━━━━━ 78.3/78.3 KB 3.9 MB/s eta 0:00:00
#12 181.1 Collecting seaborn>=0.11.0
#12 181.2   Downloading seaborn-0.13.2-py3-none-any.whl (294 kB)
#12 181.2      ━━━━━━━━━━━━━━━━━━━━━━━━━━━━━━━━━━━━━━━ 294.9/294.9 KB 7.3 MB/s eta 0:00:00
#12 181.5 Collecting setuptools>=65.5.1
#12 181.6   Downloading setuptools-69.1.0-py3-none-any.whl (819 kB)
#12 181.7      ━━━━━━━━━━━━━━━━━━━━━━━━━━━━━━━━━━━━━━━ 819.3/819.3 KB 6.3 MB/s eta 0:00:00
#12 181.8 Collecting fire
#12 181.9   Downloading fire-0.5.0.tar.gz (88 kB)
#12 181.9      ━━━━━━━━━━━━━━━━━━━━━━━━━━━━━━━━━━━━━━━━ 88.3/88.3 KB 5.0 MB/s eta 0:00:00
#12 181.9   Preparing metadata (setup.py): started
#12 182.0   Preparing metadata (setup.py): finished with status 'done'
#12 182.3 Collecting pandas>=1.1.4
#12 182.4   Downloading pandas-2.2.0-cp311-cp311-manylinux_2_17_x86_64.manylinux2014_x86_64.whl (13.0 MB)
#12 185.6      ━━━━━━━━━━━━━━━━━━━━━━━━━━━━━━━━━━━━━━━━ 13.0/13.0 MB 3.4 MB/s eta 0:00:00
#12 185.8 Collecting tensorboard>=2.4.1
#12 185.8   Downloading tensorboard-2.16.2-py3-none-any.whl (5.5 MB)
#12 186.3      ━━━━━━━━━━━━━━━━━━━━━━━━━━━━━━━━━━━━━━━━ 5.5/5.5 MB 11.8 MB/s eta 0:00:00
#12 186.4 Collecting torch>=1.7.0
#12 186.5   Downloading torch-2.2.0-cp311-cp311-manylinux1_x86_64.whl (755.5 MB)
#12 981.9      ━━━━━━━━━━━━━━━━━━━━━━━━━━━━━━━━━━━━━━━━ 755.5/755.5 MB ? eta 0:00:00
#12 1050.7 WARNING: Retrying (Retry(total=4, connect=None, read=None, redirect=None, status=None)) after connection broken by 'ProtocolError('Connection aborted.', RemoteDisconnected('Remote end closed connection without response'))': /simple/psutil/
#12 1052.9 Collecting psutil
#12 1052.9   WARNING: Retrying (Retry(total=4, connect=None, read=None, redirect=None, status=None)) after connection broken by 'ProtocolError('Connection aborted.', RemoteDisconnected('Remote end closed connection without response'))': /packages/c5/4f/0e22aaa246f96d6ac87fe5ebb9c5a693fbe8877f537a1022527c47ca43c5/psutil-5.9.8-cp36-abi3-manylinux_2_12_x86_64.manylinux2010_x86_64.manylinux_2_17_x86_64.manylinux2014_x86_64.whl
#12 1053.4   Downloading psutil-5.9.8-cp36-abi3-manylinux_2_12_x86_64.manylinux2010_x86_64.manylinux_2_17_x86_64.manylinux2014_x86_64.whl (288 kB)
#12 1053.9      ━━━━━━━━━━━━━━━━━━━━━━━━━━━━━━━━━━━━━ 288.2/288.2 KB 552.6 kB/s eta 0:00:00
#12 1054.2 Collecting opencv-python>=4.1.1
#12 1054.3   Downloading opencv_python-4.9.0.80-cp37-abi3-manylinux_2_17_x86_64.manylinux2014_x86_64.whl (62.2 MB)
#12 1643.4      ━━━━━━━━━━━━━━━━━━━━━━━━━━━━━━━━━━━━━━━━ 62.2/62.2 MB 81.2 kB/s eta 0:00:00
#12 1643.7 WARNING: Retrying (Retry(total=4, connect=None, read=None, redirect=None, status=None)) after connection broken by 'ProtocolError('Connection aborted.', RemoteDisconnected('Remote end closed connection without response'))': /simple/thop/
#12 1644.1 Collecting thop>=0.1.1
#12 1644.1   Downloading thop-0.1.1.post2209072238-py3-none-any.whl (15 kB)
#12 1644.6 Collecting matplotlib>=3.3
#12 1644.7   Downloading matplotlib-3.8.3-cp311-cp311-manylinux_2_17_x86_64.manylinux2014_x86_64.whl (11.6 MB)
#12 1757.6      ━━━━━━━━━━━━━━━━━━━━━━━━━━━━━━━━━━━━━━━━ 11.6/11.6 MB 98.8 kB/s eta 0:00:00
#12 1758.3 Collecting boto3>=1.19.1
#12 1758.3   Downloading boto3-1.34.45-py3-none-any.whl (139 kB)
#12 1759.5      ━━━━━━━━━━━━━━━━━━━━━━━━━━━━━━━━━━━━━ 139.3/139.3 KB 120.4 kB/s eta 0:00:00
#12 1759.7 Collecting ultralytics>=8.0.100
#12 1760.5   Downloading ultralytics-8.1.16-py3-none-any.whl (715 kB)
#12 1766.5      ━━━━━━━━━━━━━━━━━━━━━━━━━━━━━━━━━━━━━ 715.4/715.4 KB 117.9 kB/s eta 0:00:00
#12 1766.6 Collecting torchvision>=0.8.1
#12 1766.7   Downloading torchvision-0.17.0-cp311-cp311-manylinux1_x86_64.whl (6.9 MB)
#12 1836.2      ━━━━━━━━━━━━━━━━━━━━━━━━━━━━━━━━━━━━━━━━ 6.9/6.9 MB 96.7 kB/s eta 0:00:00
#12 1837.1 Collecting grpcio>=1.60.0
#12 1837.2   Downloading grpcio-1.60.1-cp311-cp311-manylinux_2_17_x86_64.manylinux2014_x86_64.whl (5.4 MB)
#12 1890.3      ━━━━━━━━━━━━━━━━━━━━━━━━━━━━━━━━━━━━━━━━ 5.4/5.4 MB 104.6 kB/s eta 0:00:00
#12 1890.7 Collecting protobuf>=4.21.6
#12 1890.7   Downloading protobuf-4.25.3-cp37-abi3-manylinux2014_x86_64.whl (294 kB)
#12 1894.0      ━━━━━━━━━━━━━━━━━━━━━━━━━━━━━━━━━━━━━━ 294.6/294.6 KB 90.7 kB/s eta 0:00:00
#12 1894.1 Collecting googleapis-common-protos>=1.5.5
#12 1894.1   Downloading googleapis_common_protos-1.62.0-py2.py3-none-any.whl (228 kB)
#12 1896.5      ━━━━━━━━━━━━━━━━━━━━━━━━━━━━━━━━━━━━━━ 228.7/228.7 KB 99.9 kB/s eta 0:00:00
#12 1896.6 Collecting sniffio>=1.1
#12 1896.6   Downloading sniffio-1.3.0-py3-none-any.whl (10 kB)
#12 1896.8 Collecting idna>=2.8
#12 1896.8   Downloading idna-3.6-py3-none-any.whl (61 kB)
#12 1897.8      ━━━━━━━━━━━━━━━━━━━━━━━━━━━━━━━━━━━━━━━━ 61.6/61.6 KB 69.9 kB/s eta 0:00:00
#12 1897.8 Collecting s3transfer<0.11.0,>=0.10.0
#12 1897.9   Downloading s3transfer-0.10.0-py3-none-any.whl (82 kB)
#12 1898.5      ━━━━━━━━━━━━━━━━━━━━━━━━━━━━━━━━━━━━━━━ 82.1/82.1 KB 156.0 kB/s eta 0:00:00
#12 1898.6 Collecting jmespath<2.0.0,>=0.7.1
#12 1898.6   Downloading jmespath-1.0.1-py3-none-any.whl (20 kB)
#12 1899.4 Collecting botocore<1.35.0,>=1.34.45
#12 1899.5   Downloading botocore-1.34.45-py3-none-any.whl (12.0 MB)
#12 2008.4      ━━━━━━━━━━━━━━━━━━━━━━━━━━━━━━━━━━━━━━━ 12.0/12.0 MB 109.7 kB/s eta 0:00:00
#12 2008.5 Collecting gitdb<5,>=4.0.1
#12 2008.5   Downloading gitdb-4.0.11-py3-none-any.whl (62 kB)
#12 2009.2      ━━━━━━━━━━━━━━━━━━━━━━━━━━━━━━━━━━━━━━━━ 62.7/62.7 KB 99.5 kB/s eta 0:00:00
#12 2009.5 Collecting fsspec>=2023.5.0
#12 2009.5   Downloading fsspec-2024.2.0-py3-none-any.whl (170 kB)
#12 2011.2      ━━━━━━━━━━━━━━━━━━━━━━━━━━━━━━━━━━━━━ 170.9/170.9 KB 108.5 kB/s eta 0:00:00
#12 2011.2 Collecting filelock
#12 2011.3   Downloading filelock-3.13.1-py3-none-any.whl (11 kB)
#12 2011.5 Collecting kiwisolver>=1.3.1
#12 2011.6   Downloading kiwisolver-1.4.5-cp311-cp311-manylinux_2_17_x86_64.manylinux2014_x86_64.whl (1.4 MB)
#12 2025.7      ━━━━━━━━━━━━━━━━━━━━━━━━━━━━━━━━━━━━━━━━ 1.4/1.4 MB 101.5 kB/s eta 0:00:00
#12 2025.8 Collecting contourpy>=1.0.1
#12 2025.9   Downloading contourpy-1.2.0-cp311-cp311-manylinux_2_17_x86_64.manylinux2014_x86_64.whl (313 kB)
#12 2028.3      ━━━━━━━━━━━━━━━━━━━━━━━━━━━━━━━━━━━━━ 313.4/313.4 KB 132.5 kB/s eta 0:00:00
#12 2028.5 Collecting fonttools>=4.22.0
#12 2028.6   Downloading fonttools-4.49.0-cp311-cp311-manylinux_2_17_x86_64.manylinux2014_x86_64.whl (4.9 MB)
#12 2079.7      ━━━━━━━━━━━━━━━━━━━━━━━━━━━━━━━━━━━━━━━━ 4.9/4.9 MB 87.6 kB/s eta 0:00:00
#12 2079.7 Requirement already satisfied: pyparsing>=2.3.1 in /usr/lib/python3/dist-packages (from matplotlib>=3.3->yolov5==7.0.13->-r requirements.txt (line 16)) (2.4.7)
#12 2079.8 Collecting cycler>=0.10
#12 2079.8   Downloading cycler-0.12.1-py3-none-any.whl (8.3 kB)
#12 2079.9 Collecting python-dateutil>=2.7
#12 2080.0   Downloading python_dateutil-2.8.2-py2.py3-none-any.whl (247 kB)
#12 2081.1      ━━━━━━━━━━━━━━━━━━━━━━━━━━━━━━━━━━━━━ 247.7/247.7 KB 245.0 kB/s eta 0:00:00
#12 2081.4 Collecting pytz>=2020.1
#12 2081.5   Downloading pytz-2024.1-py2.py3-none-any.whl (505 kB)
#12 2083.4      ━━━━━━━━━━━━━━━━━━━━━━━━━━━━━━━━━━━━━ 505.5/505.5 KB 260.4 kB/s eta 0:00:00
#12 2083.5 Collecting tzdata>=2022.7
#12 2083.6   Downloading tzdata-2024.1-py2.py3-none-any.whl (345 kB)
#12 2085.8      ━━━━━━━━━━━━━━━━━━━━━━━━━━━━━━━━━━━━━ 345.4/345.4 KB 158.0 kB/s eta 0:00:00
#12 2085.9 Collecting certifi>=2017.4.17
#12 2086.0   Downloading certifi-2024.2.2-py3-none-any.whl (163 kB)
#12 2087.1      ━━━━━━━━━━━━━━━━━━━━━━━━━━━━━━━━━━━━━ 163.8/163.8 KB 147.6 kB/s eta 0:00:00
#12 2088.1 Collecting charset-normalizer<4,>=2
#12 2088.2   Downloading charset_normalizer-3.3.2-cp311-cp311-manylinux_2_17_x86_64.manylinux2014_x86_64.whl (140 kB)
#12 2089.3      ━━━━━━━━━━━━━━━━━━━━━━━━━━━━━━━━━━━━━ 140.3/140.3 KB 127.1 kB/s eta 0:00:00
#12 2089.4 Collecting urllib3<3,>=1.21.1
#12 2089.5   Downloading urllib3-2.2.1-py3-none-any.whl (121 kB)
#12 2090.9      ━━━━━━━━━━━━━━━━━━━━━━━━━━━━━━━━━━━━━━ 121.1/121.1 KB 88.1 kB/s eta 0:00:00
#12 2090.9 Collecting cycler>=0.10
#12 2091.0   Downloading cycler-0.10.0-py2.py3-none-any.whl (6.5 kB)
#12 2091.2 Collecting chardet==4.0.0
#12 2091.3   Downloading chardet-4.0.0-py2.py3-none-any.whl (178 kB)
#12 2093.8      ━━━━━━━━━━━━━━━━━━━━━━━━━━━━━━━━━━━━━━ 178.7/178.7 KB 74.4 kB/s eta 0:00:00
#12 2093.9 Collecting supervision
#12 2094.5   Downloading supervision-0.18.0-py3-none-any.whl (86 kB)
#12 2095.0      ━━━━━━━━━━━━━━━━━━━━━━━━━━━━━━━━━━━━━━━ 86.7/86.7 KB 167.1 kB/s eta 0:00:00
#12 2095.0 Collecting python-magic
#12 2095.1   Downloading python_magic-0.4.27-py2.py3-none-any.whl (13 kB)
#12 2095.2 Collecting python-dotenv
#12 2095.3   Downloading python_dotenv-1.0.1-py3-none-any.whl (19 kB)
#12 2095.4 Collecting certifi>=2017.4.17
#12 2095.4   Downloading certifi-2023.7.22-py3-none-any.whl (158 kB)
#12 2096.1      ━━━━━━━━━━━━━━━━━━━━━━━━━━━━━━━━━━━━━ 158.3/158.3 KB 258.3 kB/s eta 0:00:00
#12 2096.3 Collecting opencv-python-headless==4.8.0.74
#12 2096.3   Downloading opencv_python_headless-4.8.0.74-cp37-abi3-manylinux_2_17_x86_64.manylinux2014_x86_64.whl (49.1 MB)
#12 2544.0      ━━━━━━━━━━━━━━━━━━━━━━━━━━━━━━━━━━━━━━━━ 49.1/49.1 MB 84.3 kB/s eta 0:00:00
#12 2544.1 Collecting idna>=2.8
#12 2544.2   Downloading idna-2.10-py2.py3-none-any.whl (58 kB)
#12 2544.3      ━━━━━━━━━━━━━━━━━━━━━━━━━━━━━━━━━━━━━━━ 58.8/58.8 KB 855.5 kB/s eta 0:00:00
#12 2544.3 WARNING: Retrying (Retry(total=4, connect=None, read=None, redirect=None, status=None)) after connection broken by 'ProtocolError('Connection aborted.', RemoteDisconnected('Remote end closed connection without response'))': /simple/requests-toolbelt/
#12 2544.6 Collecting requests-toolbelt
#12 2544.6   Downloading requests_toolbelt-1.0.0-py2.py3-none-any.whl (54 kB)
#12 2544.7      ━━━━━━━━━━━━━━━━━━━━━━━━━━━━━━━━━━━━━━━ 54.5/54.5 KB 889.8 kB/s eta 0:00:00
#12 2544.7 Requirement already satisfied: six in /usr/lib/python3/dist-packages (from roboflow>=0.2.29->yolov5==7.0.13->-r requirements.txt (line 16)) (1.16.0)
#12 2544.8 Collecting terminaltables
#12 2544.9   Downloading terminaltables-3.1.10-py2.py3-none-any.whl (15 kB)
#12 2545.1 Collecting shapely>=1.8.0
#12 2545.2   Downloading shapely-2.0.3-cp311-cp311-manylinux_2_17_x86_64.manylinux2014_x86_64.whl (2.5 MB)
#12 2546.7      ━━━━━━━━━━━━━━━━━━━━━━━━━━━━━━━━━━━━━━━━ 2.5/2.5 MB 1.7 MB/s eta 0:00:00
#12 2546.7 Collecting opencv-python>=4.1.1
#12 2546.8   Downloading opencv_python-4.7.0.72-cp37-abi3-manylinux_2_17_x86_64.manylinux2014_x86_64.whl (61.8 MB)
#12 2589.7      ━━━━━━━━━━━━━━━━━━━━━━━━━━━━━━━━━━━━━━━ 61.8/61.8 MB 369.0 kB/s eta 0:00:00
#12 2590.0 Collecting pybboxes==0.1.6
#12 2590.1   Downloading pybboxes-0.1.6-py3-none-any.whl (24 kB)
#12 2590.3 Collecting tensorboard-data-server<0.8.0,>=0.7.0
#12 2590.4   Downloading tensorboard_data_server-0.7.2-py3-none-manylinux_2_31_x86_64.whl (6.6 MB)
#12 2592.8      ━━━━━━━━━━━━━━━━━━━━━━━━━━━━━━━━━━━━━━━━ 6.6/6.6 MB 2.8 MB/s eta 0:00:00
#12 2592.9 Collecting absl-py>=0.4
#12 2593.0   Downloading absl_py-2.1.0-py3-none-any.whl (133 kB)
#12 2593.0      ━━━━━━━━━━━━━━━━━━━━━━━━━━━━━━━━━━━━━━━ 133.7/133.7 KB 6.7 MB/s eta 0:00:00
#12 2593.1 Collecting markdown>=2.6.8
#12 2593.1   Downloading Markdown-3.5.2-py3-none-any.whl (103 kB)
#12 2593.1      ━━━━━━━━━━━━━━━━━━━━━━━━━━━━━━━━━━━━━━━ 103.9/103.9 KB 6.4 MB/s eta 0:00:00
#12 2593.2 Collecting werkzeug>=1.0.1
#12 2593.3   Downloading werkzeug-3.0.1-py3-none-any.whl (226 kB)
#12 2593.3      ━━━━━━━━━━━━━━━━━━━━━━━━━━━━━━━━━━━━━━━ 226.7/226.7 KB 7.2 MB/s eta 0:00:00
#12 2593.4 Collecting nvidia-cufft-cu12==11.0.2.54
#12 2593.5   Downloading nvidia_cufft_cu12-11.0.2.54-py3-none-manylinux1_x86_64.whl (121.6 MB)
#12 2774.3      ━━━━━━━━━━━━━━━━━━━━━━━━━━━━━━━━━━━━━━━━ 121.6/121.6 MB ? eta 0:00:00
#12 2774.7 Collecting nvidia-nccl-cu12==2.19.3
#12 2774.7   Downloading nvidia_nccl_cu12-2.19.3-py3-none-manylinux1_x86_64.whl (166.0 MB)
#12 2793.1      ━━━━━━━━━━━━━━━━━━━━━━━━━━━━━━━━━━━━━━━ 166.0/166.0 MB 1.5 MB/s eta 0:00:00
#12 2793.5 Collecting jinja2
#12 2793.6   Downloading Jinja2-3.1.3-py3-none-any.whl (133 kB)
#12 2793.6      ━━━━━━━━━━━━━━━━━━━━━━━━━━━━━━━━━━━━━━━ 133.2/133.2 KB 8.7 MB/s eta 0:00:00
#12 2793.7 Collecting sympy
#12 2793.7   Downloading sympy-1.12-py3-none-any.whl (5.7 MB)
#12 2794.2      ━━━━━━━━━━━━━━━━━━━━━━━━━━━━━━━━━━━━━━━━ 5.7/5.7 MB 12.6 MB/s eta 0:00:00
#12 2794.2 Collecting nvidia-cuda-cupti-cu12==12.1.105
#12 2794.3   Downloading nvidia_cuda_cupti_cu12-12.1.105-py3-none-manylinux1_x86_64.whl (14.1 MB)
#12 2795.4      ━━━━━━━━━━━━━━━━━━━━━━━━━━━━━━━━━━━━━━━━ 14.1/14.1 MB 12.8 MB/s eta 0:00:00
#12 2795.5 Collecting nvidia-cusolver-cu12==11.4.5.107
#12 2795.6   Downloading nvidia_cusolver_cu12-11.4.5.107-py3-none-manylinux1_x86_64.whl (124.2 MB)
#12 2805.1      ━━━━━━━━━━━━━━━━━━━━━━━━━━━━━━━━━━━━━━━ 124.2/124.2 MB 8.3 MB/s eta 0:00:00
#12 2805.4 Collecting nvidia-cuda-runtime-cu12==12.1.105
#12 2805.5   Downloading nvidia_cuda_runtime_cu12-12.1.105-py3-none-manylinux1_x86_64.whl (823 kB)
#12 2805.5      ━━━━━━━━━━━━━━━━━━━━━━━━━━━━━━━━━━━━━━ 823.6/823.6 KB 12.4 MB/s eta 0:00:00
#12 2805.6 Collecting nvidia-cuda-nvrtc-cu12==12.1.105
#12 2805.7   Downloading nvidia_cuda_nvrtc_cu12-12.1.105-py3-none-manylinux1_x86_64.whl (23.7 MB)
#12 2807.6      ━━━━━━━━━━━━━━━━━━━━━━━━━━━━━━━━━━━━━━━━ 23.7/23.7 MB 11.6 MB/s eta 0:00:00
#12 2807.7 Collecting networkx
#12 2807.8   Downloading networkx-3.2.1-py3-none-any.whl (1.6 MB)
#12 2807.9      ━━━━━━━━━━━━━━━━━━━━━━━━━━━━━━━━━━━━━━━━ 1.6/1.6 MB 11.2 MB/s eta 0:00:00
#12 2808.0 Collecting nvidia-cublas-cu12==12.1.3.1
#12 2808.1   Downloading nvidia_cublas_cu12-12.1.3.1-py3-none-manylinux1_x86_64.whl (410.6 MB)
#12 2868.6      ━━━━━━━━━━━━━━━━━━━━━━━━━━━━━━━━━━━━━ 410.6/410.6 MB 646.4 kB/s eta 0:00:00
#12 2869.5 Collecting nvidia-nvtx-cu12==12.1.105
#12 2869.6   Downloading nvidia_nvtx_cu12-12.1.105-py3-none-manylinux1_x86_64.whl (99 kB)
#12 2869.6      ━━━━━━━━━━━━━━━━━━━━━━━━━━━━━━━━━━━━━━━━ 99.1/99.1 KB 3.7 MB/s eta 0:00:00
#12 2869.7 Collecting triton==2.2.0
#12 2869.8   Downloading triton-2.2.0-cp311-cp311-manylinux_2_17_x86_64.manylinux2014_x86_64.whl (167.9 MB)
#12 3364.5      ━━━━━━━━━━━━━━━━━━━━━━━━━━━━━━━━━━━━━━━━ 167.9/167.9 MB ? eta 0:00:00
#12 3366.3 WARNING: Retrying (Retry(total=4, connect=None, read=None, redirect=None, status=None)) after connection broken by 'ProtocolError('Connection aborted.', RemoteDisconnected('Remote end closed connection without response'))': /simple/nvidia-cusparse-cu12/
#12 3367.6 Collecting nvidia-cusparse-cu12==12.1.0.106
#12 3367.6   WARNING: Retrying (Retry(total=4, connect=None, read=None, redirect=None, status=None)) after connection broken by 'ProtocolError('Connection aborted.', RemoteDisconnected('Remote end closed connection without response'))': /packages/65/5b/cfaeebf25cd9fdec14338ccb16f6b2c4c7fa9163aefcf057d86b9cc248bb/nvidia_cusparse_cu12-12.1.0.106-py3-none-manylinux1_x86_64.whl
#12 3367.9   Downloading nvidia_cusparse_cu12-12.1.0.106-py3-none-manylinux1_x86_64.whl (196.0 MB)
#12 3498.0      ━━━━━━━━━━━━━━━━━━━━━━━━━━━━━━━━━━    182.5/196.0 MB 698.8 kB/s eta 0:00:20
#12 3498.0 ERROR: Exception:
#12 3498.0 Traceback (most recent call last):
#12 3498.0   File "/usr/lib/python3/dist-packages/pip/_vendor/urllib3/response.py", line 438, in _error_catcher
#12 3498.0     yield
#12 3498.0   File "/usr/lib/python3/dist-packages/pip/_vendor/urllib3/response.py", line 519, in read
#12 3498.0     data = self._fp.read(amt) if not fp_closed else b""
#12 3498.0            ^^^^^^^^^^^^^^^^^^
#12 3498.0   File "/usr/lib/python3/dist-packages/pip/_vendor/cachecontrol/filewrapper.py", line 90, in read
#12 3498.0     data = self.__fp.read(amt)
#12 3498.0            ^^^^^^^^^^^^^^^^^^^
#12 3498.0   File "/usr/lib/python3.11/http/client.py", line 473, in read
#12 3498.0     s = self.fp.read(amt)
#12 3498.0         ^^^^^^^^^^^^^^^^^
#12 3498.0   File "/usr/lib/python3.11/socket.py", line 706, in readinto
#12 3498.0     return self._sock.recv_into(b)
#12 3498.0            ^^^^^^^^^^^^^^^^^^^^^^^
#12 3498.0   File "/usr/lib/python3.11/ssl.py", line 1315, in recv_into
#12 3498.0     return self.read(nbytes, buffer)
#12 3498.0            ^^^^^^^^^^^^^^^^^^^^^^^^^
#12 3498.0   File "/usr/lib/python3.11/ssl.py", line 1167, in read
#12 3498.0     return self._sslobj.read(len, buffer)
#12 3498.0            ^^^^^^^^^^^^^^^^^^^^^^^^^^^^^^
#12 3498.0 TimeoutError: The read operation timed out
#12 3498.0 
#12 3498.0 During handling of the above exception, another exception occurred:
#12 3498.0 
#12 3498.0 Traceback (most recent call last):
#12 3498.0   File "/usr/lib/python3/dist-packages/pip/_internal/cli/base_command.py", line 165, in exc_logging_wrapper
#12 3498.0     status = run_func(*args)
#12 3498.0              ^^^^^^^^^^^^^^^
#12 3498.0   File "/usr/lib/python3/dist-packages/pip/_internal/cli/req_command.py", line 205, in wrapper
#12 3498.0     return func(self, options, args)
#12 3498.0            ^^^^^^^^^^^^^^^^^^^^^^^^^
#12 3498.0   File "/usr/lib/python3/dist-packages/pip/_internal/commands/install.py", line 339, in run
#12 3498.0     requirement_set = resolver.resolve(
#12 3498.0                       ^^^^^^^^^^^^^^^^^
#12 3498.0   File "/usr/lib/python3/dist-packages/pip/_internal/resolution/resolvelib/resolver.py", line 94, in resolve
#12 3498.0     result = self._result = resolver.resolve(
#12 3498.0                             ^^^^^^^^^^^^^^^^^
#12 3498.0   File "/usr/lib/python3/dist-packages/pip/_vendor/resolvelib/resolvers.py", line 481, in resolve
#12 3498.0     state = resolution.resolve(requirements, max_rounds=max_rounds)
#12 3498.0             ^^^^^^^^^^^^^^^^^^^^^^^^^^^^^^^^^^^^^^^^^^^^^^^^^^^^^^^
#12 3498.0   File "/usr/lib/python3/dist-packages/pip/_vendor/resolvelib/resolvers.py", line 373, in resolve
#12 3498.0     failure_causes = self._attempt_to_pin_criterion(name)
#12 3498.0                      ^^^^^^^^^^^^^^^^^^^^^^^^^^^^^^^^^^^^
#12 3498.0   File "/usr/lib/python3/dist-packages/pip/_vendor/resolvelib/resolvers.py", line 213, in _attempt_to_pin_criterion
#12 3498.0     criteria = self._get_updated_criteria(candidate)
#12 3498.0                ^^^^^^^^^^^^^^^^^^^^^^^^^^^^^^^^^^^^^
#12 3498.0   File "/usr/lib/python3/dist-packages/pip/_vendor/resolvelib/resolvers.py", line 204, in _get_updated_criteria
#12 3498.0     self._add_to_criteria(criteria, requirement, parent=candidate)
#12 3498.0   File "/usr/lib/python3/dist-packages/pip/_vendor/resolvelib/resolvers.py", line 172, in _add_to_criteria
#12 3498.0     if not criterion.candidates:
#12 3498.0   File "/usr/lib/python3/dist-packages/pip/_vendor/resolvelib/structs.py", line 151, in __bool__
#12 3498.0     return bool(self._sequence)
#12 3498.0            ^^^^^^^^^^^^^^^^^^^^
#12 3498.0   File "/usr/lib/python3/dist-packages/pip/_internal/resolution/resolvelib/found_candidates.py", line 155, in __bool__
#12 3498.0     return any(self)
#12 3498.0            ^^^^^^^^^
#12 3498.0   File "/usr/lib/python3/dist-packages/pip/_internal/resolution/resolvelib/found_candidates.py", line 143, in <genexpr>
#12 3498.0     return (c for c in iterator if id(c) not in self._incompatible_ids)
#12 3498.0            ^^^^^^^^^^^^^^^^^^^^^^^^^^^^^^^^^^^^^^^^^^^^^^^^^^^^^^^^^^^^
#12 3498.0   File "/usr/lib/python3/dist-packages/pip/_internal/resolution/resolvelib/found_candidates.py", line 47, in _iter_built
#12 3498.0     candidate = func()
#12 3498.0                 ^^^^^^
#12 3498.0   File "/usr/lib/python3/dist-packages/pip/_internal/resolution/resolvelib/factory.py", line 215, in _make_candidate_from_link
#12 3498.0     self._link_candidate_cache[link] = LinkCandidate(
#12 3498.0                                        ^^^^^^^^^^^^^^
#12 3498.0   File "/usr/lib/python3/dist-packages/pip/_internal/resolution/resolvelib/candidates.py", line 288, in __init__
#12 3498.0     super().__init__(
#12 3498.0   File "/usr/lib/python3/dist-packages/pip/_internal/resolution/resolvelib/candidates.py", line 158, in __init__
#12 3498.0     self.dist = self._prepare()
#12 3498.0                 ^^^^^^^^^^^^^^^
#12 3498.0   File "/usr/lib/python3/dist-packages/pip/_internal/resolution/resolvelib/candidates.py", line 227, in _prepare
#12 3498.0     dist = self._prepare_distribution()
#12 3498.0            ^^^^^^^^^^^^^^^^^^^^^^^^^^^^
#12 3498.0   File "/usr/lib/python3/dist-packages/pip/_internal/resolution/resolvelib/candidates.py", line 299, in _prepare_distribution
#12 3498.0     return preparer.prepare_linked_requirement(self._ireq, parallel_builds=True)
#12 3498.0            ^^^^^^^^^^^^^^^^^^^^^^^^^^^^^^^^^^^^^^^^^^^^^^^^^^^^^^^^^^^^^^^^^^^^^
#12 3498.0   File "/usr/lib/python3/dist-packages/pip/_internal/operations/prepare.py", line 487, in prepare_linked_requirement
#12 3498.0     return self._prepare_linked_requirement(req, parallel_builds)
#12 3498.0            ^^^^^^^^^^^^^^^^^^^^^^^^^^^^^^^^^^^^^^^^^^^^^^^^^^^^^^
#12 3498.0   File "/usr/lib/python3/dist-packages/pip/_internal/operations/prepare.py", line 532, in _prepare_linked_requirement
#12 3498.0     local_file = unpack_url(
#12 3498.0                  ^^^^^^^^^^^
#12 3498.0   File "/usr/lib/python3/dist-packages/pip/_internal/operations/prepare.py", line 214, in unpack_url
#12 3498.0     file = get_http_url(
#12 3498.0            ^^^^^^^^^^^^^
#12 3498.0   File "/usr/lib/python3/dist-packages/pip/_internal/operations/prepare.py", line 94, in get_http_url
#12 3498.0     from_path, content_type = download(link, temp_dir.path)
#12 3498.0                               ^^^^^^^^^^^^^^^^^^^^^^^^^^^^^
#12 3498.0   File "/usr/lib/python3/dist-packages/pip/_internal/network/download.py", line 146, in __call__
#12 3498.0     for chunk in chunks:
#12 3498.0   File "/usr/lib/python3/dist-packages/pip/_internal/cli/progress_bars.py", line 304, in _rich_progress_bar
#12 3498.0     for chunk in iterable:
#12 3498.0   File "/usr/lib/python3/dist-packages/pip/_internal/network/utils.py", line 63, in response_chunks
#12 3498.0     for chunk in response.raw.stream(
#12 3498.0   File "/usr/lib/python3/dist-packages/pip/_vendor/urllib3/response.py", line 576, in stream
#12 3498.0     data = self.read(amt=amt, decode_content=decode_content)
#12 3498.0            ^^^^^^^^^^^^^^^^^^^^^^^^^^^^^^^^^^^^^^^^^^^^^^^^^
#12 3498.0   File "/usr/lib/python3/dist-packages/pip/_vendor/urllib3/response.py", line 512, in read
#12 3498.0     with self._error_catcher():
#12 3498.0   File "/usr/lib/python3.11/contextlib.py", line 158, in __exit__
#12 3498.0     self.gen.throw(typ, value, traceback)
#12 3498.0   File "/usr/lib/python3/dist-packages/pip/_vendor/urllib3/response.py", line 443, in _error_catcher
#12 3498.0     raise ReadTimeoutError(self._pool, None, "Read timed out.")
#12 3498.0 pip._vendor.urllib3.exceptions.ReadTimeoutError: HTTPSConnectionPool(host='files.pythonhosted.org', port=443): Read timed out.
#12 ERROR: executor failed running [/bin/sh -c pip3 install -r requirements.txt]: exit code: 2
------
 > [8/8] RUN pip3 install -r requirements.txt:
#12 3498.0   File "/usr/lib/python3/dist-packages/pip/_vendor/urllib3/response.py", line 576, in stream
#12 3498.0     data = self.read(amt=amt, decode_content=decode_content)
#12 3498.0            ^^^^^^^^^^^^^^^^^^^^^^^^^^^^^^^^^^^^^^^^^^^^^^^^^
#12 3498.0   File "/usr/lib/python3/dist-packages/pip/_vendor/urllib3/response.py", line 512, in read
#12 3498.0     with self._error_catcher():
#12 3498.0   File "/usr/lib/python3.11/contextlib.py", line 158, in __exit__
#12 3498.0     self.gen.throw(typ, value, traceback)
#12 3498.0   File "/usr/lib/python3/dist-packages/pip/_vendor/urllib3/response.py", line 443, in _error_catcher
#12 3498.0     raise ReadTimeoutError(self._pool, None, "Read timed out.")
#12 3498.0 pip._vendor.urllib3.exceptions.ReadTimeoutError: HTTPSConnectionPool(host='files.pythonhosted.org', port=443): Read timed out.
------
failed to solve: executor failed running [/bin/sh -c pip3 install -r requirements.txt]: exit code: 2
2024-02-20 17:12:10.244 | INFO     | init.init_docker:start:44 - Creation and launching of docker servers is completed.

2024-02-20 17:12:10.367 | INFO     | init.init_docker:start:47 - End work init_docker function.

2024-02-20 17:12:10.370 | INFO     | __main__:build:25 - End work build function.

