2024-02-19 13:32:39.743 | INFO     | __main__:build:23 - Start work build function.

2024-02-19 13:32:39.744 | INFO     | init.init_docker:start:40 - Start work init_docker function.

#1 [internal] load build definition from Dockerfile
#1 transferring dockerfile: 30B
#1 transferring dockerfile: 32B done
#1 DONE 0.0s

#2 [internal] load .dockerignore
#2 transferring context: 2B done
#2 DONE 0.0s

#3 [internal] load metadata for docker.io/library/ubuntu:latest
#3 DONE 2.2s

#4 [1/8] FROM docker.io/library/ubuntu:latest@sha256:f9d633ff6640178c2d0525017174a688e2c1aef28f0a0130b26bd5554491f0da
#4 DONE 0.0s

#5 [internal] load build context
#5 transferring context: 47.95kB done
#5 DONE 0.0s

#6 [3/8] RUN update-alternatives --install /usr/bin/python3 python3 /usr/bin/python3.11 1
#6 CACHED

#7 [4/8] RUN wget https://dlcdn.apache.org/hadoop/common/hadoop-3.3.6/hadoop-3.3.6.tar.gz &&     tar -xvzf hadoop-3.3.6.tar.gz &&     mv hadoop-3.3.6 /usr/local/hadoop
#7 CACHED

#8 [2/8] RUN apt update &&     apt-get -y install firefox &&     apt-get install -y wget &&     apt-get install -y openjdk-11-jdk &&     apt-get install -y --no-install-recommends software-properties-common &&     apt-get install -y --no-install-recommends gpg-agent &&     add-apt-repository ppa:deadsnakes/ppa &&     apt-get install -y --no-install-recommends python3.11 &&     apt-get install -y --no-install-recommends python3-pip &&     apt-get install -y --no-install-recommends python3.11-venv &&     apt-get install -y openssh-server unzip curl &&     service ssh start &&     apt install -y sudo &&     apt-get install -y --no-install-recommends python3.11 &&     apt-get clean &&     rm -rf /var/lib/apt/lists/*
#8 CACHED

#9 [5/8] RUN wget https://www.apache.org/dist/spark/spark-3.5.0/spark-3.5.0-bin-hadoop3.tgz &&     tar -xvzf spark-3.5.0-bin-hadoop3.tgz &&     mv spark-3.5.0-bin-hadoop3 /usr/local/spark
#9 CACHED

#10 [6/8] COPY /app /app
#10 DONE 0.1s

#11 [7/8] WORKDIR /app
#11 DONE 0.1s

#12 [8/8] RUN pip3 install -r requirements.txt
#12 3.022 Collecting pydantic==2.5.3
#12 3.329   Downloading pydantic-2.5.3-py3-none-any.whl (381 kB)
#12 3.631      ━━━━━━━━━━━━━━━━━━━━━━━━━━━━━━━━━━━━━━━ 381.9/381.9 KB 1.2 MB/s eta 0:00:00
#12 3.761 Collecting fastapi==0.105.0
#12 3.872   Downloading fastapi-0.105.0-py3-none-any.whl (93 kB)
#12 3.935      ━━━━━━━━━━━━━━━━━━━━━━━━━━━━━━━━━━━━━━━━ 93.1/93.1 KB 1.4 MB/s eta 0:00:00
#12 4.030 Collecting redis==5.0.1
#12 4.088   Downloading redis-5.0.1-py3-none-any.whl (250 kB)
#12 4.446      ━━━━━━━━━━━━━━━━━━━━━━━━━━━━━━━━━━━━━ 250.3/250.3 KB 706.1 kB/s eta 0:00:00
#12 4.513 Collecting pyspark==3.5.0
#12 4.571   Downloading pyspark-3.5.0.tar.gz (316.9 MB)
#12 625.2      ━━━━━━━━━━━━━━━━━━━━━━━━━━━━━━━━━━━━━ 316.9/316.9 MB 712.8 kB/s eta 0:00:00
#12 629.0   Preparing metadata (setup.py): started
#12 629.3   Preparing metadata (setup.py): finished with status 'done'
#12 629.3 WARNING: Retrying (Retry(total=4, connect=None, read=None, redirect=None, status=None)) after connection broken by 'ProtocolError('Connection aborted.', RemoteDisconnected('Remote end closed connection without response'))': /simple/pyarrow/
#12 629.7 Collecting pyarrow==15.0.0
#12 629.7   Downloading pyarrow-15.0.0-cp311-cp311-manylinux_2_28_x86_64.whl (38.3 MB)
#12 632.6      ━━━━━━━━━━━━━━━━━━━━━━━━━━━━━━━━━━━━━━━━ 38.3/38.3 MB 10.5 MB/s eta 0:00:00
#12 632.8 Collecting confluent-kafka==2.3.0
#12 632.9   Downloading confluent_kafka-2.3.0-cp311-cp311-manylinux_2_17_x86_64.manylinux2014_x86_64.whl (4.0 MB)
#12 633.2      ━━━━━━━━━━━━━━━━━━━━━━━━━━━━━━━━━━━━━━━━ 4.0/4.0 MB 14.4 MB/s eta 0:00:00
#12 633.3 Collecting aiokafka==0.10.0
#12 633.3   Downloading aiokafka-0.10.0-cp311-cp311-manylinux_2_17_x86_64.manylinux2014_x86_64.whl (1.1 MB)
#12 633.4      ━━━━━━━━━━━━━━━━━━━━━━━━━━━━━━━━━━━━━━━━ 1.1/1.1 MB 14.1 MB/s eta 0:00:00
#12 633.5 Collecting imageio==2.33.1
#12 633.5   Downloading imageio-2.33.1-py3-none-any.whl (313 kB)
#12 633.6      ━━━━━━━━━━━━━━━━━━━━━━━━━━━━━━━━━━━━━━ 313.3/313.3 KB 13.9 MB/s eta 0:00:00
#12 633.6 Collecting loguru==0.7.2
#12 633.7   Downloading loguru-0.7.2-py3-none-any.whl (62 kB)
#12 633.7      ━━━━━━━━━━━━━━━━━━━━━━━━━━━━━━━━━━━━━━━━ 62.5/62.5 KB 8.5 MB/s eta 0:00:00
#12 633.9 Collecting msgpack_numpy==0.4.8
#12 633.9   Downloading msgpack_numpy-0.4.8-py2.py3-none-any.whl (6.9 kB)
#12 634.0 Collecting uvicorn==0.27.1
#12 634.0   Downloading uvicorn-0.27.1-py3-none-any.whl (60 kB)
#12 634.1      ━━━━━━━━━━━━━━━━━━━━━━━━━━━━━━━━━━━━━━━━ 60.8/60.8 KB 10.6 MB/s eta 0:00:00
#12 634.1 Collecting yolov5==7.0.13
#12 634.2   Downloading yolov5-7.0.13-py37.py38.py39.py310-none-any.whl (953 kB)
#12 634.3      ━━━━━━━━━━━━━━━━━━━━━━━━━━━━━━━━━━━━━━ 953.4/953.4 KB 12.9 MB/s eta 0:00:00
#12 634.3 Collecting grpcio_status==1.60.0
#12 634.4   Downloading grpcio_status-1.60.0-py3-none-any.whl (14 kB)
#12 634.5 Collecting typing-extensions>=4.6.1
#12 634.5   Downloading typing_extensions-4.9.0-py3-none-any.whl (32 kB)
#12 634.6 Collecting annotated-types>=0.4.0
#12 634.6   Downloading annotated_types-0.6.0-py3-none-any.whl (12 kB)
#12 635.8 Collecting pydantic-core==2.14.6
#12 635.8   Downloading pydantic_core-2.14.6-cp311-cp311-manylinux_2_17_x86_64.manylinux2014_x86_64.whl (2.1 MB)
#12 636.0      ━━━━━━━━━━━━━━━━━━━━━━━━━━━━━━━━━━━━━━━━ 2.1/2.1 MB 14.6 MB/s eta 0:00:00
#12 636.1 Collecting starlette<0.28.0,>=0.27.0
#12 636.1   Downloading starlette-0.27.0-py3-none-any.whl (66 kB)
#12 636.1      ━━━━━━━━━━━━━━━━━━━━━━━━━━━━━━━━━━━━━━━━ 67.0/67.0 KB 11.4 MB/s eta 0:00:00
#12 636.2 Collecting anyio<4.0.0,>=3.7.1
#12 636.3   Downloading anyio-3.7.1-py3-none-any.whl (80 kB)
#12 636.3      ━━━━━━━━━━━━━━━━━━━━━━━━━━━━━━━━━━━━━━━━ 80.9/80.9 KB 8.7 MB/s eta 0:00:00
#12 636.3 Collecting py4j==0.10.9.7
#12 636.4   Downloading py4j-0.10.9.7-py2.py3-none-any.whl (200 kB)
#12 636.4      ━━━━━━━━━━━━━━━━━━━━━━━━━━━━━━━━━━━━━━ 200.5/200.5 KB 11.4 MB/s eta 0:00:00
#12 636.8 Collecting numpy<2,>=1.16.6
#12 636.8   Downloading numpy-1.26.4-cp311-cp311-manylinux_2_17_x86_64.manylinux2014_x86_64.whl (18.3 MB)
#12 638.1      ━━━━━━━━━━━━━━━━━━━━━━━━━━━━━━━━━━━━━━━━ 18.3/18.3 MB 14.6 MB/s eta 0:00:00
#12 638.2 Collecting packaging
#12 638.3   Downloading packaging-23.2-py3-none-any.whl (53 kB)
#12 638.3      ━━━━━━━━━━━━━━━━━━━━━━━━━━━━━━━━━━━━━━━━ 53.0/53.0 KB 4.7 MB/s eta 0:00:00
#12 638.3 Collecting async-timeout
#12 638.4   Downloading async_timeout-4.0.3-py3-none-any.whl (5.7 kB)
#12 638.8 Collecting pillow>=8.3.2
#12 638.9   Downloading pillow-10.2.0-cp311-cp311-manylinux_2_28_x86_64.whl (4.5 MB)
#12 639.2      ━━━━━━━━━━━━━━━━━━━━━━━━━━━━━━━━━━━━━━━━ 4.5/4.5 MB 14.2 MB/s eta 0:00:00
#12 639.4 Collecting msgpack>=0.5.2
#12 639.4   Downloading msgpack-1.0.7-cp311-cp311-manylinux_2_17_x86_64.manylinux2014_x86_64.whl (557 kB)
#12 639.5      ━━━━━━━━━━━━━━━━━━━━━━━━━━━━━━━━━━━━━━ 558.0/558.0 KB 13.5 MB/s eta 0:00:00
#12 639.6 Collecting click>=7.0
#12 639.6   Downloading click-8.1.7-py3-none-any.whl (97 kB)
#12 639.6      ━━━━━━━━━━━━━━━━━━━━━━━━━━━━━━━━━━━━━━━━ 97.9/97.9 KB 9.9 MB/s eta 0:00:00
#12 639.7 Collecting h11>=0.8
#12 639.7   Downloading h11-0.14.0-py3-none-any.whl (58 kB)
#12 639.8      ━━━━━━━━━━━━━━━━━━━━━━━━━━━━━━━━━━━━━━━━ 58.3/58.3 KB 6.8 MB/s eta 0:00:00
#12 640.0 Collecting opencv-python>=4.1.1
#12 640.0   Downloading opencv_python-4.9.0.80-cp37-abi3-manylinux_2_17_x86_64.manylinux2014_x86_64.whl (62.2 MB)
#12 647.8      ━━━━━━━━━━━━━━━━━━━━━━━━━━━━━━━━━━━━━━━━ 62.2/62.2 MB 2.5 MB/s eta 0:00:00
#12 648.0 Collecting seaborn>=0.11.0
#12 648.1   Downloading seaborn-0.13.2-py3-none-any.whl (294 kB)
#12 648.1      ━━━━━━━━━━━━━━━━━━━━━━━━━━━━━━━━━━━━━━ 294.9/294.9 KB 13.1 MB/s eta 0:00:00
#12 648.2 Collecting tensorboard>=2.4.1
#12 648.2   Downloading tensorboard-2.16.2-py3-none-any.whl (5.5 MB)
#12 648.6      ━━━━━━━━━━━━━━━━━━━━━━━━━━━━━━━━━━━━━━━━ 5.5/5.5 MB 14.0 MB/s eta 0:00:00
#12 649.2 Collecting boto3>=1.19.1
#12 649.3   Downloading boto3-1.34.44-py3-none-any.whl (139 kB)
#12 649.3      ━━━━━━━━━━━━━━━━━━━━━━━━━━━━━━━━━━━━━━━ 139.3/139.3 KB 8.8 MB/s eta 0:00:00
#12 649.4 Collecting torchvision>=0.8.1
#12 649.5   Downloading torchvision-0.17.0-cp311-cp311-manylinux1_x86_64.whl (6.9 MB)
#12 649.9      ━━━━━━━━━━━━━━━━━━━━━━━━━━━━━━━━━━━━━━━━ 6.9/6.9 MB 14.5 MB/s eta 0:00:00
#12 650.2 Collecting matplotlib>=3.3
#12 650.3   Downloading matplotlib-3.8.3-cp311-cp311-manylinux_2_17_x86_64.manylinux2014_x86_64.whl (11.6 MB)
#12 651.1      ━━━━━━━━━━━━━━━━━━━━━━━━━━━━━━━━━━━━━━━━ 11.6/11.6 MB 14.7 MB/s eta 0:00:00
#12 651.3 Collecting psutil
#12 651.3   Downloading psutil-5.9.8-cp36-abi3-manylinux_2_12_x86_64.manylinux2010_x86_64.manylinux_2_17_x86_64.manylinux2014_x86_64.whl (288 kB)
#12 651.4      ━━━━━━━━━━━━━━━━━━━━━━━━━━━━━━━━━━━━━━ 288.2/288.2 KB 13.1 MB/s eta 0:00:00
#12 651.4 Collecting thop>=0.1.1
#12 651.5   Downloading thop-0.1.1.post2209072238-py3-none-any.whl (15 kB)
#12 651.6 Collecting torch>=1.7.0
#12 651.7   Downloading torch-2.2.0-cp311-cp311-manylinux1_x86_64.whl (755.5 MB)
#12 732.6      ━━━━━━━━━━━━━━━━━━━━━━━━━━━━━━━━━━━━━━━━ 755.5/755.5 MB ? eta 0:00:00
#12 734.5 Collecting setuptools>=65.5.1
#12 734.5   Downloading setuptools-69.1.0-py3-none-any.whl (819 kB)
#12 734.6      ━━━━━━━━━━━━━━━━━━━━━━━━━━━━━━━━━━━━━━ 819.3/819.3 KB 10.5 MB/s eta 0:00:00
#12 734.7 Collecting fire
#12 734.7   Downloading fire-0.5.0.tar.gz (88 kB)
#12 734.8      ━━━━━━━━━━━━━━━━━━━━━━━━━━━━━━━━━━━━━━━━ 88.3/88.3 KB 4.6 MB/s eta 0:00:00
#12 734.8   Preparing metadata (setup.py): started
#12 734.9   Preparing metadata (setup.py): finished with status 'done'
#12 735.0 Collecting huggingface-hub>=0.12.0
#12 735.1   Downloading huggingface_hub-0.20.3-py3-none-any.whl (330 kB)
#12 735.1      ━━━━━━━━━━━━━━━━━━━━━━━━━━━━━━━━━━━━━━━ 330.1/330.1 KB 8.2 MB/s eta 0:00:00
#12 735.2 Collecting sahi>=0.11.10
#12 735.3   Downloading sahi-0.11.15-py3-none-any.whl (105 kB)
#12 735.3      ━━━━━━━━━━━━━━━━━━━━━━━━━━━━━━━━━━━━━━━ 105.4/105.4 KB 6.9 MB/s eta 0:00:00
#12 735.5 Collecting roboflow>=0.2.29
#12 735.5   Downloading roboflow-1.1.19-py3-none-any.whl (70 kB)
#12 735.5      ━━━━━━━━━━━━━━━━━━━━━━━━━━━━━━━━━━━━━━━━ 70.2/70.2 KB 4.2 MB/s eta 0:00:00
#12 735.8 Collecting scipy>=1.4.1
#12 735.8   Downloading scipy-1.12.0-cp311-cp311-manylinux_2_17_x86_64.manylinux2014_x86_64.whl (38.4 MB)
#12 760.3      ━━━━━━━━━━━━━━━━━━━━━━━━━━━━━━━━━━━━━━━ 38.4/38.4 MB 456.8 kB/s eta 0:00:00
#12 760.5 Collecting requests>=2.23.0
#12 760.7   Downloading requests-2.31.0-py3-none-any.whl (62 kB)
#12 760.8      ━━━━━━━━━━━━━━━━━━━━━━━━━━━━━━━━━━━━━━━ 62.6/62.6 KB 498.2 kB/s eta 0:00:00
#12 761.1 Collecting pandas>=1.1.4
#12 761.2   Downloading pandas-2.2.0-cp311-cp311-manylinux_2_17_x86_64.manylinux2014_x86_64.whl (13.0 MB)
#12 762.2      ━━━━━━━━━━━━━━━━━━━━━━━━━━━━━━━━━━━━━━━━ 13.0/13.0 MB 13.0 MB/s eta 0:00:00
#12 762.4 Collecting gitpython>=3.1.30
#12 762.5   Downloading GitPython-3.1.42-py3-none-any.whl (195 kB)
#12 762.5      ━━━━━━━━━━━━━━━━━━━━━━━━━━━━━━━━━━━━━━━ 195.4/195.4 KB 8.5 MB/s eta 0:00:00
#12 762.7 Collecting ultralytics>=8.0.100
#12 762.7   Downloading ultralytics-8.1.15-py3-none-any.whl (715 kB)
#12 762.8      ━━━━━━━━━━━━━━━━━━━━━━━━━━━━━━━━━━━━━━ 715.1/715.1 KB 11.5 MB/s eta 0:00:00
#12 762.9 Collecting PyYAML>=5.3.1
#12 763.0   Downloading PyYAML-6.0.1-cp311-cp311-manylinux_2_17_x86_64.manylinux2014_x86_64.whl (757 kB)
#12 763.1      ━━━━━━━━━━━━━━━━━━━━━━━━━━━━━━━━━━━━━━━ 757.7/757.7 KB 8.3 MB/s eta 0:00:00
#12 763.2 Collecting tqdm>=4.64.0
#12 763.2   Downloading tqdm-4.66.2-py3-none-any.whl (78 kB)
#12 763.2      ━━━━━━━━━━━━━━━━━━━━━━━━━━━━━━━━━━━━━━━━ 78.3/78.3 KB 5.9 MB/s eta 0:00:00
#12 763.3 Collecting googleapis-common-protos>=1.5.5
#12 763.4   Downloading googleapis_common_protos-1.62.0-py2.py3-none-any.whl (228 kB)
#12 763.4      ━━━━━━━━━━━━━━━━━━━━━━━━━━━━━━━━━━━━━━━ 228.7/228.7 KB 8.6 MB/s eta 0:00:00
#12 764.3 Collecting grpcio>=1.60.0
#12 764.3   Downloading grpcio-1.60.1-cp311-cp311-manylinux_2_17_x86_64.manylinux2014_x86_64.whl (5.4 MB)
#12 764.8      ━━━━━━━━━━━━━━━━━━━━━━━━━━━━━━━━━━━━━━━━ 5.4/5.4 MB 12.9 MB/s eta 0:00:00
#12 765.1 Collecting protobuf>=4.21.6
#12 765.2   Downloading protobuf-4.25.3-cp37-abi3-manylinux2014_x86_64.whl (294 kB)
#12 765.2      ━━━━━━━━━━━━━━━━━━━━━━━━━━━━━━━━━━━━━━━ 294.6/294.6 KB 8.9 MB/s eta 0:00:00
#12 765.3 Collecting sniffio>=1.1
#12 765.4   Downloading sniffio-1.3.0-py3-none-any.whl (10 kB)
#12 765.4 Collecting idna>=2.8
#12 765.5   Downloading idna-3.6-py3-none-any.whl (61 kB)
#12 765.5      ━━━━━━━━━━━━━━━━━━━━━━━━━━━━━━━━━━━━━━━━ 61.6/61.6 KB 5.5 MB/s eta 0:00:00
#12 765.6 Collecting jmespath<2.0.0,>=0.7.1
#12 765.6   Downloading jmespath-1.0.1-py3-none-any.whl (20 kB)
#12 766.3 Collecting botocore<1.35.0,>=1.34.44
#12 766.4   Downloading botocore-1.34.44-py3-none-any.whl (12.0 MB)
#12 767.2      ━━━━━━━━━━━━━━━━━━━━━━━━━━━━━━━━━━━━━━━━ 12.0/12.0 MB 14.0 MB/s eta 0:00:00
#12 767.4 Collecting s3transfer<0.11.0,>=0.10.0
#12 767.4   Downloading s3transfer-0.10.0-py3-none-any.whl (82 kB)
#12 767.4      ━━━━━━━━━━━━━━━━━━━━━━━━━━━━━━━━━━━━━━━━ 82.1/82.1 KB 4.6 MB/s eta 0:00:00
#12 767.5 Collecting gitdb<5,>=4.0.1
#12 767.6   Downloading gitdb-4.0.11-py3-none-any.whl (62 kB)
#12 767.6      ━━━━━━━━━━━━━━━━━━━━━━━━━━━━━━━━━━━━━━━━ 62.7/62.7 KB 4.8 MB/s eta 0:00:00
#12 767.8 Collecting fsspec>=2023.5.0
#12 767.8   Downloading fsspec-2024.2.0-py3-none-any.whl (170 kB)
#12 767.8      ━━━━━━━━━━━━━━━━━━━━━━━━━━━━━━━━━━━━━━━ 170.9/170.9 KB 8.5 MB/s eta 0:00:00
#12 767.9 Collecting filelock
#12 768.0   Downloading filelock-3.13.1-py3-none-any.whl (11 kB)
#12 768.1 Collecting python-dateutil>=2.7
#12 768.1   Downloading python_dateutil-2.8.2-py2.py3-none-any.whl (247 kB)
#12 768.2      ━━━━━━━━━━━━━━━━━━━━━━━━━━━━━━━━━━━━━━ 247.7/247.7 KB 10.0 MB/s eta 0:00:00
#12 768.2 Collecting cycler>=0.10
#12 768.3   Downloading cycler-0.12.1-py3-none-any.whl (8.3 kB)
#12 768.3 Requirement already satisfied: pyparsing>=2.3.1 in /usr/lib/python3/dist-packages (from matplotlib>=3.3->yolov5==7.0.13->-r requirements.txt (line 16)) (2.4.7)
#12 768.5 Collecting contourpy>=1.0.1
#12 768.5   Downloading contourpy-1.2.0-cp311-cp311-manylinux_2_17_x86_64.manylinux2014_x86_64.whl (313 kB)
#12 768.6      ━━━━━━━━━━━━━━━━━━━━━━━━━━━━━━━━━━━━━━━ 313.4/313.4 KB 8.9 MB/s eta 0:00:00
#12 768.7 Collecting kiwisolver>=1.3.1
#12 768.7   Downloading kiwisolver-1.4.5-cp311-cp311-manylinux_2_17_x86_64.manylinux2014_x86_64.whl (1.4 MB)
#12 768.9      ━━━━━━━━━━━━━━━━━━━━━━━━━━━━━━━━━━━━━━━━ 1.4/1.4 MB 13.1 MB/s eta 0:00:00
#12 769.1 Collecting fonttools>=4.22.0
#12 769.1   Downloading fonttools-4.49.0-cp311-cp311-manylinux_2_17_x86_64.manylinux2014_x86_64.whl (4.9 MB)
#12 769.5      ━━━━━━━━━━━━━━━━━━━━━━━━━━━━━━━━━━━━━━━━ 4.9/4.9 MB 13.8 MB/s eta 0:00:00
#12 769.7 Collecting tzdata>=2022.7
#12 769.7   Downloading tzdata-2024.1-py2.py3-none-any.whl (345 kB)
#12 769.8      ━━━━━━━━━━━━━━━━━━━━━━━━━━━━━━━━━━━━━━━ 345.4/345.4 KB 9.8 MB/s eta 0:00:00
#12 769.9 Collecting pytz>=2020.1
#12 769.9   Downloading pytz-2024.1-py2.py3-none-any.whl (505 kB)
#12 770.0      ━━━━━━━━━━━━━━━━━━━━━━━━━━━━━━━━━━━━━━ 505.5/505.5 KB 10.7 MB/s eta 0:00:00
#12 770.1 Collecting certifi>=2017.4.17
#12 770.2   Downloading certifi-2024.2.2-py3-none-any.whl (163 kB)
#12 770.2      ━━━━━━━━━━━━━━━━━━━━━━━━━━━━━━━━━━━━━━━ 163.8/163.8 KB 5.6 MB/s eta 0:00:00
#12 770.3 Collecting urllib3<3,>=1.21.1
#12 770.4   Downloading urllib3-2.2.1-py3-none-any.whl (121 kB)
#12 770.4      ━━━━━━━━━━━━━━━━━━━━━━━━━━━━━━━━━━━━━━━ 121.1/121.1 KB 7.1 MB/s eta 0:00:00
#12 770.6 Collecting charset-normalizer<4,>=2
#12 770.6   Downloading charset_normalizer-3.3.2-cp311-cp311-manylinux_2_17_x86_64.manylinux2014_x86_64.whl (140 kB)
#12 770.7      ━━━━━━━━━━━━━━━━━━━━━━━━━━━━━━━━━━━━━━━ 140.3/140.3 KB 7.2 MB/s eta 0:00:00
#12 770.7 Collecting chardet==4.0.0
#12 770.8   Downloading chardet-4.0.0-py2.py3-none-any.whl (178 kB)
#12 770.8      ━━━━━━━━━━━━━━━━━━━━━━━━━━━━━━━━━━━━━━━ 178.7/178.7 KB 7.8 MB/s eta 0:00:00
#12 770.9 Collecting supervision
#12 771.0   Downloading supervision-0.18.0-py3-none-any.whl (86 kB)
#12 771.0      ━━━━━━━━━━━━━━━━━━━━━━━━━━━━━━━━━━━━━━━━ 86.7/86.7 KB 5.5 MB/s eta 0:00:00
#12 771.0 Collecting idna>=2.8
#12 771.0   Downloading idna-2.10-py2.py3-none-any.whl (58 kB)
#12 771.1      ━━━━━━━━━━━━━━━━━━━━━━━━━━━━━━━━━━━━━━━━ 58.8/58.8 KB 5.1 MB/s eta 0:00:00
#12 771.1 Collecting requests-toolbelt
#12 771.2   Downloading requests_toolbelt-1.0.0-py2.py3-none-any.whl (54 kB)
#12 771.2      ━━━━━━━━━━━━━━━━━━━━━━━━━━━━━━━━━━━━━━━━ 54.5/54.5 KB 4.6 MB/s eta 0:00:00
#12 771.2 Requirement already satisfied: six in /usr/lib/python3/dist-packages (from roboflow>=0.2.29->yolov5==7.0.13->-r requirements.txt (line 16)) (1.16.0)
#12 771.4 Collecting opencv-python-headless==4.8.0.74
#12 771.4   Downloading opencv_python_headless-4.8.0.74-cp37-abi3-manylinux_2_17_x86_64.manylinux2014_x86_64.whl (49.1 MB)
#12 775.0      ━━━━━━━━━━━━━━━━━━━━━━━━━━━━━━━━━━━━━━━━ 49.1/49.1 MB 11.8 MB/s eta 0:00:00
#12 775.1 Collecting certifi>=2017.4.17
#12 775.2   Downloading certifi-2023.7.22-py3-none-any.whl (158 kB)
#12 775.2      ━━━━━━━━━━━━━━━━━━━━━━━━━━━━━━━━━━━━━━━ 158.3/158.3 KB 6.2 MB/s eta 0:00:00
#12 775.3 Collecting python-magic
#12 775.3   Downloading python_magic-0.4.27-py2.py3-none-any.whl (13 kB)
#12 775.3 Collecting cycler>=0.10
#12 775.4   Downloading cycler-0.10.0-py2.py3-none-any.whl (6.5 kB)
#12 775.5 Collecting python-dotenv
#12 775.5   Downloading python_dotenv-1.0.1-py3-none-any.whl (19 kB)
#12 775.8 Collecting shapely>=1.8.0
#12 775.8   Downloading shapely-2.0.3-cp311-cp311-manylinux_2_17_x86_64.manylinux2014_x86_64.whl (2.5 MB)
#12 776.0      ━━━━━━━━━━━━━━━━━━━━━━━━━━━━━━━━━━━━━━━━ 2.5/2.5 MB 13.6 MB/s eta 0:00:00
#12 776.1 Collecting pybboxes==0.1.6
#12 776.1   Downloading pybboxes-0.1.6-py3-none-any.whl (24 kB)
#12 776.2 Collecting terminaltables
#12 776.2   Downloading terminaltables-3.1.10-py2.py3-none-any.whl (15 kB)
#12 776.3 Collecting opencv-python>=4.1.1
#12 776.3   Downloading opencv_python-4.7.0.72-cp37-abi3-manylinux_2_17_x86_64.manylinux2014_x86_64.whl (61.8 MB)
#12 780.7      ━━━━━━━━━━━━━━━━━━━━━━━━━━━━━━━━━━━━━━━━ 61.8/61.8 MB 12.0 MB/s eta 0:00:00
#12 781.1 Collecting markdown>=2.6.8
#12 781.1   Downloading Markdown-3.5.2-py3-none-any.whl (103 kB)
#12 781.1      ━━━━━━━━━━━━━━━━━━━━━━━━━━━━━━━━━━━━━━━ 103.9/103.9 KB 5.1 MB/s eta 0:00:00
#12 781.2 Collecting tensorboard-data-server<0.8.0,>=0.7.0
#12 781.3   Downloading tensorboard_data_server-0.7.2-py3-none-manylinux_2_31_x86_64.whl (6.6 MB)
#12 781.7      ━━━━━━━━━━━━━━━━━━━━━━━━━━━━━━━━━━━━━━━━ 6.6/6.6 MB 14.2 MB/s eta 0:00:00
#12 781.8 Collecting werkzeug>=1.0.1
#12 781.9   Downloading werkzeug-3.0.1-py3-none-any.whl (226 kB)
#12 781.9      ━━━━━━━━━━━━━━━━━━━━━━━━━━━━━━━━━━━━━━━ 226.7/226.7 KB 9.8 MB/s eta 0:00:00
#12 782.0 Collecting absl-py>=0.4
#12 782.0   Downloading absl_py-2.1.0-py3-none-any.whl (133 kB)
#12 782.1      ━━━━━━━━━━━━━━━━━━━━━━━━━━━━━━━━━━━━━━━ 133.7/133.7 KB 8.1 MB/s eta 0:00:00
#12 782.2 Collecting nvidia-curand-cu12==10.3.2.106
#12 782.2   Downloading nvidia_curand_cu12-10.3.2.106-py3-none-manylinux1_x86_64.whl (56.5 MB)
#12 786.2      ━━━━━━━━━━━━━━━━━━━━━━━━━━━━━━━━━━━━━━━━ 56.5/56.5 MB 12.5 MB/s eta 0:00:00
#12 786.4 Collecting networkx
#12 786.4   Downloading networkx-3.2.1-py3-none-any.whl (1.6 MB)
#12 786.5      ━━━━━━━━━━━━━━━━━━━━━━━━━━━━━━━━━━━━━━━━ 1.6/1.6 MB 14.0 MB/s eta 0:00:00
#12 786.6 Collecting nvidia-cuda-cupti-cu12==12.1.105
#12 786.7   Downloading nvidia_cuda_cupti_cu12-12.1.105-py3-none-manylinux1_x86_64.whl (14.1 MB)
#12 787.7      ━━━━━━━━━━━━━━━━━━━━━━━━━━━━━━━━━━━━━━━━ 14.1/14.1 MB 13.9 MB/s eta 0:00:00
#12 787.7 Collecting nvidia-cufft-cu12==11.0.2.54
#12 787.8   Downloading nvidia_cufft_cu12-11.0.2.54-py3-none-manylinux1_x86_64.whl (121.6 MB)
#12 796.3      ━━━━━━━━━━━━━━━━━━━━━━━━━━━━━━━━━━━━━━ 121.6/121.6 MB 10.3 MB/s eta 0:00:00
#12 796.6 Collecting nvidia-cusparse-cu12==12.1.0.106
#12 796.7   Downloading nvidia_cusparse_cu12-12.1.0.106-py3-none-manylinux1_x86_64.whl (196.0 MB)
#12 811.5      ━━━━━━━━━━━━━━━━━━━━━━━━━━━━━━━━━━━━━━━ 196.0/196.0 MB 4.5 MB/s eta 0:00:00
#12 811.9 Collecting nvidia-cuda-runtime-cu12==12.1.105
#12 812.0   Downloading nvidia_cuda_runtime_cu12-12.1.105-py3-none-manylinux1_x86_64.whl (823 kB)
#12 812.1      ━━━━━━━━━━━━━━━━━━━━━━━━━━━━━━━━━━━━━━ 823.6/823.6 KB 13.5 MB/s eta 0:00:00
#12 812.1 Collecting jinja2
#12 812.2   Downloading Jinja2-3.1.3-py3-none-any.whl (133 kB)
#12 812.2      ━━━━━━━━━━━━━━━━━━━━━━━━━━━━━━━━━━━━━━━ 133.2/133.2 KB 7.8 MB/s eta 0:00:00
#12 812.3 Collecting nvidia-cublas-cu12==12.1.3.1
#12 812.3   Downloading nvidia_cublas_cu12-12.1.3.1-py3-none-manylinux1_x86_64.whl (410.6 MB)
#12 854.2      ━━━━━━━━━━━━━━━━━━━━━━━━━━━━━━━━━━━━━ 410.6/410.6 MB 646.0 kB/s eta 0:00:00
#12 855.1 Collecting nvidia-cuda-nvrtc-cu12==12.1.105
#12 855.2   Downloading nvidia_cuda_nvrtc_cu12-12.1.105-py3-none-manylinux1_x86_64.whl (23.7 MB)
#12 857.0      ━━━━━━━━━━━━━━━━━━━━━━━━━━━━━━━━━━━━━━━━ 23.7/23.7 MB 11.7 MB/s eta 0:00:00
#12 857.1 Collecting nvidia-nvtx-cu12==12.1.105
#12 857.2   Downloading nvidia_nvtx_cu12-12.1.105-py3-none-manylinux1_x86_64.whl (99 kB)
#12 857.3      ━━━━━━━━━━━━━━━━━━━━━━━━━━━━━━━━━━━━━━━━ 99.1/99.1 KB 6.4 MB/s eta 0:00:00
#12 857.4 Collecting sympy
#12 857.4   Downloading sympy-1.12-py3-none-any.whl (5.7 MB)
#12 857.9      ━━━━━━━━━━━━━━━━━━━━━━━━━━━━━━━━━━━━━━━━ 5.7/5.7 MB 11.0 MB/s eta 0:00:00
#12 858.0 Collecting nvidia-cusolver-cu12==11.4.5.107
#12 858.1   Downloading nvidia_cusolver_cu12-11.4.5.107-py3-none-manylinux1_x86_64.whl (124.2 MB)
#12 870.3      ━━━━━━━━━━━━━━━━━━━━━━━━━━━━━━━━━━━━━━━ 124.2/124.2 MB 8.4 MB/s eta 0:00:00
#12 870.6 Collecting triton==2.2.0
#12 870.7   Downloading triton-2.2.0-cp311-cp311-manylinux_2_17_x86_64.manylinux2014_x86_64.whl (167.9 MB)
#12 884.2      ━━━━━━━━━━━━━━━━━━━━━━━━━━━━━━━━━━━━━━━ 167.9/167.9 MB 3.8 MB/s eta 0:00:00
#12 884.6 Collecting nvidia-cudnn-cu12==8.9.2.26
#12 884.6   Downloading nvidia_cudnn_cu12-8.9.2.26-py3-none-manylinux1_x86_64.whl (731.7 MB)
#12 949.2      ━━━━━━━━━━━━━━━━━━━━━━━━━━━━━━━━━━━━━ 731.7/731.7 MB 590.4 kB/s eta 0:00:00
#12 950.8 Collecting nvidia-nccl-cu12==2.19.3
#12 950.8   Downloading nvidia_nccl_cu12-2.19.3-py3-none-manylinux1_x86_64.whl (166.0 MB)
#12 962.4      ━━━━━━━━━━━━━━━━━━━━━━━━━━━━━━━━━━━━━━━ 166.0/166.0 MB 9.1 MB/s eta 0:00:00
#12 962.8 Collecting nvidia-nvjitlink-cu12
#12 962.9   Downloading nvidia_nvjitlink_cu12-12.3.101-py3-none-manylinux1_x86_64.whl (20.5 MB)
#12 964.3      ━━━━━━━━━━━━━━━━━━━━━━━━━━━━━━━━━━━━━━━━ 20.5/20.5 MB 14.0 MB/s eta 0:00:00
#12 964.5 Collecting py-cpuinfo
#12 964.6   Downloading py_cpuinfo-9.0.0-py3-none-any.whl (22 kB)
#12 964.7 Collecting termcolor
#12 964.7   Downloading termcolor-2.4.0-py3-none-any.whl (7.7 kB)
#12 964.8 Collecting urllib3<3,>=1.21.1
#12 964.8   Downloading urllib3-2.0.7-py3-none-any.whl (124 kB)
#12 964.9      ━━━━━━━━━━━━━━━━━━━━━━━━━━━━━━━━━━━━━━ 124.2/124.2 KB 10.0 MB/s eta 0:00:00
#12 965.0 Collecting smmap<6,>=3.0.1
#12 965.1   Downloading smmap-5.0.1-py3-none-any.whl (24 kB)
#12 965.5 Collecting MarkupSafe>=2.1.1
#12 965.5   Downloading MarkupSafe-2.1.5-cp311-cp311-manylinux_2_17_x86_64.manylinux2014_x86_64.whl (28 kB)
#12 965.7 Collecting defusedxml<0.8.0,>=0.7.1
#12 965.8   Downloading defusedxml-0.7.1-py2.py3-none-any.whl (25 kB)
#12 965.9 Collecting mpmath>=0.19
#12 965.9   Downloading mpmath-1.3.0-py3-none-any.whl (536 kB)
#12 966.0      ━━━━━━━━━━━━━━━━━━━━━━━━━━━━━━━━━━━━━━ 536.2/536.2 KB 13.5 MB/s eta 0:00:00
#12 966.1 Building wheels for collected packages: pyspark, fire
#12 966.1   Building wheel for pyspark (setup.py): started
#12 983.0   Building wheel for pyspark (setup.py): finished with status 'done'
#12 983.6   Created wheel for pyspark: filename=pyspark-3.5.0-py2.py3-none-any.whl size=317425364 sha256=36395f212d3e7b03dae598b793420f404d6bedaea7f04db388b683ad59f259cb
#12 983.6   Stored in directory: /root/.cache/pip/wheels/38/df/61/8c121f50c3cffd77f8178180dd232d90b3b99d1bd61fb6d6be
#12 983.6   Building wheel for fire (setup.py): started
#12 983.9   Building wheel for fire (setup.py): finished with status 'done'
#12 983.9   Created wheel for fire: filename=fire-0.5.0-py2.py3-none-any.whl size=116951 sha256=c33b13f45b28ffe0c0148ac5dea1274d3d9fecaa86c9a8e07c7712803b254cc7
#12 983.9   Stored in directory: /root/.cache/pip/wheels/a7/ee/a5/19e91481be8bea594935d137578bfe77d6bf905e4595336f6b
#12 983.9 Successfully built pyspark fire
#12 984.6 Installing collected packages: pytz, py4j, py-cpuinfo, mpmath, confluent-kafka, urllib3, tzdata, typing-extensions, tqdm, terminaltables, termcolor, tensorboard-data-server, sympy, sniffio, smmap, setuptools, redis, PyYAML, python-magic, python-dotenv, python-dateutil, pyspark, psutil, protobuf, pillow, packaging, nvidia-nvtx-cu12, nvidia-nvjitlink-cu12, nvidia-nccl-cu12, nvidia-curand-cu12, nvidia-cufft-cu12, nvidia-cuda-runtime-cu12, nvidia-cuda-nvrtc-cu12, nvidia-cuda-cupti-cu12, nvidia-cublas-cu12, numpy, networkx, msgpack, MarkupSafe, markdown, loguru, kiwisolver, jmespath, idna, h11, grpcio, fsspec, fonttools, filelock, defusedxml, cycler, click, charset-normalizer, chardet, certifi, async-timeout, annotated-types, absl-py, werkzeug, uvicorn, triton, shapely, scipy, requests, pydantic-core, pybboxes, pyarrow, pandas, opencv-python-headless, opencv-python, nvidia-cusparse-cu12, nvidia-cudnn-cu12, msgpack_numpy, jinja2, imageio, googleapis-common-protos, gitdb, fire, contourpy, botocore, anyio, aiokafka, tensorboard, starlette, sahi, s3transfer, requests-toolbelt, pydantic, nvidia-cusolver-cu12, matplotlib, huggingface-hub, grpcio_status, gitpython, torch, supervision, seaborn, fastapi, boto3, torchvision, thop, roboflow, ultralytics, yolov5
#12 989.7   Attempting uninstall: setuptools
#12 989.7     Found existing installation: setuptools 59.6.0
#12 989.7     Not uninstalling setuptools at /usr/lib/python3/dist-packages, outside environment /usr
#12 989.7     Can't uninstall 'setuptools'. No files were found to uninstall.
#12 1140.1 Successfully installed MarkupSafe-2.1.5 PyYAML-6.0.1 absl-py-2.1.0 aiokafka-0.10.0 annotated-types-0.6.0 anyio-3.7.1 async-timeout-4.0.3 boto3-1.34.44 botocore-1.34.44 certifi-2023.7.22 chardet-4.0.0 charset-normalizer-3.3.2 click-8.1.7 confluent-kafka-2.3.0 contourpy-1.2.0 cycler-0.10.0 defusedxml-0.7.1 fastapi-0.105.0 filelock-3.13.1 fire-0.5.0 fonttools-4.49.0 fsspec-2024.2.0 gitdb-4.0.11 gitpython-3.1.42 googleapis-common-protos-1.62.0 grpcio-1.60.1 grpcio_status-1.60.0 h11-0.14.0 huggingface-hub-0.20.3 idna-2.10 imageio-2.33.1 jinja2-3.1.3 jmespath-1.0.1 kiwisolver-1.4.5 loguru-0.7.2 markdown-3.5.2 matplotlib-3.8.3 mpmath-1.3.0 msgpack-1.0.7 msgpack_numpy-0.4.8 networkx-3.2.1 numpy-1.26.4 nvidia-cublas-cu12-12.1.3.1 nvidia-cuda-cupti-cu12-12.1.105 nvidia-cuda-nvrtc-cu12-12.1.105 nvidia-cuda-runtime-cu12-12.1.105 nvidia-cudnn-cu12-8.9.2.26 nvidia-cufft-cu12-11.0.2.54 nvidia-curand-cu12-10.3.2.106 nvidia-cusolver-cu12-11.4.5.107 nvidia-cusparse-cu12-12.1.0.106 nvidia-nccl-cu12-2.19.3 nvidia-nvjitlink-cu12-12.3.101 nvidia-nvtx-cu12-12.1.105 opencv-python-4.7.0.72 opencv-python-headless-4.8.0.74 packaging-23.2 pandas-2.2.0 pillow-10.2.0 protobuf-4.25.3 psutil-5.9.8 py-cpuinfo-9.0.0 py4j-0.10.9.7 pyarrow-15.0.0 pybboxes-0.1.6 pydantic-2.5.3 pydantic-core-2.14.6 pyspark-3.5.0 python-dateutil-2.8.2 python-dotenv-1.0.1 python-magic-0.4.27 pytz-2024.1 redis-5.0.1 requests-2.31.0 requests-toolbelt-1.0.0 roboflow-1.1.19 s3transfer-0.10.0 sahi-0.11.15 scipy-1.12.0 seaborn-0.13.2 setuptools-69.1.0 shapely-2.0.3 smmap-5.0.1 sniffio-1.3.0 starlette-0.27.0 supervision-0.18.0 sympy-1.12 tensorboard-2.16.2 tensorboard-data-server-0.7.2 termcolor-2.4.0 terminaltables-3.1.10 thop-0.1.1.post2209072238 torch-2.2.0 torchvision-0.17.0 tqdm-4.66.2 triton-2.2.0 typing-extensions-4.9.0 tzdata-2024.1 ultralytics-8.1.15 urllib3-2.0.7 uvicorn-0.27.1 werkzeug-3.0.1 yolov5-7.0.13
#12 1140.1 WARNING: Running pip as the 'root' user can result in broken permissions and conflicting behaviour with the system package manager. It is recommended to use a virtual environment instead: https://pip.pypa.io/warnings/venv
#12 DONE 1141.9s

#13 exporting to image
#13 exporting layers
#13 exporting layers 63.2s done
#13 writing image sha256:7dbd3e2b1ed127f2eb3db6e37f765bf101a7ab53b31591d75f9851e967ebc0d7 0.0s done
#13 naming to docker.io/library/docker-myapp 0.0s done
#13 DONE 63.3s
Container docker-redis-1  Recreate
Container spark-master  Running
Container docker-myapp-1  Recreate
Container spark-worker-2  Running
Container spark-worker-1  Running
Container docker-zookeeper-1  Running
Container docker-kafka-1  Running
Container docker-kafka-topics-generator-1  Created
Container kafka-ui  Running
Container docker-redis-1  Recreated
Container docker-myapp-1  Recreated
Container docker-redis-1  Starting
Container docker-myapp-1  Starting
Container docker-zookeeper-1  Waiting
Container docker-zookeeper-1  Healthy
Container docker-kafka-1  Waiting
Container docker-kafka-1  Waiting
Container docker-kafka-1  Healthy
Container docker-kafka-topics-generator-1  Starting
Container docker-kafka-1  Healthy
Container docker-redis-1  Started
Container docker-myapp-1  Started
Container docker-kafka-topics-generator-1  Started
2024-02-19 13:53:04.188 | INFO     | init.init_docker:start:44 - Creation and launching of docker servers is completed.

2024-02-19 13:53:04.234 | INFO     | init.init_docker:start:47 - End work init_docker function.

2024-02-19 13:53:04.236 | INFO     | __main__:build:25 - End work build function.

