2024-02-19 15:34:28.615 | INFO     | __main__:build:23 - Start work build function.

2024-02-19 15:34:28.616 | INFO     | init.init_docker:start:40 - Start work init_docker function.

#1 [internal] load build definition from Dockerfile
#1 transferring dockerfile: 1.67kB done
#1 DONE 0.0s

#2 [internal] load .dockerignore
#2 transferring context: 2B done
#2 DONE 0.0s

#3 [internal] load metadata for docker.io/library/ubuntu:latest
#3 DONE 1.6s

#4 [1/8] FROM docker.io/library/ubuntu:latest@sha256:f9d633ff6640178c2d0525017174a688e2c1aef28f0a0130b26bd5554491f0da
#4 CACHED

#5 [internal] load build context
#5 transferring context: 7.78kB 0.0s done
#5 DONE 0.0s

#6 [2/8] RUN apt-get update &&     apt-get install -y lsb-release &&     apt-get -y install firefox &&     apt-get install -y wget &&     apt-get install -y openjdk-11-jdk &&     apt-get install -y --no-install-recommends software-properties-common &&     apt-get install -y --no-install-recommends gpg-agent &&     add-apt-repository ppa:deadsnakes/ppa &&     apt-get install -y --no-install-recommends python3.11 &&     apt-get install -y --no-install-recommends python3-pip &&     apt-get install -y --no-install-recommends python3.11-venv &&     apt-get install -y openssh-server unzip curl &&     service ssh start &&     apt install -y sudo &&     apt-get install -y --no-install-recommends python3.11 &&     apt-get clean &&     rm -rf /var/lib/apt/lists/*
#6 3.913 Get:1 http://archive.ubuntu.com/ubuntu jammy InRelease [270 kB]
#6 4.838 Get:2 http://archive.ubuntu.com/ubuntu jammy-updates InRelease [119 kB]
#6 5.597 Get:3 http://archive.ubuntu.com/ubuntu jammy-backports InRelease [109 kB]
#6 6.337 Get:4 http://archive.ubuntu.com/ubuntu jammy/main amd64 Packages [1792 kB]
#6 7.642 Get:5 http://archive.ubuntu.com/ubuntu jammy/universe amd64 Packages [17.5 MB]
#6 10.10 Get:6 http://archive.ubuntu.com/ubuntu jammy/restricted amd64 Packages [164 kB]
#6 11.28 Get:7 http://archive.ubuntu.com/ubuntu jammy/multiverse amd64 Packages [266 kB]
#6 12.20 Get:8 http://archive.ubuntu.com/ubuntu jammy-updates/universe amd64 Packages [1343 kB]
#6 13.45 Get:9 http://archive.ubuntu.com/ubuntu jammy-updates/restricted amd64 Packages [1834 kB]
#6 14.77 Get:10 http://archive.ubuntu.com/ubuntu jammy-updates/main amd64 Packages [1742 kB]
#6 16.09 Get:11 http://archive.ubuntu.com/ubuntu jammy-updates/multiverse amd64 Packages [50.4 kB]
#6 16.82 Get:12 http://archive.ubuntu.com/ubuntu jammy-backports/main amd64 Packages [50.4 kB]
#6 17.41 Get:13 http://archive.ubuntu.com/ubuntu jammy-backports/universe amd64 Packages [28.1 kB]
#6 21.53 Err:14 http://security.ubuntu.com/ubuntu jammy-security InRelease
#6 21.53   403  connecting to security.ubuntu.com:80: connecting to 185.125.190.36:80: dial tcp 185.125.190.36:80: connectex: A connection attempt failed because the connected party did not properly respond after a period of time, or established connection failed because connected host has failed to respond. [IP: 185.125.190.36 80]
#6 21.54 Reading package lists...
#6 22.36 E: Failed to fetch http://security.ubuntu.com/ubuntu/dists/jammy-security/InRelease  403  connecting to security.ubuntu.com:80: connecting to 185.125.190.36:80: dial tcp 185.125.190.36:80: connectex: A connection attempt failed because the connected party did not properly respond after a period of time, or established connection failed because connected host has failed to respond. [IP: 185.125.190.36 80]
#6 22.36 E: The repository 'http://security.ubuntu.com/ubuntu jammy-security InRelease' is not signed.
#6 ERROR: executor failed running [/bin/sh -c apt-get update &&     apt-get install -y lsb-release &&     apt-get -y install firefox &&     apt-get install -y wget &&     apt-get install -y openjdk-11-jdk &&     apt-get install -y --no-install-recommends software-properties-common &&     apt-get install -y --no-install-recommends gpg-agent &&     add-apt-repository ppa:deadsnakes/ppa &&     apt-get install -y --no-install-recommends python3.11 &&     apt-get install -y --no-install-recommends python3-pip &&     apt-get install -y --no-install-recommends python3.11-venv &&     apt-get install -y openssh-server unzip curl &&     service ssh start &&     apt install -y sudo &&     apt-get install -y --no-install-recommends python3.11 &&     apt-get clean &&     rm -rf /var/lib/apt/lists/*]: exit code: 100
------
 > [2/8] RUN apt-get update &&     apt-get install -y lsb-release &&     apt-get -y install firefox &&     apt-get install -y wget &&     apt-get install -y openjdk-11-jdk &&     apt-get install -y --no-install-recommends software-properties-common &&     apt-get install -y --no-install-recommends gpg-agent &&     add-apt-repository ppa:deadsnakes/ppa &&     apt-get install -y --no-install-recommends python3.11 &&     apt-get install -y --no-install-recommends python3-pip &&     apt-get install -y --no-install-recommends python3.11-venv &&     apt-get install -y openssh-server unzip curl &&     service ssh start &&     apt install -y sudo &&     apt-get install -y --no-install-recommends python3.11 &&     apt-get clean &&     rm -rf /var/lib/apt/lists/*:
#6 11.28 Get:7 http://archive.ubuntu.com/ubuntu jammy/multiverse amd64 Packages [266 kB]
#6 12.20 Get:8 http://archive.ubuntu.com/ubuntu jammy-updates/universe amd64 Packages [1343 kB]
#6 13.45 Get:9 http://archive.ubuntu.com/ubuntu jammy-updates/restricted amd64 Packages [1834 kB]
#6 14.77 Get:10 http://archive.ubuntu.com/ubuntu jammy-updates/main amd64 Packages [1742 kB]
#6 16.09 Get:11 http://archive.ubuntu.com/ubuntu jammy-updates/multiverse amd64 Packages [50.4 kB]
#6 16.82 Get:12 http://archive.ubuntu.com/ubuntu jammy-backports/main amd64 Packages [50.4 kB]
#6 17.41 Get:13 http://archive.ubuntu.com/ubuntu jammy-backports/universe amd64 Packages [28.1 kB]

#6 22.36 E: Failed to fetch http://security.ubuntu.com/ubuntu/dists/jammy-security/InRelease  403  connecting to security.ubuntu.com:80: connecting to 185.125.190.36:80: dial tcp 185.125.190.36:80: connectex: A connection attempt failed because the connected party did not properly respond after a period of time, or established connection failed because connected host has failed to respond. [IP: 185.125.190.36 80]
#6 22.36 E: The repository 'http://security.ubuntu.com/ubuntu jammy-security InRelease' is not signed.
------
failed to solve: executor failed running [/bin/sh -c apt-get update &&     apt-get install -y lsb-release &&     apt-get -y install firefox &&     apt-get install -y wget &&     apt-get install -y openjdk-11-jdk &&     apt-get install -y --no-install-recommends software-properties-common &&     apt-get install -y --no-install-recommends gpg-agent &&     add-apt-repository ppa:deadsnakes/ppa &&     apt-get install -y --no-install-recommends python3.11 &&     apt-get install -y --no-install-recommends python3-pip &&     apt-get install -y --no-install-recommends python3.11-venv &&     apt-get install -y openssh-server unzip curl &&     service ssh start &&     apt install -y sudo &&     apt-get install -y --no-install-recommends python3.11 &&     apt-get clean &&     rm -rf /var/lib/apt/lists/*]: exit code: 100
2024-02-19 15:34:53.686 | INFO     | init.init_docker:start:44 - Creation and launching of docker servers is completed.

2024-02-19 15:34:53.687 | INFO     | init.init_docker:start:47 - End work init_docker function.

2024-02-19 15:34:53.687 | INFO     | __main__:build:25 - End work build function.

