2024-02-13 21:08:10.970 | INFO     | __main__:__create_log_file:39 - C:\Users\User\Desktop\video_server\logs\server_yolo_analys_log\runtime_server_get_vidio_2024-2-13-21-8-10.log
2024-02-13 21:08:10.971 | INFO     | __main__:start:76 - Start server_yolo_analys
2024-02-13 21:08:13.987 | INFO     | __main__:__message_verification:56 - Received a new message (b'1') from the frame_to_analyze topic.
2024-02-13 21:08:13.988 | INFO     | __main__:__analyzing_and_sending_frame:67 - Beginning to analyze the message 1
2024-02-13 21:08:14.192 | INFO     | __main__:__analyzing_and_sending_frame:70 - Sending the result of message analysis [array([[[ 5,  5,  5],
        [ 5,  5,  5],
        [ 5,  5,  5],
        ...,
        [ 5,  5,  5],
        [ 6,  6,  6],
        [ 7,  7,  7]],

       [[ 5,  5,  5],
        [ 5,  5,  5],
        [ 5,  5,  5],
        ...,
        [ 5,  5,  5],
        [ 6,  6,  6],
        [ 7,  7,  7]],

       [[ 5,  5,  5],
        [ 5,  5,  5],
        [ 5,  5,  5],
        ...,
        [ 5,  5,  5],
        [ 6,  6,  6],
        [ 6,  6,  6]],

       ...,

       [[ 5,  5,  5],
        [ 6,  6,  6],
        [ 8,  8,  8],
        ...,
        [11, 20, 19],
        [ 8, 12, 10],
        [ 0,  4,  2]],

       [[ 9,  9,  9],
        [ 8,  8,  8],
        [ 8,  8,  8],
        ...,
        [18, 27, 26],
        [12, 16, 14],
        [ 2,  6,  4]],

       [[11, 11, 11],
        [10, 10, 10],
        [ 7,  7,  7],
        ...,
        [26, 35, 34],
        [16, 20, 18],
        [ 3,  7,  5]]], dtype=uint8)]
2024-02-13 21:08:14.236 | INFO     | __main__:__message_verification:56 - Received a new message (b'1') from the frame_to_analyze topic.
2024-02-13 21:08:14.237 | INFO     | __main__:__analyzing_and_sending_frame:67 - Beginning to analyze the message 1
2024-02-13 21:08:14.408 | INFO     | __main__:__analyzing_and_sending_frame:70 - Sending the result of message analysis [array([[[ 7,  7,  7],
        [ 7,  7,  7],
        [ 7,  7,  7],
        ...,
        [ 7,  7,  7],
        [ 4,  4,  4],
        [ 0,  0,  0]],

       [[ 7,  7,  7],
        [ 7,  7,  7],
        [ 7,  7,  7],
        ...,
        [10, 10, 10],
        [ 7,  7,  7],
        [ 0,  0,  0]],

       [[ 7,  7,  7],
        [ 7,  7,  7],
        [ 7,  7,  7],
        ...,
        [12, 12, 12],
        [ 9,  9,  9],
        [ 0,  0,  0]],

       ...,

       [[21, 21, 21],
        [17, 17, 17],
        [12, 12, 12],
        ...,
        [ 1, 20, 17],
        [ 0, 14,  9],
        [ 0,  7,  2]],

       [[14, 14, 14],
        [10, 10, 10],
        [ 6,  6,  6],
        ...,
        [ 0, 17, 14],
        [ 0, 11,  6],
        [ 0,  5,  0]],

       [[ 6,  6,  6],
        [ 3,  3,  3],
        [ 0,  0,  0],
        ...,
        [ 8, 29, 26],
        [ 5, 24, 19],
        [ 0, 18, 13]]], dtype=uint8)]
2024-02-13 21:08:14.451 | INFO     | __main__:__message_verification:56 - Received a new message (b'1') from the frame_to_analyze topic.
2024-02-13 21:08:14.451 | INFO     | __main__:__analyzing_and_sending_frame:67 - Beginning to analyze the message 1
2024-02-13 21:08:14.604 | INFO     | __main__:__analyzing_and_sending_frame:70 - Sending the result of message analysis [array([[[ 9,  9,  9],
        [ 8,  8,  8],
        [ 7,  7,  7],
        ...,
        [ 6,  6,  6],
        [ 3,  3,  3],
        [ 1,  1,  1]],

       [[ 5,  5,  5],
        [ 5,  5,  5],
        [ 5,  5,  5],
        ...,
        [ 6,  6,  6],
        [ 3,  3,  3],
        [ 1,  1,  1]],

       [[ 2,  2,  2],
        [ 2,  2,  2],
        [ 3,  3,  3],
        ...,
        [ 6,  6,  6],
        [ 3,  3,  3],
        [ 1,  1,  1]],

       ...,

       [[11, 11, 11],
        [ 9,  9,  9],
        [ 7,  7,  7],
        ...,
        [12, 21, 20],
        [ 4, 11,  8],
        [ 0,  1,  0]],

       [[13, 13, 13],
        [10, 10, 10],
        [ 8,  8,  8],
        ...,
        [17, 26, 25],
        [ 8, 15, 12],
        [ 0,  1,  0]],

       [[13, 13, 13],
        [11, 11, 11],
        [ 9,  9,  9],
        ...,
        [26, 35, 34],
        [15, 22, 19],
        [ 0,  5,  2]]], dtype=uint8)]
2024-02-13 21:08:14.649 | INFO     | __main__:__message_verification:56 - Received a new message (b'1') from the frame_to_analyze topic.
2024-02-13 21:08:14.650 | INFO     | __main__:__analyzing_and_sending_frame:67 - Beginning to analyze the message 1
2024-02-13 21:08:14.818 | INFO     | __main__:__analyzing_and_sending_frame:70 - Sending the result of message analysis [array([[[ 9,  9,  9],
        [ 8,  8,  8],
        [ 7,  7,  7],
        ...,
        [ 6,  6,  6],
        [ 3,  3,  3],
        [ 1,  1,  1]],

       [[ 5,  5,  5],
        [ 5,  5,  5],
        [ 5,  5,  5],
        ...,
        [ 6,  6,  6],
        [ 3,  3,  3],
        [ 1,  1,  1]],

       [[ 2,  2,  2],
        [ 2,  2,  2],
        [ 3,  3,  3],
        ...,
        [ 6,  6,  6],
        [ 3,  3,  3],
        [ 1,  1,  1]],

       ...,

       [[11, 11, 11],
        [ 9,  9,  9],
        [ 7,  7,  7],
        ...,
        [12, 21, 20],
        [ 4, 11,  8],
        [ 0,  1,  0]],

       [[13, 13, 13],
        [10, 10, 10],
        [ 8,  8,  8],
        ...,
        [17, 26, 25],
        [ 8, 15, 12],
        [ 0,  1,  0]],

       [[13, 13, 13],
        [11, 11, 11],
        [ 9,  9,  9],
        ...,
        [26, 35, 34],
        [15, 22, 19],
        [ 0,  5,  2]]], dtype=uint8)]
2024-02-13 21:08:14.861 | INFO     | __main__:__message_verification:56 - Received a new message (b'1') from the frame_to_analyze topic.
2024-02-13 21:08:14.862 | INFO     | __main__:__analyzing_and_sending_frame:67 - Beginning to analyze the message 1
2024-02-13 21:08:15.028 | INFO     | __main__:__analyzing_and_sending_frame:70 - Sending the result of message analysis [array([[[ 2,  2,  2],
        [ 3,  3,  3],
        [ 5,  5,  5],
        ...,
        [ 5,  5,  5],
        [ 5,  5,  5],
        [ 7,  7,  7]],

       [[ 5,  5,  5],
        [ 5,  5,  5],
        [ 5,  5,  5],
        ...,
        [ 5,  5,  5],
        [ 6,  6,  6],
        [ 6,  6,  6]],

       [[10, 10, 10],
        [ 8,  8,  8],
        [ 6,  6,  6],
        ...,
        [ 6,  6,  6],
        [ 6,  6,  6],
        [ 5,  5,  5]],

       ...,

       [[13, 13, 13],
        [12, 12, 12],
        [10, 10, 10],
        ...,
        [20, 24, 24],
        [24, 24, 22],
        [ 1,  1,  0]],

       [[10, 10, 10],
        [ 9,  9,  9],
        [ 8,  8,  8],
        ...,
        [20, 24, 24],
        [22, 22, 20],
        [ 0,  0,  0]],

       [[ 8,  8,  8],
        [ 7,  7,  7],
        [ 7,  7,  7],
        ...,
        [32, 36, 36],
        [33, 33, 31],
        [ 6,  6,  4]]], dtype=uint8)]
2024-02-13 21:08:15.068 | INFO     | __main__:__message_verification:56 - Received a new message (b'1') from the frame_to_analyze topic.
2024-02-13 21:08:15.069 | INFO     | __main__:__analyzing_and_sending_frame:67 - Beginning to analyze the message 1
2024-02-13 21:08:15.255 | INFO     | __main__:__analyzing_and_sending_frame:70 - Sending the result of message analysis [array([[[ 2,  2,  2],
        [ 3,  3,  3],
        [ 5,  5,  5],
        ...,
        [ 5,  5,  5],
        [ 5,  5,  5],
        [ 7,  7,  7]],

       [[ 5,  5,  5],
        [ 5,  5,  5],
        [ 5,  5,  5],
        ...,
        [ 5,  5,  5],
        [ 6,  6,  6],
        [ 6,  6,  6]],

       [[10, 10, 10],
        [ 8,  8,  8],
        [ 6,  6,  6],
        ...,
        [ 6,  6,  6],
        [ 6,  6,  6],
        [ 5,  5,  5]],

       ...,

       [[13, 13, 13],
        [12, 12, 12],
        [10, 10, 10],
        ...,
        [20, 24, 24],
        [24, 24, 22],
        [ 1,  1,  0]],

       [[10, 10, 10],
        [ 9,  9,  9],
        [ 8,  8,  8],
        ...,
        [20, 24, 24],
        [22, 22, 20],
        [ 0,  0,  0]],

       [[ 8,  8,  8],
        [ 7,  7,  7],
        [ 7,  7,  7],
        ...,
        [32, 36, 36],
        [33, 33, 31],
        [ 6,  6,  4]]], dtype=uint8)]
2024-02-13 21:08:15.297 | INFO     | __main__:__message_verification:56 - Received a new message (b'1') from the frame_to_analyze topic.
2024-02-13 21:08:15.298 | INFO     | __main__:__analyzing_and_sending_frame:67 - Beginning to analyze the message 1
2024-02-13 21:08:15.449 | INFO     | __main__:__analyzing_and_sending_frame:70 - Sending the result of message analysis [array([[[ 2,  2,  2],
        [ 4,  4,  4],
        [ 7,  7,  7],
        ...,
        [12, 12, 12],
        [ 6,  6,  6],
        [ 0,  0,  0]],

       [[ 5,  5,  5],
        [ 6,  6,  6],
        [ 7,  7,  7],
        ...,
        [13, 13, 13],
        [ 8,  8,  8],
        [ 2,  2,  2]],

       [[10, 10, 10],
        [ 9,  9,  9],
        [ 7,  7,  7],
        ...,
        [13, 13, 13],
        [ 8,  8,  8],
        [ 3,  3,  3]],

       ...,

       [[10, 10, 10],
        [11, 11, 11],
        [12, 12, 12],
        ...,
        [ 6, 23, 24],
        [ 2, 20, 19],
        [ 0, 13, 12]],

       [[ 6,  6,  6],
        [ 7,  7,  7],
        [10, 10, 10],
        ...,
        [ 9, 28, 29],
        [ 3, 20, 21],
        [ 0, 11, 12]],

       [[ 2,  2,  2],
        [ 4,  4,  4],
        [ 7,  7,  7],
        ...,
        [15, 34, 35],
        [ 3, 20, 21],
        [ 0,  6,  7]]], dtype=uint8)]
2024-02-13 21:08:15.489 | INFO     | __main__:__message_verification:56 - Received a new message (b'1') from the frame_to_analyze topic.
2024-02-13 21:08:15.489 | INFO     | __main__:__analyzing_and_sending_frame:67 - Beginning to analyze the message 1
2024-02-13 21:08:15.663 | INFO     | __main__:__analyzing_and_sending_frame:70 - Sending the result of message analysis [array([[[ 2,  2,  2],
        [ 4,  4,  4],
        [ 7,  7,  7],
        ...,
        [12, 12, 12],
        [ 6,  6,  6],
        [ 0,  0,  0]],

       [[ 5,  5,  5],
        [ 6,  6,  6],
        [ 7,  7,  7],
        ...,
        [13, 13, 13],
        [ 8,  8,  8],
        [ 2,  2,  2]],

       [[10, 10, 10],
        [ 9,  9,  9],
        [ 7,  7,  7],
        ...,
        [13, 13, 13],
        [ 8,  8,  8],
        [ 3,  3,  3]],

       ...,

       [[10, 10, 10],
        [11, 11, 11],
        [12, 12, 12],
        ...,
        [ 6, 23, 24],
        [ 2, 20, 19],
        [ 0, 13, 12]],

       [[ 6,  6,  6],
        [ 7,  7,  7],
        [10, 10, 10],
        ...,
        [ 9, 28, 29],
        [ 3, 20, 21],
        [ 0, 11, 12]],

       [[ 2,  2,  2],
        [ 4,  4,  4],
        [ 7,  7,  7],
        ...,
        [15, 34, 35],
        [ 3, 20, 21],
        [ 0,  6,  7]]], dtype=uint8)]
2024-02-13 21:08:15.706 | INFO     | __main__:__message_verification:56 - Received a new message (b'1') from the frame_to_analyze topic.
2024-02-13 21:08:15.706 | INFO     | __main__:__analyzing_and_sending_frame:67 - Beginning to analyze the message 1
2024-02-13 21:08:15.882 | INFO     | __main__:__analyzing_and_sending_frame:70 - Sending the result of message analysis [array([[[ 5,  5,  5],
        [ 5,  5,  5],
        [ 5,  5,  5],
        ...,
        [ 7,  7,  7],
        [ 4,  4,  4],
        [ 1,  1,  1]],

       [[ 5,  5,  5],
        [ 5,  5,  5],
        [ 5,  5,  5],
        ...,
        [ 8,  8,  8],
        [ 5,  5,  5],
        [ 2,  2,  2]],

       [[ 5,  5,  5],
        [ 5,  5,  5],
        [ 5,  5,  5],
        ...,
        [ 9,  9,  9],
        [ 7,  7,  7],
        [ 5,  5,  5]],

       ...,

       [[14, 14, 14],
        [13, 13, 13],
        [13, 13, 13],
        ...,
        [12, 25, 23],
        [ 7, 17, 14],
        [ 0,  4,  1]],

       [[ 6,  6,  6],
        [ 7,  7,  7],
        [ 7,  7,  7],
        ...,
        [11, 28, 26],
        [ 4, 19, 15],
        [ 0,  5,  1]],

       [[ 0,  0,  0],
        [ 1,  1,  1],
        [ 2,  2,  2],
        ...,
        [14, 31, 29],
        [ 4, 19, 15],
        [ 0,  2,  0]]], dtype=uint8)]
2024-02-13 21:08:15.930 | INFO     | __main__:__message_verification:56 - Received a new message (b'1') from the frame_to_analyze topic.
2024-02-13 21:08:15.930 | INFO     | __main__:__analyzing_and_sending_frame:67 - Beginning to analyze the message 1
2024-02-13 21:08:16.081 | INFO     | __main__:__analyzing_and_sending_frame:70 - Sending the result of message analysis [array([[[ 5,  5,  5],
        [ 5,  5,  5],
        [ 5,  5,  5],
        ...,
        [ 7,  7,  7],
        [ 4,  4,  4],
        [ 1,  1,  1]],

       [[ 5,  5,  5],
        [ 5,  5,  5],
        [ 5,  5,  5],
        ...,
        [ 8,  8,  8],
        [ 5,  5,  5],
        [ 2,  2,  2]],

       [[ 5,  5,  5],
        [ 5,  5,  5],
        [ 5,  5,  5],
        ...,
        [ 9,  9,  9],
        [ 7,  7,  7],
        [ 5,  5,  5]],

       ...,

       [[14, 14, 14],
        [13, 13, 13],
        [13, 13, 13],
        ...,
        [12, 25, 23],
        [ 7, 17, 14],
        [ 0,  4,  1]],

       [[ 6,  6,  6],
        [ 7,  7,  7],
        [ 7,  7,  7],
        ...,
        [11, 28, 26],
        [ 4, 19, 15],
        [ 0,  5,  1]],

       [[ 0,  0,  0],
        [ 1,  1,  1],
        [ 2,  2,  2],
        ...,
        [14, 31, 29],
        [ 4, 19, 15],
        [ 0,  2,  0]]], dtype=uint8)]
2024-02-13 21:08:16.121 | INFO     | __main__:__message_verification:56 - Received a new message (b'1') from the frame_to_analyze topic.
2024-02-13 21:08:16.122 | INFO     | __main__:__analyzing_and_sending_frame:67 - Beginning to analyze the message 1
2024-02-13 21:08:16.283 | INFO     | __main__:__analyzing_and_sending_frame:70 - Sending the result of message analysis [array([[[ 6,  6,  6],
        [ 3,  3,  3],
        [ 1,  1,  1],
        ...,
        [13, 13, 13],
        [ 6,  6,  6],
        [ 0,  0,  0]],

       [[ 5,  5,  5],
        [ 3,  3,  3],
        [ 2,  2,  2],
        ...,
        [12, 12, 12],
        [ 6,  6,  6],
        [ 2,  2,  2]],

       [[ 4,  4,  4],
        [ 3,  3,  3],
        [ 3,  3,  3],
        ...,
        [10, 10, 10],
        [ 7,  7,  7],
        [ 3,  3,  3]],

       ...,

       [[ 9,  9,  9],
        [ 9,  9,  9],
        [ 9,  9,  9],
        ...,
        [ 7, 24, 22],
        [11, 26, 22],
        [ 0,  5,  1]],

       [[10, 10, 10],
        [10, 10, 10],
        [10, 10, 10],
        ...,
        [ 8, 25, 23],
        [10, 27, 23],
        [ 0,  5,  1]],

       [[11, 11, 11],
        [11, 11, 11],
        [11, 11, 11],
        ...,
        [12, 29, 27],
        [13, 30, 26],
        [ 0,  9,  5]]], dtype=uint8)]
2024-02-13 21:08:16.331 | INFO     | __main__:__message_verification:56 - Received a new message (b'1') from the frame_to_analyze topic.
2024-02-13 21:08:16.332 | INFO     | __main__:__analyzing_and_sending_frame:67 - Beginning to analyze the message 1
2024-02-13 21:08:16.479 | INFO     | __main__:__analyzing_and_sending_frame:70 - Sending the result of message analysis [array([[[ 9,  9,  9],
        [10, 10, 10],
        [11, 11, 11],
        ...,
        [ 9,  9,  9],
        [ 5,  5,  5],
        [ 2,  2,  2]],

       [[ 9,  9,  9],
        [10, 10, 10],
        [11, 11, 11],
        ...,
        [ 9,  9,  9],
        [ 5,  5,  5],
        [ 2,  2,  2]],

       [[ 9,  9,  9],
        [10, 10, 10],
        [11, 11, 11],
        ...,
        [ 9,  9,  9],
        [ 5,  5,  5],
        [ 2,  2,  2]],

       ...,

       [[17, 17, 17],
        [14, 14, 14],
        [10, 10, 10],
        ...,
        [ 3, 16, 14],
        [ 0,  8,  5],
        [ 0,  1,  0]],

       [[14, 14, 14],
        [12, 12, 12],
        [10, 10, 10],
        ...,
        [ 9, 22, 20],
        [ 2, 12,  9],
        [ 0,  1,  0]],

       [[ 9,  9,  9],
        [ 9,  9,  9],
        [ 9,  9,  9],
        ...,
        [20, 33, 31],
        [11, 21, 18],
        [ 0,  8,  5]]], dtype=uint8)]
2024-02-13 21:08:16.519 | INFO     | __main__:__message_verification:56 - Received a new message (b'1') from the frame_to_analyze topic.
2024-02-13 21:08:16.519 | INFO     | __main__:__analyzing_and_sending_frame:67 - Beginning to analyze the message 1
2024-02-13 21:08:16.682 | INFO     | __main__:__analyzing_and_sending_frame:70 - Sending the result of message analysis [array([[[ 9,  9,  9],
        [10, 10, 10],
        [11, 11, 11],
        ...,
        [ 9,  9,  9],
        [ 5,  5,  5],
        [ 2,  2,  2]],

       [[ 9,  9,  9],
        [10, 10, 10],
        [11, 11, 11],
        ...,
        [ 9,  9,  9],
        [ 5,  5,  5],
        [ 2,  2,  2]],

       [[ 9,  9,  9],
        [10, 10, 10],
        [11, 11, 11],
        ...,
        [ 9,  9,  9],
        [ 5,  5,  5],
        [ 2,  2,  2]],

       ...,

       [[17, 17, 17],
        [14, 14, 14],
        [10, 10, 10],
        ...,
        [ 3, 16, 14],
        [ 0,  8,  5],
        [ 0,  1,  0]],

       [[14, 14, 14],
        [12, 12, 12],
        [10, 10, 10],
        ...,
        [ 9, 22, 20],
        [ 2, 12,  9],
        [ 0,  1,  0]],

       [[ 9,  9,  9],
        [ 9,  9,  9],
        [ 9,  9,  9],
        ...,
        [20, 33, 31],
        [11, 21, 18],
        [ 0,  8,  5]]], dtype=uint8)]
2024-02-13 21:08:16.730 | INFO     | __main__:__message_verification:56 - Received a new message (b'1') from the frame_to_analyze topic.
2024-02-13 21:08:16.731 | INFO     | __main__:__analyzing_and_sending_frame:67 - Beginning to analyze the message 1
2024-02-13 21:08:16.884 | INFO     | __main__:__analyzing_and_sending_frame:70 - Sending the result of message analysis [array([[[11, 11, 11],
        [ 9,  9,  9],
        [ 5,  5,  5],
        ...,
        [ 6,  6,  6],
        [ 4,  4,  4],
        [ 4,  4,  4]],

       [[12, 12, 12],
        [10, 10, 10],
        [ 6,  6,  6],
        ...,
        [ 6,  6,  6],
        [ 4,  4,  4],
        [ 3,  3,  3]],

       [[13, 13, 13],
        [11, 11, 11],
        [ 9,  9,  9],
        ...,
        [ 8,  8,  8],
        [ 5,  5,  5],
        [ 2,  2,  2]],

       ...,

       [[ 8,  8,  8],
        [ 8,  8,  8],
        [ 8,  8,  8],
        ...,
        [ 2, 13, 15],
        [ 4, 13, 14],
        [ 0,  0,  1]],

       [[ 9,  9,  9],
        [ 9,  9,  9],
        [ 9,  9,  9],
        ...,
        [11, 22, 24],
        [10, 18, 21],
        [ 0,  0,  2]],

       [[ 9,  9,  9],
        [ 9,  9,  9],
        [ 9,  9,  9],
        ...,
        [22, 33, 35],
        [20, 28, 31],
        [ 0,  5,  8]]], dtype=uint8)]
2024-02-13 21:08:16.929 | INFO     | __main__:__message_verification:56 - Received a new message (b'1') from the frame_to_analyze topic.
2024-02-13 21:08:16.930 | INFO     | __main__:__analyzing_and_sending_frame:67 - Beginning to analyze the message 1
2024-02-13 21:08:17.115 | INFO     | __main__:__analyzing_and_sending_frame:70 - Sending the result of message analysis [array([[[11, 11, 11],
        [ 9,  9,  9],
        [ 5,  5,  5],
        ...,
        [ 6,  6,  6],
        [ 4,  4,  4],
        [ 4,  4,  4]],

       [[12, 12, 12],
        [10, 10, 10],
        [ 6,  6,  6],
        ...,
        [ 6,  6,  6],
        [ 4,  4,  4],
        [ 3,  3,  3]],

       [[13, 13, 13],
        [11, 11, 11],
        [ 9,  9,  9],
        ...,
        [ 8,  8,  8],
        [ 5,  5,  5],
        [ 2,  2,  2]],

       ...,

       [[ 8,  8,  8],
        [ 8,  8,  8],
        [ 8,  8,  8],
        ...,
        [ 2, 13, 15],
        [ 4, 13, 14],
        [ 0,  0,  1]],

       [[ 9,  9,  9],
        [ 9,  9,  9],
        [ 9,  9,  9],
        ...,
        [11, 22, 24],
        [10, 18, 21],
        [ 0,  0,  2]],

       [[ 9,  9,  9],
        [ 9,  9,  9],
        [ 9,  9,  9],
        ...,
        [22, 33, 35],
        [20, 28, 31],
        [ 0,  5,  8]]], dtype=uint8)]
2024-02-13 21:08:17.155 | INFO     | __main__:__message_verification:56 - Received a new message (b'1') from the frame_to_analyze topic.
2024-02-13 21:08:17.156 | INFO     | __main__:__analyzing_and_sending_frame:67 - Beginning to analyze the message 1
2024-02-13 21:08:17.297 | INFO     | __main__:__analyzing_and_sending_frame:70 - Sending the result of message analysis [array([[[ 1,  1,  1],
        [ 3,  3,  3],
        [ 5,  5,  5],
        ...,
        [10, 10, 10],
        [ 9,  9,  9],
        [ 3,  3,  3]],

       [[ 3,  3,  3],
        [ 4,  4,  4],
        [ 5,  5,  5],
        ...,
        [ 9,  9,  9],
        [ 8,  8,  8],
        [ 2,  2,  2]],

       [[ 5,  5,  5],
        [ 6,  6,  6],
        [ 7,  7,  7],
        ...,
        [ 9,  9,  9],
        [ 8,  8,  8],
        [ 2,  2,  2]],

       ...,

       [[ 6,  6,  6],
        [ 8,  8,  8],
        [11, 11, 11],
        ...,
        [18, 27, 26],
        [11, 18, 15],
        [ 0,  1,  0]],

       [[ 7,  7,  7],
        [ 9,  9,  9],
        [12, 12, 12],
        ...,
        [18, 27, 26],
        [12, 19, 16],
        [ 0,  5,  2]],

       [[ 7,  7,  7],
        [ 9,  9,  9],
        [13, 13, 13],
        ...,
        [22, 31, 30],
        [17, 24, 21],
        [ 7, 14, 11]]], dtype=uint8)]
2024-02-13 21:08:17.335 | INFO     | __main__:__message_verification:56 - Received a new message (b'1') from the frame_to_analyze topic.
2024-02-13 21:08:17.335 | INFO     | __main__:__analyzing_and_sending_frame:67 - Beginning to analyze the message 1
2024-02-13 21:08:17.493 | INFO     | __main__:__analyzing_and_sending_frame:70 - Sending the result of message analysis [array([[[ 1,  1,  1],
        [ 3,  3,  3],
        [ 5,  5,  5],
        ...,
        [10, 10, 10],
        [ 9,  9,  9],
        [ 3,  3,  3]],

       [[ 3,  3,  3],
        [ 4,  4,  4],
        [ 5,  5,  5],
        ...,
        [ 9,  9,  9],
        [ 8,  8,  8],
        [ 2,  2,  2]],

       [[ 5,  5,  5],
        [ 6,  6,  6],
        [ 7,  7,  7],
        ...,
        [ 9,  9,  9],
        [ 8,  8,  8],
        [ 2,  2,  2]],

       ...,

       [[ 6,  6,  6],
        [ 8,  8,  8],
        [11, 11, 11],
        ...,
        [18, 27, 26],
        [11, 18, 15],
        [ 0,  1,  0]],

       [[ 7,  7,  7],
        [ 9,  9,  9],
        [12, 12, 12],
        ...,
        [18, 27, 26],
        [12, 19, 16],
        [ 0,  5,  2]],

       [[ 7,  7,  7],
        [ 9,  9,  9],
        [13, 13, 13],
        ...,
        [22, 31, 30],
        [17, 24, 21],
        [ 7, 14, 11]]], dtype=uint8)]
2024-02-13 21:08:17.532 | INFO     | __main__:__message_verification:56 - Received a new message (b'1') from the frame_to_analyze topic.
2024-02-13 21:08:17.532 | INFO     | __main__:__analyzing_and_sending_frame:67 - Beginning to analyze the message 1
2024-02-13 21:08:17.683 | INFO     | __main__:__analyzing_and_sending_frame:70 - Sending the result of message analysis [array([[[ 8,  8,  8],
        [ 8,  8,  8],
        [ 7,  7,  7],
        ...,
        [ 6,  6,  6],
        [ 6,  6,  6],
        [ 6,  6,  6]],

       [[ 7,  7,  7],
        [ 6,  6,  6],
        [ 6,  6,  6],
        ...,
        [ 6,  6,  6],
        [ 6,  6,  6],
        [ 5,  5,  5]],

       [[ 4,  4,  4],
        [ 5,  5,  5],
        [ 5,  5,  5],
        ...,
        [ 7,  7,  7],
        [ 5,  5,  5],
        [ 4,  4,  4]],

       ...,

       [[11, 11, 11],
        [11, 11, 11],
        [10, 10, 10],
        ...,
        [ 2, 19, 17],
        [ 0, 11,  7],
        [ 0,  4,  0]],

       [[ 7,  7,  7],
        [ 9,  9,  9],
        [10, 10, 10],
        ...,
        [ 2, 19, 17],
        [ 0, 10,  6],
        [ 0,  2,  0]],

       [[ 4,  4,  4],
        [ 6,  6,  6],
        [ 9,  9,  9],
        ...,
        [ 6, 23, 21],
        [ 0, 13,  9],
        [ 0,  4,  0]]], dtype=uint8)]
2024-02-13 21:08:17.727 | INFO     | __main__:__message_verification:56 - Received a new message (b'1') from the frame_to_analyze topic.
2024-02-13 21:08:17.728 | INFO     | __main__:__analyzing_and_sending_frame:67 - Beginning to analyze the message 1
2024-02-13 21:08:17.891 | INFO     | __main__:__analyzing_and_sending_frame:70 - Sending the result of message analysis [array([[[ 8,  8,  8],
        [ 8,  8,  8],
        [ 7,  7,  7],
        ...,
        [ 6,  6,  6],
        [ 6,  6,  6],
        [ 6,  6,  6]],

       [[ 7,  7,  7],
        [ 6,  6,  6],
        [ 6,  6,  6],
        ...,
        [ 6,  6,  6],
        [ 6,  6,  6],
        [ 5,  5,  5]],

       [[ 4,  4,  4],
        [ 5,  5,  5],
        [ 5,  5,  5],
        ...,
        [ 7,  7,  7],
        [ 5,  5,  5],
        [ 4,  4,  4]],

       ...,

       [[11, 11, 11],
        [11, 11, 11],
        [10, 10, 10],
        ...,
        [ 2, 19, 17],
        [ 0, 11,  7],
        [ 0,  4,  0]],

       [[ 7,  7,  7],
        [ 9,  9,  9],
        [10, 10, 10],
        ...,
        [ 2, 19, 17],
        [ 0, 10,  6],
        [ 0,  2,  0]],

       [[ 4,  4,  4],
        [ 6,  6,  6],
        [ 9,  9,  9],
        ...,
        [ 6, 23, 21],
        [ 0, 13,  9],
        [ 0,  4,  0]]], dtype=uint8)]
2024-02-13 21:08:17.930 | INFO     | __main__:__message_verification:56 - Received a new message (b'1') from the frame_to_analyze topic.
2024-02-13 21:08:17.930 | INFO     | __main__:__analyzing_and_sending_frame:67 - Beginning to analyze the message 1
2024-02-13 21:08:18.073 | INFO     | __main__:__analyzing_and_sending_frame:70 - Sending the result of message analysis [array([[[ 4,  4,  4],
        [ 2,  2,  2],
        [ 2,  2,  2],
        ...,
        [ 0,  0,  0],
        [ 3,  3,  3],
        [ 8,  8,  8]],

       [[ 5,  5,  5],
        [ 4,  4,  4],
        [ 3,  3,  3],
        ...,
        [ 7,  7,  7],
        [ 4,  4,  4],
        [ 2,  2,  2]],

       [[ 7,  7,  7],
        [ 5,  5,  5],
        [ 5,  5,  5],
        ...,
        [12, 12, 12],
        [ 5,  5,  5],
        [ 0,  0,  0]],

       ...,

       [[10, 10, 10],
        [13, 13, 13],
        [15, 15, 15],
        ...,
        [ 2, 19, 17],
        [ 0, 11,  7],
        [ 0,  3,  0]],

       [[ 8,  8,  8],
        [11, 11, 11],
        [12, 12, 12],
        ...,
        [ 0, 21, 18],
        [ 0, 12,  8],
        [ 0,  5,  1]],

       [[ 5,  5,  5],
        [ 8,  8,  8],
        [ 9,  9,  9],
        ...,
        [15, 36, 33],
        [10, 27, 23],
        [ 3, 20, 16]]], dtype=uint8)]
2024-02-13 21:08:18.114 | INFO     | __main__:__message_verification:56 - Received a new message (b'1') from the frame_to_analyze topic.
2024-02-13 21:08:18.115 | INFO     | __main__:__analyzing_and_sending_frame:67 - Beginning to analyze the message 1
2024-02-13 21:08:18.279 | INFO     | __main__:__analyzing_and_sending_frame:70 - Sending the result of message analysis [array([[[ 4,  4,  4],
        [ 2,  2,  2],
        [ 2,  2,  2],
        ...,
        [ 0,  0,  0],
        [ 3,  3,  3],
        [ 8,  8,  8]],

       [[ 5,  5,  5],
        [ 4,  4,  4],
        [ 3,  3,  3],
        ...,
        [ 7,  7,  7],
        [ 4,  4,  4],
        [ 2,  2,  2]],

       [[ 7,  7,  7],
        [ 5,  5,  5],
        [ 5,  5,  5],
        ...,
        [12, 12, 12],
        [ 5,  5,  5],
        [ 0,  0,  0]],

       ...,

       [[10, 10, 10],
        [13, 13, 13],
        [15, 15, 15],
        ...,
        [ 2, 19, 17],
        [ 0, 11,  7],
        [ 0,  3,  0]],

       [[ 8,  8,  8],
        [11, 11, 11],
        [12, 12, 12],
        ...,
        [ 0, 21, 18],
        [ 0, 12,  8],
        [ 0,  5,  1]],

       [[ 5,  5,  5],
        [ 8,  8,  8],
        [ 9,  9,  9],
        ...,
        [15, 36, 33],
        [10, 27, 23],
        [ 3, 20, 16]]], dtype=uint8)]
2024-02-13 21:08:18.319 | INFO     | __main__:__message_verification:56 - Received a new message (b'1') from the frame_to_analyze topic.
2024-02-13 21:08:18.319 | INFO     | __main__:__analyzing_and_sending_frame:67 - Beginning to analyze the message 1
2024-02-13 21:08:18.459 | INFO     | __main__:__analyzing_and_sending_frame:70 - Sending the result of message analysis [array([[[ 8,  8,  8],
        [ 7,  7,  7],
        [ 8,  8,  8],
        ...,
        [ 4,  4,  4],
        [ 3,  3,  3],
        [ 2,  2,  2]],

       [[ 8,  8,  8],
        [ 7,  7,  7],
        [ 8,  8,  8],
        ...,
        [ 5,  5,  5],
        [ 4,  4,  4],
        [ 2,  2,  2]],

       [[ 8,  8,  8],
        [ 7,  7,  7],
        [ 7,  7,  7],
        ...,
        [ 5,  5,  5],
        [ 4,  4,  4],
        [ 2,  2,  2]],

       ...,

       [[ 5,  5,  5],
        [ 7,  7,  7],
        [10, 10, 10],
        ...,
        [11, 20, 19],
        [10, 14, 12],
        [ 0,  2,  0]],

       [[ 5,  5,  5],
        [ 8,  8,  8],
        [10, 10, 10],
        ...,
        [13, 22, 21],
        [ 9, 13, 11],
        [ 0,  0,  0]],

       [[ 5,  5,  5],
        [ 8,  8,  8],
        [ 9,  9,  9],
        ...,
        [31, 40, 39],
        [22, 26, 24],
        [ 4,  8,  6]]], dtype=uint8)]
2024-02-13 21:08:18.499 | INFO     | __main__:__message_verification:56 - Received a new message (b'1') from the frame_to_analyze topic.
2024-02-13 21:08:18.499 | INFO     | __main__:__analyzing_and_sending_frame:67 - Beginning to analyze the message 1
2024-02-13 21:08:18.652 | INFO     | __main__:__analyzing_and_sending_frame:70 - Sending the result of message analysis [array([[[ 8,  8,  8],
        [ 7,  7,  7],
        [ 8,  8,  8],
        ...,
        [ 4,  4,  4],
        [ 3,  3,  3],
        [ 2,  2,  2]],

       [[ 8,  8,  8],
        [ 7,  7,  7],
        [ 8,  8,  8],
        ...,
        [ 5,  5,  5],
        [ 4,  4,  4],
        [ 2,  2,  2]],

       [[ 8,  8,  8],
        [ 7,  7,  7],
        [ 7,  7,  7],
        ...,
        [ 5,  5,  5],
        [ 4,  4,  4],
        [ 2,  2,  2]],

       ...,

       [[ 5,  5,  5],
        [ 7,  7,  7],
        [10, 10, 10],
        ...,
        [11, 20, 19],
        [10, 14, 12],
        [ 0,  2,  0]],

       [[ 5,  5,  5],
        [ 8,  8,  8],
        [10, 10, 10],
        ...,
        [13, 22, 21],
        [ 9, 13, 11],
        [ 0,  0,  0]],

       [[ 5,  5,  5],
        [ 8,  8,  8],
        [ 9,  9,  9],
        ...,
        [31, 40, 39],
        [22, 26, 24],
        [ 4,  8,  6]]], dtype=uint8)]
2024-02-13 21:08:18.692 | INFO     | __main__:__message_verification:56 - Received a new message (b'1') from the frame_to_analyze topic.
2024-02-13 21:08:18.692 | INFO     | __main__:__analyzing_and_sending_frame:67 - Beginning to analyze the message 1
2024-02-13 21:08:18.830 | INFO     | __main__:__analyzing_and_sending_frame:70 - Sending the result of message analysis [array([[[10, 10, 10],
        [ 7,  7,  7],
        [ 4,  4,  4],
        ...,
        [ 9,  9,  9],
        [ 5,  5,  5],
        [ 1,  1,  1]],

       [[ 8,  8,  8],
        [ 7,  7,  7],
        [ 4,  4,  4],
        ...,
        [ 9,  9,  9],
        [ 5,  5,  5],
        [ 1,  1,  1]],

       [[ 6,  6,  6],
        [ 6,  6,  6],
        [ 5,  5,  5],
        ...,
        [ 9,  9,  9],
        [ 5,  5,  5],
        [ 0,  0,  0]],

       ...,

       [[11, 11, 11],
        [11, 11, 11],
        [10, 10, 10],
        ...,
        [ 6, 19, 17],
        [ 4, 14, 11],
        [ 0,  4,  1]],

       [[12, 12, 12],
        [12, 12, 12],
        [11, 11, 11],
        ...,
        [ 7, 20, 18],
        [ 0, 10,  7],
        [ 0,  1,  0]],

       [[13, 13, 13],
        [13, 13, 13],
        [12, 12, 12],
        ...,
        [23, 36, 34],
        [10, 20, 17],
        [ 0,  2,  0]]], dtype=uint8)]
2024-02-13 21:08:18.871 | INFO     | __main__:__message_verification:56 - Received a new message (b'1') from the frame_to_analyze topic.
2024-02-13 21:08:18.872 | INFO     | __main__:__analyzing_and_sending_frame:67 - Beginning to analyze the message 1
2024-02-13 21:08:19.035 | INFO     | __main__:__analyzing_and_sending_frame:70 - Sending the result of message analysis [array([[[10, 10, 10],
        [ 7,  7,  7],
        [ 4,  4,  4],
        ...,
        [ 9,  9,  9],
        [ 5,  5,  5],
        [ 1,  1,  1]],

       [[ 8,  8,  8],
        [ 7,  7,  7],
        [ 4,  4,  4],
        ...,
        [ 9,  9,  9],
        [ 5,  5,  5],
        [ 1,  1,  1]],

       [[ 6,  6,  6],
        [ 6,  6,  6],
        [ 5,  5,  5],
        ...,
        [ 9,  9,  9],
        [ 5,  5,  5],
        [ 0,  0,  0]],

       ...,

       [[11, 11, 11],
        [11, 11, 11],
        [10, 10, 10],
        ...,
        [ 6, 19, 17],
        [ 4, 14, 11],
        [ 0,  4,  1]],

       [[12, 12, 12],
        [12, 12, 12],
        [11, 11, 11],
        ...,
        [ 7, 20, 18],
        [ 0, 10,  7],
        [ 0,  1,  0]],

       [[13, 13, 13],
        [13, 13, 13],
        [12, 12, 12],
        ...,
        [23, 36, 34],
        [10, 20, 17],
        [ 0,  2,  0]]], dtype=uint8)]
2024-02-13 21:08:19.079 | INFO     | __main__:__message_verification:56 - Received a new message (b'1') from the frame_to_analyze topic.
2024-02-13 21:08:19.080 | INFO     | __main__:__analyzing_and_sending_frame:67 - Beginning to analyze the message 1
2024-02-13 21:08:19.233 | INFO     | __main__:__analyzing_and_sending_frame:70 - Sending the result of message analysis [array([[[ 7,  7,  7],
        [ 6,  6,  6],
        [ 5,  5,  5],
        ...,
        [ 9,  9,  9],
        [ 5,  5,  5],
        [ 1,  1,  1]],

       [[ 7,  7,  7],
        [ 6,  6,  6],
        [ 5,  5,  5],
        ...,
        [10, 10, 10],
        [ 6,  6,  6],
        [ 3,  3,  3]],

       [[ 6,  6,  6],
        [ 6,  6,  6],
        [ 5,  5,  5],
        ...,
        [11, 11, 11],
        [ 8,  8,  8],
        [ 5,  5,  5]],

       ...,

       [[ 4,  4,  4],
        [ 8,  8,  8],
        [13, 13, 13],
        ...,
        [15, 24, 23],
        [ 6, 10,  8],
        [ 0,  0,  0]],

       [[ 6,  6,  6],
        [ 8,  8,  8],
        [11, 11, 11],
        ...,
        [20, 29, 28],
        [10, 14, 12],
        [ 0,  0,  0]],

       [[10, 10, 10],
        [ 9,  9,  9],
        [ 9,  9,  9],
        ...,
        [28, 37, 36],
        [18, 22, 20],
        [ 3,  7,  5]]], dtype=uint8)]
2024-02-13 21:08:19.272 | INFO     | __main__:__message_verification:56 - Received a new message (b'1') from the frame_to_analyze topic.
2024-02-13 21:08:19.273 | INFO     | __main__:__analyzing_and_sending_frame:67 - Beginning to analyze the message 1
2024-02-13 21:08:19.426 | INFO     | __main__:__analyzing_and_sending_frame:70 - Sending the result of message analysis [array([[[ 7,  7,  7],
        [ 6,  6,  6],
        [ 5,  5,  5],
        ...,
        [ 9,  9,  9],
        [ 5,  5,  5],
        [ 1,  1,  1]],

       [[ 7,  7,  7],
        [ 6,  6,  6],
        [ 5,  5,  5],
        ...,
        [10, 10, 10],
        [ 6,  6,  6],
        [ 3,  3,  3]],

       [[ 6,  6,  6],
        [ 6,  6,  6],
        [ 5,  5,  5],
        ...,
        [11, 11, 11],
        [ 8,  8,  8],
        [ 5,  5,  5]],

       ...,

       [[ 4,  4,  4],
        [ 8,  8,  8],
        [13, 13, 13],
        ...,
        [15, 24, 23],
        [ 6, 10,  8],
        [ 0,  0,  0]],

       [[ 6,  6,  6],
        [ 8,  8,  8],
        [11, 11, 11],
        ...,
        [20, 29, 28],
        [10, 14, 12],
        [ 0,  0,  0]],

       [[10, 10, 10],
        [ 9,  9,  9],
        [ 9,  9,  9],
        ...,
        [28, 37, 36],
        [18, 22, 20],
        [ 3,  7,  5]]], dtype=uint8)]
2024-02-13 21:08:19.465 | INFO     | __main__:__message_verification:56 - Received a new message (b'1') from the frame_to_analyze topic.
2024-02-13 21:08:19.466 | INFO     | __main__:__analyzing_and_sending_frame:67 - Beginning to analyze the message 1
2024-02-13 21:08:19.605 | INFO     | __main__:__analyzing_and_sending_frame:70 - Sending the result of message analysis [array([[[ 7,  7,  7],
        [ 7,  7,  7],
        [ 7,  7,  7],
        ...,
        [ 6,  6,  6],
        [ 4,  4,  4],
        [ 0,  0,  0]],

       [[ 7,  7,  7],
        [ 7,  7,  7],
        [ 7,  7,  7],
        ...,
        [ 7,  7,  7],
        [ 5,  5,  5],
        [ 0,  0,  0]],

       [[ 7,  7,  7],
        [ 7,  7,  7],
        [ 7,  7,  7],
        ...,
        [ 9,  9,  9],
        [ 7,  7,  7],
        [ 0,  0,  0]],

       ...,

       [[11, 11, 11],
        [ 9,  9,  9],
        [ 8,  8,  8],
        ...,
        [ 9, 16, 19],
        [ 4,  9, 12],
        [ 0,  3,  6]],

       [[12, 12, 12],
        [ 9,  9,  9],
        [ 7,  7,  7],
        ...,
        [16, 23, 26],
        [ 6, 11, 14],
        [ 0,  0,  2]],

       [[13, 13, 13],
        [ 9,  9,  9],
        [ 7,  7,  7],
        ...,
        [35, 42, 45],
        [21, 26, 29],
        [ 3,  8, 11]]], dtype=uint8)]
2024-02-13 21:08:19.645 | INFO     | __main__:__message_verification:56 - Received a new message (b'1') from the frame_to_analyze topic.
2024-02-13 21:08:19.646 | INFO     | __main__:__analyzing_and_sending_frame:67 - Beginning to analyze the message 1
2024-02-13 21:08:19.798 | INFO     | __main__:__analyzing_and_sending_frame:70 - Sending the result of message analysis [array([[[ 7,  7,  7],
        [ 7,  7,  7],
        [ 7,  7,  7],
        ...,
        [ 6,  6,  6],
        [ 4,  4,  4],
        [ 0,  0,  0]],

       [[ 7,  7,  7],
        [ 7,  7,  7],
        [ 7,  7,  7],
        ...,
        [ 7,  7,  7],
        [ 5,  5,  5],
        [ 0,  0,  0]],

       [[ 7,  7,  7],
        [ 7,  7,  7],
        [ 7,  7,  7],
        ...,
        [ 9,  9,  9],
        [ 7,  7,  7],
        [ 0,  0,  0]],

       ...,

       [[11, 11, 11],
        [ 9,  9,  9],
        [ 8,  8,  8],
        ...,
        [ 9, 16, 19],
        [ 4,  9, 12],
        [ 0,  3,  6]],

       [[12, 12, 12],
        [ 9,  9,  9],
        [ 7,  7,  7],
        ...,
        [16, 23, 26],
        [ 6, 11, 14],
        [ 0,  0,  2]],

       [[13, 13, 13],
        [ 9,  9,  9],
        [ 7,  7,  7],
        ...,
        [35, 42, 45],
        [21, 26, 29],
        [ 3,  8, 11]]], dtype=uint8)]
2024-02-13 21:08:19.837 | INFO     | __main__:__message_verification:56 - Received a new message (b'1') from the frame_to_analyze topic.
2024-02-13 21:08:19.838 | INFO     | __main__:__analyzing_and_sending_frame:67 - Beginning to analyze the message 1
2024-02-13 21:08:19.987 | INFO     | __main__:__analyzing_and_sending_frame:70 - Sending the result of message analysis [array([[[11, 11, 11],
        [ 6,  6,  6],
        [ 3,  3,  3],
        ...,
        [ 5,  5,  5],
        [ 2,  2,  2],
        [ 0,  0,  0]],

       [[10, 10, 10],
        [ 7,  7,  7],
        [ 4,  4,  4],
        ...,
        [ 8,  8,  8],
        [ 5,  5,  5],
        [ 1,  1,  1]],

       [[ 9,  9,  9],
        [ 7,  7,  7],
        [ 5,  5,  5],
        ...,
        [10, 10, 10],
        [ 6,  6,  6],
        [ 3,  3,  3]],

       ...,

       [[ 9,  9,  9],
        [11, 11, 11],
        [13, 13, 13],
        ...,
        [15, 28, 26],
        [ 6, 16, 13],
        [ 0,  3,  0]],

       [[10, 10, 10],
        [12, 12, 12],
        [14, 14, 14],
        ...,
        [17, 34, 32],
        [ 5, 20, 16],
        [ 0,  5,  1]],

       [[14, 14, 14],
        [17, 17, 17],
        [18, 18, 18],
        ...,
        [22, 39, 37],
        [ 7, 22, 18],
        [ 0,  4,  0]]], dtype=uint8)]
2024-02-13 21:08:20.037 | INFO     | __main__:__message_verification:56 - Received a new message (b'1') from the frame_to_analyze topic.
2024-02-13 21:08:20.037 | INFO     | __main__:__analyzing_and_sending_frame:67 - Beginning to analyze the message 1
2024-02-13 21:08:20.210 | INFO     | __main__:__analyzing_and_sending_frame:70 - Sending the result of message analysis [array([[[11, 11, 11],
        [ 6,  6,  6],
        [ 3,  3,  3],
        ...,
        [ 5,  5,  5],
        [ 2,  2,  2],
        [ 0,  0,  0]],

       [[10, 10, 10],
        [ 7,  7,  7],
        [ 4,  4,  4],
        ...,
        [ 8,  8,  8],
        [ 5,  5,  5],
        [ 1,  1,  1]],

       [[ 9,  9,  9],
        [ 7,  7,  7],
        [ 5,  5,  5],
        ...,
        [10, 10, 10],
        [ 6,  6,  6],
        [ 3,  3,  3]],

       ...,

       [[ 9,  9,  9],
        [11, 11, 11],
        [13, 13, 13],
        ...,
        [15, 28, 26],
        [ 6, 16, 13],
        [ 0,  3,  0]],

       [[10, 10, 10],
        [12, 12, 12],
        [14, 14, 14],
        ...,
        [17, 34, 32],
        [ 5, 20, 16],
        [ 0,  5,  1]],

       [[14, 14, 14],
        [17, 17, 17],
        [18, 18, 18],
        ...,
        [22, 39, 37],
        [ 7, 22, 18],
        [ 0,  4,  0]]], dtype=uint8)]
2024-02-13 21:08:20.257 | INFO     | __main__:__message_verification:56 - Received a new message (b'1') from the frame_to_analyze topic.
2024-02-13 21:08:20.258 | INFO     | __main__:__analyzing_and_sending_frame:67 - Beginning to analyze the message 1
2024-02-13 21:08:20.407 | INFO     | __main__:__analyzing_and_sending_frame:70 - Sending the result of message analysis [array([[[ 6,  6,  6],
        [ 4,  4,  4],
        [ 4,  4,  4],
        ...,
        [ 9,  9,  9],
        [ 6,  6,  6],
        [ 2,  2,  2]],

       [[ 6,  6,  6],
        [ 4,  4,  4],
        [ 4,  4,  4],
        ...,
        [ 9,  9,  9],
        [ 6,  6,  6],
        [ 2,  2,  2]],

       [[ 6,  6,  6],
        [ 4,  4,  4],
        [ 4,  4,  4],
        ...,
        [ 9,  9,  9],
        [ 6,  6,  6],
        [ 2,  2,  2]],

       ...,

       [[ 8,  8,  8],
        [ 8,  8,  8],
        [ 8,  8,  8],
        ...,
        [ 6, 15, 14],
        [15, 22, 19],
        [ 0,  7,  4]],

       [[ 9,  9,  9],
        [ 9,  9,  9],
        [ 9,  9,  9],
        ...,
        [17, 26, 25],
        [21, 28, 25],
        [ 0,  7,  4]],

       [[ 9,  9,  9],
        [ 9,  9,  9],
        [ 9,  9,  9],
        ...,
        [31, 40, 39],
        [29, 36, 33],
        [ 2,  9,  6]]], dtype=uint8)]
2024-02-13 21:08:20.450 | INFO     | __main__:__message_verification:56 - Received a new message (b'1') from the frame_to_analyze topic.
2024-02-13 21:08:20.451 | INFO     | __main__:__analyzing_and_sending_frame:67 - Beginning to analyze the message 1
2024-02-13 21:08:20.634 | INFO     | __main__:__analyzing_and_sending_frame:70 - Sending the result of message analysis [array([[[ 6,  6,  6],
        [ 4,  4,  4],
        [ 4,  4,  4],
        ...,
        [ 9,  9,  9],
        [ 6,  6,  6],
        [ 2,  2,  2]],

       [[ 6,  6,  6],
        [ 4,  4,  4],
        [ 4,  4,  4],
        ...,
        [ 9,  9,  9],
        [ 6,  6,  6],
        [ 2,  2,  2]],

       [[ 6,  6,  6],
        [ 4,  4,  4],
        [ 4,  4,  4],
        ...,
        [ 9,  9,  9],
        [ 6,  6,  6],
        [ 2,  2,  2]],

       ...,

       [[ 8,  8,  8],
        [ 8,  8,  8],
        [ 8,  8,  8],
        ...,
        [ 6, 15, 14],
        [15, 22, 19],
        [ 0,  7,  4]],

       [[ 9,  9,  9],
        [ 9,  9,  9],
        [ 9,  9,  9],
        ...,
        [17, 26, 25],
        [21, 28, 25],
        [ 0,  7,  4]],

       [[ 9,  9,  9],
        [ 9,  9,  9],
        [ 9,  9,  9],
        ...,
        [31, 40, 39],
        [29, 36, 33],
        [ 2,  9,  6]]], dtype=uint8)]
2024-02-13 21:08:20.681 | INFO     | __main__:__message_verification:56 - Received a new message (b'1') from the frame_to_analyze topic.
2024-02-13 21:08:20.681 | INFO     | __main__:__analyzing_and_sending_frame:67 - Beginning to analyze the message 1
2024-02-13 21:08:20.843 | INFO     | __main__:__analyzing_and_sending_frame:70 - Sending the result of message analysis [array([[[12, 12, 12],
        [ 6,  6,  6],
        [ 0,  0,  0],
        ...,
        [ 4,  4,  4],
        [ 2,  2,  2],
        [ 0,  0,  0]],

       [[11, 11, 11],
        [ 6,  6,  6],
        [ 1,  1,  1],
        ...,
        [ 4,  4,  4],
        [ 2,  2,  2],
        [ 1,  1,  1]],

       [[ 9,  9,  9],
        [ 6,  6,  6],
        [ 2,  2,  2],
        ...,
        [ 5,  5,  5],
        [ 3,  3,  3],
        [ 1,  1,  1]],

       ...,

       [[13, 13, 13],
        [12, 12, 12],
        [11, 11, 11],
        ...,
        [ 8, 21, 19],
        [ 0,  9,  6],
        [ 0,  1,  0]],

       [[10, 10, 10],
        [10, 10, 10],
        [ 9,  9,  9],
        ...,
        [ 7, 24, 22],
        [ 0, 13,  9],
        [ 0,  2,  0]],

       [[ 8,  8,  8],
        [ 8,  8,  8],
        [ 8,  8,  8],
        ...,
        [18, 35, 33],
        [10, 25, 21],
        [ 0, 13,  9]]], dtype=uint8)]
2024-02-13 21:08:20.882 | INFO     | __main__:__message_verification:56 - Received a new message (b'1') from the frame_to_analyze topic.
2024-02-13 21:08:20.883 | INFO     | __main__:__analyzing_and_sending_frame:67 - Beginning to analyze the message 1
2024-02-13 21:08:21.049 | INFO     | __main__:__analyzing_and_sending_frame:70 - Sending the result of message analysis [array([[[12, 12, 12],
        [ 6,  6,  6],
        [ 0,  0,  0],
        ...,
        [ 4,  4,  4],
        [ 2,  2,  2],
        [ 0,  0,  0]],

       [[11, 11, 11],
        [ 6,  6,  6],
        [ 1,  1,  1],
        ...,
        [ 4,  4,  4],
        [ 2,  2,  2],
        [ 1,  1,  1]],

       [[ 9,  9,  9],
        [ 6,  6,  6],
        [ 2,  2,  2],
        ...,
        [ 5,  5,  5],
        [ 3,  3,  3],
        [ 1,  1,  1]],

       ...,

       [[13, 13, 13],
        [12, 12, 12],
        [11, 11, 11],
        ...,
        [ 8, 21, 19],
        [ 0,  9,  6],
        [ 0,  1,  0]],

       [[10, 10, 10],
        [10, 10, 10],
        [ 9,  9,  9],
        ...,
        [ 7, 24, 22],
        [ 0, 13,  9],
        [ 0,  2,  0]],

       [[ 8,  8,  8],
        [ 8,  8,  8],
        [ 8,  8,  8],
        ...,
        [18, 35, 33],
        [10, 25, 21],
        [ 0, 13,  9]]], dtype=uint8)]
2024-02-13 21:08:21.092 | INFO     | __main__:__message_verification:56 - Received a new message (b'1') from the frame_to_analyze topic.
2024-02-13 21:08:21.093 | INFO     | __main__:__analyzing_and_sending_frame:67 - Beginning to analyze the message 1
2024-02-13 21:08:21.259 | INFO     | __main__:__analyzing_and_sending_frame:70 - Sending the result of message analysis [array([[[ 2,  2,  2],
        [ 2,  2,  2],
        [ 3,  3,  3],
        ...,
        [ 5,  5,  5],
        [ 3,  3,  3],
        [ 2,  2,  2]],

       [[ 6,  6,  6],
        [ 6,  6,  6],
        [ 7,  7,  7],
        ...,
        [ 5,  5,  5],
        [ 4,  4,  4],
        [ 2,  2,  2]],

       [[ 6,  6,  6],
        [ 6,  6,  6],
        [ 7,  7,  7],
        ...,
        [ 6,  6,  6],
        [ 4,  4,  4],
        [ 3,  3,  3]],

       ...,

       [[11, 11, 11],
        [11, 11, 11],
        [11, 11, 11],
        ...,
        [14, 21, 24],
        [15, 20, 23],
        [ 0,  0,  2]],

       [[12, 12, 12],
        [12, 12, 12],
        [12, 12, 12],
        ...,
        [13, 20, 23],
        [13, 18, 21],
        [ 0,  0,  2]],

       [[13, 13, 13],
        [13, 13, 13],
        [13, 13, 13],
        ...,
        [26, 33, 36],
        [25, 30, 33],
        [ 0,  4,  7]]], dtype=uint8)]
2024-02-13 21:08:21.308 | INFO     | __main__:__message_verification:56 - Received a new message (b'1') from the frame_to_analyze topic.
2024-02-13 21:08:21.309 | INFO     | __main__:__analyzing_and_sending_frame:67 - Beginning to analyze the message 1
2024-02-13 21:08:21.465 | INFO     | __main__:__analyzing_and_sending_frame:70 - Sending the result of message analysis [array([[[ 2,  2,  2],
        [ 2,  2,  2],
        [ 3,  3,  3],
        ...,
        [ 5,  5,  5],
        [ 3,  3,  3],
        [ 2,  2,  2]],

       [[ 6,  6,  6],
        [ 6,  6,  6],
        [ 7,  7,  7],
        ...,
        [ 5,  5,  5],
        [ 4,  4,  4],
        [ 2,  2,  2]],

       [[ 6,  6,  6],
        [ 6,  6,  6],
        [ 7,  7,  7],
        ...,
        [ 6,  6,  6],
        [ 4,  4,  4],
        [ 3,  3,  3]],

       ...,

       [[11, 11, 11],
        [11, 11, 11],
        [11, 11, 11],
        ...,
        [14, 21, 24],
        [15, 20, 23],
        [ 0,  0,  2]],

       [[12, 12, 12],
        [12, 12, 12],
        [12, 12, 12],
        ...,
        [13, 20, 23],
        [13, 18, 21],
        [ 0,  0,  2]],

       [[13, 13, 13],
        [13, 13, 13],
        [13, 13, 13],
        ...,
        [26, 33, 36],
        [25, 30, 33],
        [ 0,  4,  7]]], dtype=uint8)]
2024-02-13 21:08:21.507 | INFO     | __main__:__message_verification:56 - Received a new message (b'1') from the frame_to_analyze topic.
2024-02-13 21:08:21.507 | INFO     | __main__:__analyzing_and_sending_frame:67 - Beginning to analyze the message 1
2024-02-13 21:08:21.652 | INFO     | __main__:__analyzing_and_sending_frame:70 - Sending the result of message analysis [array([[[ 1,  1,  1],
        [ 3,  3,  3],
        [ 7,  7,  7],
        ...,
        [ 8,  8,  8],
        [ 5,  5,  5],
        [ 3,  3,  3]],

       [[ 7,  7,  7],
        [ 8,  8,  8],
        [10, 10, 10],
        ...,
        [ 8,  8,  8],
        [ 5,  5,  5],
        [ 3,  3,  3]],

       [[ 9,  9,  9],
        [ 9,  9,  9],
        [ 9,  9,  9],
        ...,
        [ 7,  7,  7],
        [ 4,  4,  4],
        [ 2,  2,  2]],

       ...,

       [[13, 13, 13],
        [13, 13, 13],
        [13, 13, 13],
        ...,
        [14, 18, 18],
        [ 9,  9,  7],
        [ 1,  1,  0]],

       [[14, 14, 14],
        [14, 14, 14],
        [14, 14, 14],
        ...,
        [18, 22, 22],
        [15, 15, 13],
        [ 8,  8,  6]],

       [[11, 11, 11],
        [11, 11, 11],
        [11, 11, 11],
        ...,
        [23, 27, 27],
        [20, 20, 18],
        [14, 14, 12]]], dtype=uint8)]
2024-02-13 21:08:21.699 | INFO     | __main__:__message_verification:56 - Received a new message (b'1') from the frame_to_analyze topic.
2024-02-13 21:08:21.701 | INFO     | __main__:__analyzing_and_sending_frame:67 - Beginning to analyze the message 1
2024-02-13 21:08:21.840 | INFO     | __main__:__analyzing_and_sending_frame:70 - Sending the result of message analysis [array([[[ 5,  5,  5],
        [ 5,  5,  5],
        [ 6,  6,  6],
        ...,
        [11, 11, 11],
        [ 7,  7,  7],
        [ 0,  0,  0]],

       [[ 6,  6,  6],
        [ 6,  6,  6],
        [ 7,  7,  7],
        ...,
        [10, 10, 10],
        [ 7,  7,  7],
        [ 0,  0,  0]],

       [[ 8,  8,  8],
        [ 8,  8,  8],
        [ 8,  8,  8],
        ...,
        [ 9,  9,  9],
        [ 8,  8,  8],
        [ 3,  3,  3]],

       ...,

       [[10, 10, 10],
        [10, 10, 10],
        [11, 11, 11],
        ...,
        [ 7, 17, 16],
        [ 6, 15, 12],
        [ 0,  6,  3]],

       [[ 9,  9,  9],
        [ 9,  9,  9],
        [10, 10, 10],
        ...,
        [ 9, 24, 22],
        [ 4, 17, 13],
        [ 0,  5,  1]],

       [[ 7,  7,  7],
        [ 8,  8,  8],
        [ 8,  8,  8],
        ...,
        [19, 34, 32],
        [ 9, 22, 18],
        [ 0,  6,  2]]], dtype=uint8)]
2024-02-13 21:08:21.881 | INFO     | __main__:__message_verification:56 - Received a new message (b'1') from the frame_to_analyze topic.
2024-02-13 21:08:21.882 | INFO     | __main__:__analyzing_and_sending_frame:67 - Beginning to analyze the message 1
