2024-02-13 21:06:51.038 | INFO     | __main__:__create_log_file:39 - C:\Users\User\Desktop\video_server\logs\server_yolo_analys_log\runtime_server_get_vidio_2024-2-13-21-6-51.log
2024-02-13 21:06:51.040 | INFO     | __main__:start:77 - Start server_yolo_analys
2024-02-13 21:06:54.561 | INFO     | __main__:__message_verification:56 - Received a new message (b'1') from the frame_to_analyze topic.
2024-02-13 21:06:54.561 | INFO     | __main__:__analyzing_and_sending_frame:67 - Beginning to analyze the message 1
2024-02-13 21:06:54.758 | INFO     | __main__:__analyzing_and_sending_frame:71 - Sending the result of message analysis [array([[[12, 12, 12],
        [10, 10, 10],
        [ 8,  8,  8],
        ...,
        [ 4,  4,  4],
        [ 3,  3,  3],
        [ 1,  1,  1]],

       [[11, 11, 11],
        [10, 10, 10],
        [ 8,  8,  8],
        ...,
        [ 7,  7,  7],
        [ 5,  5,  5],
        [ 2,  2,  2]],

       [[10, 10, 10],
        [ 8,  8,  8],
        [ 7,  7,  7],
        ...,
        [10, 10, 10],
        [ 6,  6,  6],
        [ 1,  1,  1]],

       ...,

       [[10, 10, 10],
        [10, 10, 10],
        [11, 11, 11],
        ...,
        [ 9, 22, 20],
        [11, 21, 18],
        [ 0,  1,  0]],

       [[13, 13, 13],
        [13, 13, 13],
        [13, 13, 13],
        ...,
        [ 2, 19, 17],
        [ 5, 20, 16],
        [ 0,  2,  0]],

       [[16, 16, 16],
        [15, 15, 15],
        [14, 14, 14],
        ...,
        [15, 32, 30],
        [18, 33, 29],
        [ 0, 11,  7]]], dtype=uint8)]
2024-02-13 21:06:54.798 | INFO     | __main__:__message_verification:56 - Received a new message (b'1') from the frame_to_analyze topic.
2024-02-13 21:06:54.799 | INFO     | __main__:__analyzing_and_sending_frame:67 - Beginning to analyze the message 1
2024-02-13 21:06:54.974 | INFO     | __main__:__analyzing_and_sending_frame:71 - Sending the result of message analysis [array([[[12, 12, 12],
        [10, 10, 10],
        [ 8,  8,  8],
        ...,
        [ 4,  4,  4],
        [ 3,  3,  3],
        [ 1,  1,  1]],

       [[11, 11, 11],
        [10, 10, 10],
        [ 8,  8,  8],
        ...,
        [ 7,  7,  7],
        [ 5,  5,  5],
        [ 2,  2,  2]],

       [[10, 10, 10],
        [ 8,  8,  8],
        [ 7,  7,  7],
        ...,
        [10, 10, 10],
        [ 6,  6,  6],
        [ 1,  1,  1]],

       ...,

       [[10, 10, 10],
        [10, 10, 10],
        [11, 11, 11],
        ...,
        [ 9, 22, 20],
        [11, 21, 18],
        [ 0,  1,  0]],

       [[13, 13, 13],
        [13, 13, 13],
        [13, 13, 13],
        ...,
        [ 2, 19, 17],
        [ 5, 20, 16],
        [ 0,  2,  0]],

       [[16, 16, 16],
        [15, 15, 15],
        [14, 14, 14],
        ...,
        [15, 32, 30],
        [18, 33, 29],
        [ 0, 11,  7]]], dtype=uint8)]
2024-02-13 21:06:55.016 | INFO     | __main__:__message_verification:56 - Received a new message (b'1') from the frame_to_analyze topic.
2024-02-13 21:06:55.016 | INFO     | __main__:__analyzing_and_sending_frame:67 - Beginning to analyze the message 1
2024-02-13 21:06:55.177 | INFO     | __main__:__analyzing_and_sending_frame:71 - Sending the result of message analysis [array([[[ 1,  1,  1],
        [ 3,  3,  3],
        [ 7,  7,  7],
        ...,
        [ 7,  7,  7],
        [ 5,  5,  5],
        [ 2,  2,  2]],

       [[ 5,  5,  5],
        [ 7,  7,  7],
        [ 9,  9,  9],
        ...,
        [ 8,  8,  8],
        [ 4,  4,  4],
        [ 1,  1,  1]],

       [[ 9,  9,  9],
        [ 9,  9,  9],
        [10, 10, 10],
        ...,
        [ 9,  9,  9],
        [ 4,  4,  4],
        [ 0,  0,  0]],

       ...,

       [[10, 10, 10],
        [10, 10, 10],
        [ 9,  9,  9],
        ...,
        [11, 22, 24],
        [ 6, 14, 17],
        [ 0,  1,  4]],

       [[11, 11, 11],
        [10, 10, 10],
        [10, 10, 10],
        ...,
        [ 8, 19, 21],
        [ 3, 11, 14],
        [ 0,  0,  2]],

       [[11, 11, 11],
        [11, 11, 11],
        [10, 10, 10],
        ...,
        [20, 31, 33],
        [16, 24, 27],
        [ 4, 12, 15]]], dtype=uint8)]
2024-02-13 21:06:55.225 | INFO     | __main__:__message_verification:56 - Received a new message (b'1') from the frame_to_analyze topic.
2024-02-13 21:06:55.225 | INFO     | __main__:__analyzing_and_sending_frame:67 - Beginning to analyze the message 1
2024-02-13 21:06:55.390 | INFO     | __main__:__analyzing_and_sending_frame:71 - Sending the result of message analysis [array([[[ 1,  1,  1],
        [ 3,  3,  3],
        [ 7,  7,  7],
        ...,
        [ 7,  7,  7],
        [ 5,  5,  5],
        [ 2,  2,  2]],

       [[ 5,  5,  5],
        [ 7,  7,  7],
        [ 9,  9,  9],
        ...,
        [ 8,  8,  8],
        [ 4,  4,  4],
        [ 1,  1,  1]],

       [[ 9,  9,  9],
        [ 9,  9,  9],
        [10, 10, 10],
        ...,
        [ 9,  9,  9],
        [ 4,  4,  4],
        [ 0,  0,  0]],

       ...,

       [[10, 10, 10],
        [10, 10, 10],
        [ 9,  9,  9],
        ...,
        [11, 22, 24],
        [ 6, 14, 17],
        [ 0,  1,  4]],

       [[11, 11, 11],
        [10, 10, 10],
        [10, 10, 10],
        ...,
        [ 8, 19, 21],
        [ 3, 11, 14],
        [ 0,  0,  2]],

       [[11, 11, 11],
        [11, 11, 11],
        [10, 10, 10],
        ...,
        [20, 31, 33],
        [16, 24, 27],
        [ 4, 12, 15]]], dtype=uint8)]
2024-02-13 21:06:55.433 | INFO     | __main__:__message_verification:56 - Received a new message (b'1') from the frame_to_analyze topic.
2024-02-13 21:06:55.433 | INFO     | __main__:__analyzing_and_sending_frame:67 - Beginning to analyze the message 1
2024-02-13 21:06:55.593 | INFO     | __main__:__analyzing_and_sending_frame:71 - Sending the result of message analysis [array([[[12, 12, 12],
        [10, 10, 10],
        [ 7,  7,  7],
        ...,
        [10, 10, 10],
        [ 6,  6,  6],
        [ 2,  2,  2]],

       [[11, 11, 11],
        [10, 10, 10],
        [ 7,  7,  7],
        ...,
        [ 8,  8,  8],
        [ 3,  3,  3],
        [ 0,  0,  0]],

       [[11, 11, 11],
        [ 9,  9,  9],
        [ 8,  8,  8],
        ...,
        [ 6,  6,  6],
        [ 1,  1,  1],
        [ 0,  0,  0]],

       ...,

       [[10, 10, 10],
        [ 9,  9,  9],
        [ 8,  8,  8],
        ...,
        [11, 24, 22],
        [ 3, 13, 10],
        [ 0,  3,  0]],

       [[11, 11, 11],
        [10, 10, 10],
        [ 8,  8,  8],
        ...,
        [11, 24, 22],
        [ 3, 13, 10],
        [ 0,  2,  0]],

       [[12, 12, 12],
        [10, 10, 10],
        [ 8,  8,  8],
        ...,
        [26, 39, 37],
        [18, 28, 25],
        [ 6, 16, 13]]], dtype=uint8)]
2024-02-13 21:06:55.643 | INFO     | __main__:__message_verification:56 - Received a new message (b'1') from the frame_to_analyze topic.
2024-02-13 21:06:55.643 | INFO     | __main__:__analyzing_and_sending_frame:67 - Beginning to analyze the message 1
2024-02-13 21:06:55.797 | INFO     | __main__:__analyzing_and_sending_frame:71 - Sending the result of message analysis [array([[[11, 11, 11],
        [ 6,  6,  6],
        [ 3,  3,  3],
        ...,
        [ 6,  6,  6],
        [ 1,  1,  1],
        [ 0,  0,  0]],

       [[10, 10, 10],
        [ 7,  7,  7],
        [ 4,  4,  4],
        ...,
        [10, 10, 10],
        [ 7,  7,  7],
        [ 3,  3,  3]],

       [[ 9,  9,  9],
        [ 7,  7,  7],
        [ 5,  5,  5],
        ...,
        [14, 14, 14],
        [11, 11, 11],
        [ 8,  8,  8]],

       ...,

       [[ 7,  7,  7],
        [ 8,  8,  8],
        [ 9,  9,  9],
        ...,
        [ 4, 11, 14],
        [ 8, 13, 16],
        [ 0,  0,  2]],

       [[ 5,  5,  5],
        [ 6,  6,  6],
        [ 7,  7,  7],
        ...,
        [ 9, 16, 19],
        [10, 15, 18],
        [ 0,  0,  2]],

       [[ 3,  3,  3],
        [ 4,  4,  4],
        [ 5,  5,  5],
        ...,
        [17, 24, 27],
        [17, 22, 25],
        [ 0,  4,  7]]], dtype=uint8)]
2024-02-13 21:06:55.847 | INFO     | __main__:__message_verification:56 - Received a new message (b'1') from the frame_to_analyze topic.
2024-02-13 21:06:55.848 | INFO     | __main__:__analyzing_and_sending_frame:67 - Beginning to analyze the message 1
2024-02-13 21:06:56.007 | INFO     | __main__:__analyzing_and_sending_frame:71 - Sending the result of message analysis [array([[[11, 11, 11],
        [ 6,  6,  6],
        [ 3,  3,  3],
        ...,
        [ 6,  6,  6],
        [ 1,  1,  1],
        [ 0,  0,  0]],

       [[10, 10, 10],
        [ 7,  7,  7],
        [ 4,  4,  4],
        ...,
        [10, 10, 10],
        [ 7,  7,  7],
        [ 3,  3,  3]],

       [[ 9,  9,  9],
        [ 7,  7,  7],
        [ 5,  5,  5],
        ...,
        [14, 14, 14],
        [11, 11, 11],
        [ 8,  8,  8]],

       ...,

       [[ 7,  7,  7],
        [ 8,  8,  8],
        [ 9,  9,  9],
        ...,
        [ 4, 11, 14],
        [ 8, 13, 16],
        [ 0,  0,  2]],

       [[ 5,  5,  5],
        [ 6,  6,  6],
        [ 7,  7,  7],
        ...,
        [ 9, 16, 19],
        [10, 15, 18],
        [ 0,  0,  2]],

       [[ 3,  3,  3],
        [ 4,  4,  4],
        [ 5,  5,  5],
        ...,
        [17, 24, 27],
        [17, 22, 25],
        [ 0,  4,  7]]], dtype=uint8)]
2024-02-13 21:06:56.049 | INFO     | __main__:__message_verification:56 - Received a new message (b'1') from the frame_to_analyze topic.
2024-02-13 21:06:56.050 | INFO     | __main__:__analyzing_and_sending_frame:67 - Beginning to analyze the message 1
2024-02-13 21:06:56.196 | INFO     | __main__:__analyzing_and_sending_frame:71 - Sending the result of message analysis [array([[[ 9,  9,  9],
        [ 4,  4,  4],
        [ 9,  9,  9],
        ...,
        [ 9,  9,  9],
        [ 7,  7,  7],
        [ 6,  6,  6]],

       [[10, 10, 10],
        [ 5,  5,  5],
        [ 8,  8,  8],
        ...,
        [ 6,  6,  6],
        [ 5,  5,  5],
        [ 4,  4,  4]],

       [[12, 12, 12],
        [ 7,  7,  7],
        [ 7,  7,  7],
        ...,
        [ 5,  5,  5],
        [ 3,  3,  3],
        [ 2,  2,  2]],

       ...,

       [[ 5,  5,  5],
        [ 6,  6,  6],
        [ 7,  7,  7],
        ...,
        [ 4, 23, 20],
        [ 0, 15, 10],
        [ 0,  7,  2]],

       [[ 8,  8,  8],
        [ 8,  8,  8],
        [ 7,  7,  7],
        ...,
        [ 0, 20, 16],
        [ 0, 12,  7],
        [ 0,  5,  0]],

       [[10, 10, 10],
        [ 9,  9,  9],
        [ 6,  6,  6],
        ...,
        [ 1, 27, 23],
        [ 0, 20, 15],
        [ 0, 13,  8]]], dtype=uint8)]
2024-02-13 21:06:56.236 | INFO     | __main__:__message_verification:56 - Received a new message (b'1') from the frame_to_analyze topic.
2024-02-13 21:06:56.236 | INFO     | __main__:__analyzing_and_sending_frame:67 - Beginning to analyze the message 1
2024-02-13 21:06:56.391 | INFO     | __main__:__analyzing_and_sending_frame:71 - Sending the result of message analysis [array([[[ 9,  9,  9],
        [ 4,  4,  4],
        [ 9,  9,  9],
        ...,
        [ 9,  9,  9],
        [ 7,  7,  7],
        [ 6,  6,  6]],

       [[10, 10, 10],
        [ 5,  5,  5],
        [ 8,  8,  8],
        ...,
        [ 6,  6,  6],
        [ 5,  5,  5],
        [ 4,  4,  4]],

       [[12, 12, 12],
        [ 7,  7,  7],
        [ 7,  7,  7],
        ...,
        [ 5,  5,  5],
        [ 3,  3,  3],
        [ 2,  2,  2]],

       ...,

       [[ 5,  5,  5],
        [ 6,  6,  6],
        [ 7,  7,  7],
        ...,
        [ 4, 23, 20],
        [ 0, 15, 10],
        [ 0,  7,  2]],

       [[ 8,  8,  8],
        [ 8,  8,  8],
        [ 7,  7,  7],
        ...,
        [ 0, 20, 16],
        [ 0, 12,  7],
        [ 0,  5,  0]],

       [[10, 10, 10],
        [ 9,  9,  9],
        [ 6,  6,  6],
        ...,
        [ 1, 27, 23],
        [ 0, 20, 15],
        [ 0, 13,  8]]], dtype=uint8)]
2024-02-13 21:06:56.436 | INFO     | __main__:__message_verification:56 - Received a new message (b'1') from the frame_to_analyze topic.
2024-02-13 21:06:56.437 | INFO     | __main__:__analyzing_and_sending_frame:67 - Beginning to analyze the message 1
2024-02-13 21:06:56.577 | INFO     | __main__:__analyzing_and_sending_frame:71 - Sending the result of message analysis [array([[[ 8,  8,  8],
        [ 9,  9,  9],
        [10, 10, 10],
        ...,
        [ 8,  8,  8],
        [ 6,  6,  6],
        [ 0,  0,  0]],

       [[ 6,  6,  6],
        [ 7,  7,  7],
        [ 8,  8,  8],
        ...,
        [ 8,  8,  8],
        [ 6,  6,  6],
        [ 0,  0,  0]],

       [[ 2,  2,  2],
        [ 4,  4,  4],
        [ 5,  5,  5],
        ...,
        [ 9,  9,  9],
        [ 7,  7,  7],
        [ 0,  0,  0]],

       ...,

       [[10, 10, 10],
        [10, 10, 10],
        [ 9,  9,  9],
        ...,
        [ 9, 22, 20],
        [ 3, 13, 10],
        [ 0,  1,  0]],

       [[14, 14, 14],
        [12, 12, 12],
        [ 9,  9,  9],
        ...,
        [ 8, 21, 19],
        [ 2, 12,  9],
        [ 0,  1,  0]],

       [[17, 17, 17],
        [14, 14, 14],
        [ 9,  9,  9],
        ...,
        [22, 35, 33],
        [15, 25, 22],
        [ 2, 12,  9]]], dtype=uint8)]
2024-02-13 21:06:56.615 | INFO     | __main__:__message_verification:56 - Received a new message (b'1') from the frame_to_analyze topic.
2024-02-13 21:06:56.616 | INFO     | __main__:__analyzing_and_sending_frame:67 - Beginning to analyze the message 1
2024-02-13 21:06:56.778 | INFO     | __main__:__analyzing_and_sending_frame:71 - Sending the result of message analysis [array([[[ 8,  8,  8],
        [ 9,  9,  9],
        [10, 10, 10],
        ...,
        [ 8,  8,  8],
        [ 6,  6,  6],
        [ 0,  0,  0]],

       [[ 6,  6,  6],
        [ 7,  7,  7],
        [ 8,  8,  8],
        ...,
        [ 8,  8,  8],
        [ 6,  6,  6],
        [ 0,  0,  0]],

       [[ 2,  2,  2],
        [ 4,  4,  4],
        [ 5,  5,  5],
        ...,
        [ 9,  9,  9],
        [ 7,  7,  7],
        [ 0,  0,  0]],

       ...,

       [[10, 10, 10],
        [10, 10, 10],
        [ 9,  9,  9],
        ...,
        [ 9, 22, 20],
        [ 3, 13, 10],
        [ 0,  1,  0]],

       [[14, 14, 14],
        [12, 12, 12],
        [ 9,  9,  9],
        ...,
        [ 8, 21, 19],
        [ 2, 12,  9],
        [ 0,  1,  0]],

       [[17, 17, 17],
        [14, 14, 14],
        [ 9,  9,  9],
        ...,
        [22, 35, 33],
        [15, 25, 22],
        [ 2, 12,  9]]], dtype=uint8)]
2024-02-13 21:06:56.820 | INFO     | __main__:__message_verification:56 - Received a new message (b'1') from the frame_to_analyze topic.
2024-02-13 21:06:56.820 | INFO     | __main__:__analyzing_and_sending_frame:67 - Beginning to analyze the message 1
2024-02-13 21:06:56.967 | INFO     | __main__:__analyzing_and_sending_frame:71 - Sending the result of message analysis [array([[[ 9,  9,  9],
        [ 7,  7,  7],
        [ 6,  6,  6],
        ...,
        [14, 14, 14],
        [ 8,  8,  8],
        [ 0,  0,  0]],

       [[ 9,  9,  9],
        [ 7,  7,  7],
        [ 5,  5,  5],
        ...,
        [ 8,  8,  8],
        [ 3,  3,  3],
        [ 0,  0,  0]],

       [[ 9,  9,  9],
        [ 6,  6,  6],
        [ 5,  5,  5],
        ...,
        [ 5,  5,  5],
        [ 1,  1,  1],
        [ 0,  0,  0]],

       ...,

       [[11, 11, 11],
        [11, 11, 11],
        [10, 10, 10],
        ...,
        [15, 22, 25],
        [13, 15, 19],
        [ 0,  2,  6]],

       [[13, 13, 13],
        [12, 12, 12],
        [12, 12, 12],
        ...,
        [20, 27, 30],
        [14, 16, 20],
        [ 0,  0,  4]],

       [[14, 14, 14],
        [13, 13, 13],
        [13, 13, 13],
        ...,
        [30, 37, 40],
        [19, 21, 25],
        [ 0,  1,  5]]], dtype=uint8)]
2024-02-13 21:06:57.006 | INFO     | __main__:__message_verification:56 - Received a new message (b'1') from the frame_to_analyze topic.
2024-02-13 21:06:57.007 | INFO     | __main__:__analyzing_and_sending_frame:67 - Beginning to analyze the message 1
2024-02-13 21:06:57.163 | INFO     | __main__:__analyzing_and_sending_frame:71 - Sending the result of message analysis [array([[[ 9,  9,  9],
        [ 7,  7,  7],
        [ 6,  6,  6],
        ...,
        [14, 14, 14],
        [ 8,  8,  8],
        [ 0,  0,  0]],

       [[ 9,  9,  9],
        [ 7,  7,  7],
        [ 5,  5,  5],
        ...,
        [ 8,  8,  8],
        [ 3,  3,  3],
        [ 0,  0,  0]],

       [[ 9,  9,  9],
        [ 6,  6,  6],
        [ 5,  5,  5],
        ...,
        [ 5,  5,  5],
        [ 1,  1,  1],
        [ 0,  0,  0]],

       ...,

       [[11, 11, 11],
        [11, 11, 11],
        [10, 10, 10],
        ...,
        [15, 22, 25],
        [13, 15, 19],
        [ 0,  2,  6]],

       [[13, 13, 13],
        [12, 12, 12],
        [12, 12, 12],
        ...,
        [20, 27, 30],
        [14, 16, 20],
        [ 0,  0,  4]],

       [[14, 14, 14],
        [13, 13, 13],
        [13, 13, 13],
        ...,
        [30, 37, 40],
        [19, 21, 25],
        [ 0,  1,  5]]], dtype=uint8)]
2024-02-13 21:06:57.203 | INFO     | __main__:__message_verification:56 - Received a new message (b'1') from the frame_to_analyze topic.
2024-02-13 21:06:57.204 | INFO     | __main__:__analyzing_and_sending_frame:67 - Beginning to analyze the message 1
2024-02-13 21:06:57.345 | INFO     | __main__:__analyzing_and_sending_frame:71 - Sending the result of message analysis [array([[[ 9,  9,  9],
        [10, 10, 10],
        [12, 12, 12],
        ...,
        [12, 12, 12],
        [ 7,  7,  7],
        [ 0,  0,  0]],

       [[ 9,  9,  9],
        [10, 10, 10],
        [11, 11, 11],
        ...,
        [12, 12, 12],
        [ 8,  8,  8],
        [ 0,  0,  0]],

       [[ 8,  8,  8],
        [ 9,  9,  9],
        [10, 10, 10],
        ...,
        [13, 13, 13],
        [ 8,  8,  8],
        [ 0,  0,  0]],

       ...,

       [[14, 14, 14],
        [17, 17, 17],
        [19, 19, 19],
        ...,
        [ 5, 12, 15],
        [ 3,  8, 11],
        [ 0,  4,  7]],

       [[ 8,  8,  8],
        [12, 12, 12],
        [15, 15, 15],
        ...,
        [ 3, 10, 13],
        [ 0,  4,  7],
        [ 0,  0,  2]],

       [[ 2,  2,  2],
        [ 6,  6,  6],
        [10, 10, 10],
        ...,
        [18, 25, 28],
        [ 9, 14, 17],
        [ 1,  6,  9]]], dtype=uint8)]
2024-02-13 21:06:57.386 | INFO     | __main__:__message_verification:56 - Received a new message (b'1') from the frame_to_analyze topic.
2024-02-13 21:06:57.386 | INFO     | __main__:__analyzing_and_sending_frame:67 - Beginning to analyze the message 1
2024-02-13 21:06:57.542 | INFO     | __main__:__analyzing_and_sending_frame:71 - Sending the result of message analysis [array([[[ 9,  9,  9],
        [10, 10, 10],
        [12, 12, 12],
        ...,
        [12, 12, 12],
        [ 7,  7,  7],
        [ 0,  0,  0]],

       [[ 9,  9,  9],
        [10, 10, 10],
        [11, 11, 11],
        ...,
        [12, 12, 12],
        [ 8,  8,  8],
        [ 0,  0,  0]],

       [[ 8,  8,  8],
        [ 9,  9,  9],
        [10, 10, 10],
        ...,
        [13, 13, 13],
        [ 8,  8,  8],
        [ 0,  0,  0]],

       ...,

       [[14, 14, 14],
        [17, 17, 17],
        [19, 19, 19],
        ...,
        [ 5, 12, 15],
        [ 3,  8, 11],
        [ 0,  4,  7]],

       [[ 8,  8,  8],
        [12, 12, 12],
        [15, 15, 15],
        ...,
        [ 3, 10, 13],
        [ 0,  4,  7],
        [ 0,  0,  2]],

       [[ 2,  2,  2],
        [ 6,  6,  6],
        [10, 10, 10],
        ...,
        [18, 25, 28],
        [ 9, 14, 17],
        [ 1,  6,  9]]], dtype=uint8)]
2024-02-13 21:06:57.582 | INFO     | __main__:__message_verification:56 - Received a new message (b'1') from the frame_to_analyze topic.
2024-02-13 21:06:57.583 | INFO     | __main__:__analyzing_and_sending_frame:67 - Beginning to analyze the message 1
2024-02-13 21:06:57.621 | INFO     | __main__:__end_work:44 - End work get_vidio_server
